01-Dec-2024 18:46:32.641 INFO [main] org.apache.catalina.core.ApplicationContext.log ContextListener: contextInitialized()
01-Dec-2024 18:46:32.641 INFO [main] org.apache.catalina.core.ApplicationContext.log SessionListener: contextInitialized()
01-Dec-2024 18:46:32.644 INFO [main] org.apache.catalina.core.ApplicationContext.log ContextListener: attributeAdded('StockTicker', 'async.Stockticker@6e9319f')
01-Dec-2024 18:46:38.626 SEVERE [http-nio-8080-exec-2] org.apache.catalina.core.StandardWrapperValve.invoke El Servlet.service() para el servlet [jsp] en el contexto con ruta [/mavenproject1] lanzó la excepción [No se puede compilar la clase para JSP: 

Ha tenido lugar un error en la línea: [18] en el fichero java generado: [C:\Users\tobar\OneDrive\Escritorio\Proyecto\apache-tomcat-11.0.1\work\Catalina\localhost\mavenproject1\org\apache\jsp\index_jsp.java]
Only a type can be imported. logica.Carrito resolves to a package

Ha tenido lugar un error en la línea: [17] en el archivo jsp: [/componentes/header.jsp]
Carrito cannot be resolved to a type
14:         role = currentUser.getRole();
15:     }
16: 
17:     Carrito carrito = (Carrito) session.getAttribute("carrito");
18:     double total = 0;
19:     if (carrito != null) {
20:         for (Map.Entry<Ropa, Integer> entry : carrito.getRopas().entrySet()) {


Ha tenido lugar un error en la línea: [17] en el archivo jsp: [/componentes/header.jsp]
Carrito cannot be resolved to a type
14:         role = currentUser.getRole();
15:     }
16: 
17:     Carrito carrito = (Carrito) session.getAttribute("carrito");
18:     double total = 0;
19:     if (carrito != null) {
20:         for (Map.Entry<Ropa, Integer> entry : carrito.getRopas().entrySet()) {


Stacktrace:] con causa raíz
	org.apache.jasper.JasperException: No se puede compilar la clase para JSP: 

Ha tenido lugar un error en la línea: [18] en el fichero java generado: [C:\Users\tobar\OneDrive\Escritorio\Proyecto\apache-tomcat-11.0.1\work\Catalina\localhost\mavenproject1\org\apache\jsp\index_jsp.java]
Only a type can be imported. logica.Carrito resolves to a package

Ha tenido lugar un error en la línea: [17] en el archivo jsp: [/componentes/header.jsp]
Carrito cannot be resolved to a type
14:         role = currentUser.getRole();
15:     }
16: 
17:     Carrito carrito = (Carrito) session.getAttribute("carrito");
18:     double total = 0;
19:     if (carrito != null) {
20:         for (Map.Entry<Ropa, Integer> entry : carrito.getRopas().entrySet()) {


Ha tenido lugar un error en la línea: [17] en el archivo jsp: [/componentes/header.jsp]
Carrito cannot be resolved to a type
14:         role = currentUser.getRole();
15:     }
16: 
17:     Carrito carrito = (Carrito) session.getAttribute("carrito");
18:     double total = 0;
19:     if (carrito != null) {
20:         for (Map.Entry<Ropa, Integer> entry : carrito.getRopas().entrySet()) {


Stacktrace:
		at org.apache.jasper.compiler.DefaultErrorHandler.javacError(DefaultErrorHandler.java:81)
		at org.apache.jasper.compiler.ErrorDispatcher.javacError(ErrorDispatcher.java:214)
		at org.apache.jasper.compiler.JDTCompiler.generateClass(JDTCompiler.java:525)
		at org.apache.jasper.compiler.Compiler.compile(Compiler.java:402)
		at org.apache.jasper.compiler.Compiler.compile(Compiler.java:372)
		at org.apache.jasper.compiler.Compiler.compile(Compiler.java:356)
		at org.apache.jasper.JspCompilationContext.compile(JspCompilationContext.java:602)
		at org.apache.jasper.servlet.JspServletWrapper.service(JspServletWrapper.java:396)
		at org.apache.jasper.servlet.JspServlet.serviceJspFile(JspServlet.java:354)
		at org.apache.jasper.servlet.JspServlet.service(JspServlet.java:302)
		at jakarta.servlet.http.HttpServlet.service(HttpServlet.java:716)
		at org.apache.catalina.core.ApplicationFilterChain.doFilter(ApplicationFilterChain.java:130)
		at org.apache.tomcat.websocket.server.WsFilter.doFilter(WsFilter.java:51)
		at org.apache.catalina.core.ApplicationFilterChain.doFilter(ApplicationFilterChain.java:109)
		at org.apache.catalina.core.StandardWrapperValve.invoke(StandardWrapperValve.java:167)
		at org.apache.catalina.core.StandardContextValve.invoke(StandardContextValve.java:79)
		at org.apache.catalina.authenticator.AuthenticatorBase.invoke(AuthenticatorBase.java:483)
		at org.apache.catalina.core.StandardHostValve.invoke(StandardHostValve.java:115)
		at org.apache.catalina.valves.ErrorReportValve.invoke(ErrorReportValve.java:93)
		at org.apache.catalina.valves.AbstractAccessLogValve.invoke(AbstractAccessLogValve.java:663)
		at org.apache.catalina.core.StandardEngineValve.invoke(StandardEngineValve.java:74)
		at org.apache.catalina.connector.CoyoteAdapter.service(CoyoteAdapter.java:342)
		at org.apache.coyote.http11.Http11Processor.service(Http11Processor.java:395)
		at org.apache.coyote.AbstractProcessorLight.process(AbstractProcessorLight.java:63)
		at org.apache.coyote.AbstractProtocol$ConnectionHandler.process(AbstractProtocol.java:905)
		at org.apache.tomcat.util.net.NioEndpoint$SocketProcessor.doRun(NioEndpoint.java:1746)
		at org.apache.tomcat.util.net.SocketProcessorBase.run(SocketProcessorBase.java:52)
		at org.apache.tomcat.util.threads.ThreadPoolExecutor.runWorker(ThreadPoolExecutor.java:1148)
		at org.apache.tomcat.util.threads.ThreadPoolExecutor$Worker.run(ThreadPoolExecutor.java:636)
		at org.apache.tomcat.util.threads.TaskThread$WrappingRunnable.run(TaskThread.java:63)
		at java.base/java.lang.Thread.run(Thread.java:1575)
01-Dec-2024 18:48:21.333 SEVERE [http-nio-8080-exec-20] org.apache.catalina.core.StandardWrapperValve.invoke El Servlet.service() para el servlet [jsp] en el contexto con ruta [/mavenproject1] lanzó la excepción [No se puede compilar la clase para JSP: 

Ha tenido lugar un error en la línea: [51] en el archivo jsp: [/componentes/header.jsp]
p cannot be resolved to a type
48:         <div class="cart-content">
49:             <h2>Tu Carrito</h2>
50:             <% 
51:                 <p>Tu carrito está vacío.</p>
52:             %>
53:             <button onclick="window.location.href='venta.jsp'">Ir a Comprar</button>
54:             <button id="cerrarCarrito" onclick="toggleCart()">Cerrar</button>


Ha tenido lugar un error en la línea: [51] en el archivo jsp: [/componentes/header.jsp]
Syntax error, insert "super ( ) ;" to complete Statement
48:         <div class="cart-content">
49:             <h2>Tu Carrito</h2>
50:             <% 
51:                 <p>Tu carrito está vacío.</p>
52:             %>
53:             <button onclick="window.location.href='venta.jsp'">Ir a Comprar</button>
54:             <button id="cerrarCarrito" onclick="toggleCart()">Cerrar</button>


Ha tenido lugar un error en la línea: [51] en el archivo jsp: [/componentes/header.jsp]
Constructor call must be the first statement in a constructor
48:         <div class="cart-content">
49:             <h2>Tu Carrito</h2>
50:             <% 
51:                 <p>Tu carrito está vacío.</p>
52:             %>
53:             <button onclick="window.location.href='venta.jsp'">Ir a Comprar</button>
54:             <button id="cerrarCarrito" onclick="toggleCart()">Cerrar</button>


Ha tenido lugar un error en la línea: [51] en el archivo jsp: [/componentes/header.jsp]
Tu cannot be resolved to a type
48:         <div class="cart-content">
49:             <h2>Tu Carrito</h2>
50:             <% 
51:                 <p>Tu carrito está vacío.</p>
52:             %>
53:             <button onclick="window.location.href='venta.jsp'">Ir a Comprar</button>
54:             <button id="cerrarCarrito" onclick="toggleCart()">Cerrar</button>


Ha tenido lugar un error en la línea: [51] en el archivo jsp: [/componentes/header.jsp]
Syntax error on token "está", ; expected
48:         <div class="cart-content">
49:             <h2>Tu Carrito</h2>
50:             <% 
51:                 <p>Tu carrito está vacío.</p>
52:             %>
53:             <button onclick="window.location.href='venta.jsp'">Ir a Comprar</button>
54:             <button id="cerrarCarrito" onclick="toggleCart()">Cerrar</button>


Ha tenido lugar un error en la línea: [51] en el archivo jsp: [/componentes/header.jsp]
vacío cannot be resolved
48:         <div class="cart-content">
49:             <h2>Tu Carrito</h2>
50:             <% 
51:                 <p>Tu carrito está vacío.</p>
52:             %>
53:             <button onclick="window.location.href='venta.jsp'">Ir a Comprar</button>
54:             <button id="cerrarCarrito" onclick="toggleCart()">Cerrar</button>


Ha tenido lugar un error en la línea: [51] en el archivo jsp: [/componentes/header.jsp]
Syntax error on token "/", delete this token
48:         <div class="cart-content">
49:             <h2>Tu Carrito</h2>
50:             <% 
51:                 <p>Tu carrito está vacío.</p>
52:             %>
53:             <button onclick="window.location.href='venta.jsp'">Ir a Comprar</button>
54:             <button id="cerrarCarrito" onclick="toggleCart()">Cerrar</button>


Ha tenido lugar un error en la línea: [51] en el archivo jsp: [/componentes/header.jsp]
p cannot be resolved to a type
48:         <div class="cart-content">
49:             <h2>Tu Carrito</h2>
50:             <% 
51:                 <p>Tu carrito está vacío.</p>
52:             %>
53:             <button onclick="window.location.href='venta.jsp'">Ir a Comprar</button>
54:             <button id="cerrarCarrito" onclick="toggleCart()">Cerrar</button>


Ha tenido lugar un error en la línea: [51] en el archivo jsp: [/componentes/header.jsp]
Syntax error, insert "Identifier ( )" to complete MethodInvocation
48:         <div class="cart-content">
49:             <h2>Tu Carrito</h2>
50:             <% 
51:                 <p>Tu carrito está vacío.</p>
52:             %>
53:             <button onclick="window.location.href='venta.jsp'">Ir a Comprar</button>
54:             <button id="cerrarCarrito" onclick="toggleCart()">Cerrar</button>


Ha tenido lugar un error en la línea: [51] en el archivo jsp: [/componentes/header.jsp]
Syntax error, insert ";" to complete Statement
48:         <div class="cart-content">
49:             <h2>Tu Carrito</h2>
50:             <% 
51:                 <p>Tu carrito está vacío.</p>
52:             %>
53:             <button onclick="window.location.href='venta.jsp'">Ir a Comprar</button>
54:             <button id="cerrarCarrito" onclick="toggleCart()">Cerrar</button>


Stacktrace:] con causa raíz
	org.apache.jasper.JasperException: No se puede compilar la clase para JSP: 

Ha tenido lugar un error en la línea: [51] en el archivo jsp: [/componentes/header.jsp]
p cannot be resolved to a type
48:         <div class="cart-content">
49:             <h2>Tu Carrito</h2>
50:             <% 
51:                 <p>Tu carrito está vacío.</p>
52:             %>
53:             <button onclick="window.location.href='venta.jsp'">Ir a Comprar</button>
54:             <button id="cerrarCarrito" onclick="toggleCart()">Cerrar</button>


Ha tenido lugar un error en la línea: [51] en el archivo jsp: [/componentes/header.jsp]
Syntax error, insert "super ( ) ;" to complete Statement
48:         <div class="cart-content">
49:             <h2>Tu Carrito</h2>
50:             <% 
51:                 <p>Tu carrito está vacío.</p>
52:             %>
53:             <button onclick="window.location.href='venta.jsp'">Ir a Comprar</button>
54:             <button id="cerrarCarrito" onclick="toggleCart()">Cerrar</button>


Ha tenido lugar un error en la línea: [51] en el archivo jsp: [/componentes/header.jsp]
Constructor call must be the first statement in a constructor
48:         <div class="cart-content">
49:             <h2>Tu Carrito</h2>
50:             <% 
51:                 <p>Tu carrito está vacío.</p>
52:             %>
53:             <button onclick="window.location.href='venta.jsp'">Ir a Comprar</button>
54:             <button id="cerrarCarrito" onclick="toggleCart()">Cerrar</button>


Ha tenido lugar un error en la línea: [51] en el archivo jsp: [/componentes/header.jsp]
Tu cannot be resolved to a type
48:         <div class="cart-content">
49:             <h2>Tu Carrito</h2>
50:             <% 
51:                 <p>Tu carrito está vacío.</p>
52:             %>
53:             <button onclick="window.location.href='venta.jsp'">Ir a Comprar</button>
54:             <button id="cerrarCarrito" onclick="toggleCart()">Cerrar</button>


Ha tenido lugar un error en la línea: [51] en el archivo jsp: [/componentes/header.jsp]
Syntax error on token "está", ; expected
48:         <div class="cart-content">
49:             <h2>Tu Carrito</h2>
50:             <% 
51:                 <p>Tu carrito está vacío.</p>
52:             %>
53:             <button onclick="window.location.href='venta.jsp'">Ir a Comprar</button>
54:             <button id="cerrarCarrito" onclick="toggleCart()">Cerrar</button>


Ha tenido lugar un error en la línea: [51] en el archivo jsp: [/componentes/header.jsp]
vacío cannot be resolved
48:         <div class="cart-content">
49:             <h2>Tu Carrito</h2>
50:             <% 
51:                 <p>Tu carrito está vacío.</p>
52:             %>
53:             <button onclick="window.location.href='venta.jsp'">Ir a Comprar</button>
54:             <button id="cerrarCarrito" onclick="toggleCart()">Cerrar</button>


Ha tenido lugar un error en la línea: [51] en el archivo jsp: [/componentes/header.jsp]
Syntax error on token "/", delete this token
48:         <div class="cart-content">
49:             <h2>Tu Carrito</h2>
50:             <% 
51:                 <p>Tu carrito está vacío.</p>
52:             %>
53:             <button onclick="window.location.href='venta.jsp'">Ir a Comprar</button>
54:             <button id="cerrarCarrito" onclick="toggleCart()">Cerrar</button>


Ha tenido lugar un error en la línea: [51] en el archivo jsp: [/componentes/header.jsp]
p cannot be resolved to a type
48:         <div class="cart-content">
49:             <h2>Tu Carrito</h2>
50:             <% 
51:                 <p>Tu carrito está vacío.</p>
52:             %>
53:             <button onclick="window.location.href='venta.jsp'">Ir a Comprar</button>
54:             <button id="cerrarCarrito" onclick="toggleCart()">Cerrar</button>


Ha tenido lugar un error en la línea: [51] en el archivo jsp: [/componentes/header.jsp]
Syntax error, insert "Identifier ( )" to complete MethodInvocation
48:         <div class="cart-content">
49:             <h2>Tu Carrito</h2>
50:             <% 
51:                 <p>Tu carrito está vacío.</p>
52:             %>
53:             <button onclick="window.location.href='venta.jsp'">Ir a Comprar</button>
54:             <button id="cerrarCarrito" onclick="toggleCart()">Cerrar</button>


Ha tenido lugar un error en la línea: [51] en el archivo jsp: [/componentes/header.jsp]
Syntax error, insert ";" to complete Statement
48:         <div class="cart-content">
49:             <h2>Tu Carrito</h2>
50:             <% 
51:                 <p>Tu carrito está vacío.</p>
52:             %>
53:             <button onclick="window.location.href='venta.jsp'">Ir a Comprar</button>
54:             <button id="cerrarCarrito" onclick="toggleCart()">Cerrar</button>


Stacktrace:
		at org.apache.jasper.compiler.DefaultErrorHandler.javacError(DefaultErrorHandler.java:81)
		at org.apache.jasper.compiler.ErrorDispatcher.javacError(ErrorDispatcher.java:214)
		at org.apache.jasper.compiler.JDTCompiler.generateClass(JDTCompiler.java:525)
		at org.apache.jasper.compiler.Compiler.compile(Compiler.java:402)
		at org.apache.jasper.compiler.Compiler.compile(Compiler.java:372)
		at org.apache.jasper.compiler.Compiler.compile(Compiler.java:356)
		at org.apache.jasper.JspCompilationContext.compile(JspCompilationContext.java:602)
		at org.apache.jasper.servlet.JspServletWrapper.service(JspServletWrapper.java:396)
		at org.apache.jasper.servlet.JspServlet.serviceJspFile(JspServlet.java:354)
		at org.apache.jasper.servlet.JspServlet.service(JspServlet.java:302)
		at jakarta.servlet.http.HttpServlet.service(HttpServlet.java:716)
		at org.apache.catalina.core.ApplicationFilterChain.doFilter(ApplicationFilterChain.java:130)
		at org.apache.tomcat.websocket.server.WsFilter.doFilter(WsFilter.java:51)
		at org.apache.catalina.core.ApplicationFilterChain.doFilter(ApplicationFilterChain.java:109)
		at org.apache.catalina.core.StandardWrapperValve.invoke(StandardWrapperValve.java:167)
		at org.apache.catalina.core.StandardContextValve.invoke(StandardContextValve.java:79)
		at org.apache.catalina.authenticator.AuthenticatorBase.invoke(AuthenticatorBase.java:483)
		at org.apache.catalina.core.StandardHostValve.invoke(StandardHostValve.java:115)
		at org.apache.catalina.valves.ErrorReportValve.invoke(ErrorReportValve.java:93)
		at org.apache.catalina.valves.AbstractAccessLogValve.invoke(AbstractAccessLogValve.java:663)
		at org.apache.catalina.core.StandardEngineValve.invoke(StandardEngineValve.java:74)
		at org.apache.catalina.connector.CoyoteAdapter.service(CoyoteAdapter.java:342)
		at org.apache.coyote.http11.Http11Processor.service(Http11Processor.java:395)
		at org.apache.coyote.AbstractProcessorLight.process(AbstractProcessorLight.java:63)
		at org.apache.coyote.AbstractProtocol$ConnectionHandler.process(AbstractProtocol.java:905)
		at org.apache.tomcat.util.net.NioEndpoint$SocketProcessor.doRun(NioEndpoint.java:1746)
		at org.apache.tomcat.util.net.SocketProcessorBase.run(SocketProcessorBase.java:52)
		at org.apache.tomcat.util.threads.ThreadPoolExecutor.runWorker(ThreadPoolExecutor.java:1148)
		at org.apache.tomcat.util.threads.ThreadPoolExecutor$Worker.run(ThreadPoolExecutor.java:636)
		at org.apache.tomcat.util.threads.TaskThread$WrappingRunnable.run(TaskThread.java:63)
		at java.base/java.lang.Thread.run(Thread.java:1575)
01-Dec-2024 18:48:41.038 SEVERE [http-nio-8080-exec-20] org.apache.catalina.core.StandardWrapperValve.invoke El Servlet.service() para el servlet [jsp] en el contexto con ruta [/mavenproject1] lanzó la excepción [No se puede compilar la clase para JSP: 

Ha tenido lugar un error en la línea: [51] en el archivo jsp: [/componentes/header.jsp]
p cannot be resolved to a type
48:         <div class="cart-content">
49:             <h2>Tu Carrito</h2>
50:             <% 
51:                 <p>Tu carrito está vacío.</p>
52:             <% } %>
53:             <button onclick="window.location.href='venta.jsp'">Ir a Comprar</button>
54:             <button id="cerrarCarrito" onclick="toggleCart()">Cerrar</button>


Ha tenido lugar un error en la línea: [51] en el archivo jsp: [/componentes/header.jsp]
Syntax error, insert "super ( ) ;" to complete Statement
48:         <div class="cart-content">
49:             <h2>Tu Carrito</h2>
50:             <% 
51:                 <p>Tu carrito está vacío.</p>
52:             <% } %>
53:             <button onclick="window.location.href='venta.jsp'">Ir a Comprar</button>
54:             <button id="cerrarCarrito" onclick="toggleCart()">Cerrar</button>


Ha tenido lugar un error en la línea: [51] en el archivo jsp: [/componentes/header.jsp]
Constructor call must be the first statement in a constructor
48:         <div class="cart-content">
49:             <h2>Tu Carrito</h2>
50:             <% 
51:                 <p>Tu carrito está vacío.</p>
52:             <% } %>
53:             <button onclick="window.location.href='venta.jsp'">Ir a Comprar</button>
54:             <button id="cerrarCarrito" onclick="toggleCart()">Cerrar</button>


Ha tenido lugar un error en la línea: [51] en el archivo jsp: [/componentes/header.jsp]
Tu cannot be resolved to a type
48:         <div class="cart-content">
49:             <h2>Tu Carrito</h2>
50:             <% 
51:                 <p>Tu carrito está vacío.</p>
52:             <% } %>
53:             <button onclick="window.location.href='venta.jsp'">Ir a Comprar</button>
54:             <button id="cerrarCarrito" onclick="toggleCart()">Cerrar</button>


Ha tenido lugar un error en la línea: [51] en el archivo jsp: [/componentes/header.jsp]
Syntax error on token "está", ; expected
48:         <div class="cart-content">
49:             <h2>Tu Carrito</h2>
50:             <% 
51:                 <p>Tu carrito está vacío.</p>
52:             <% } %>
53:             <button onclick="window.location.href='venta.jsp'">Ir a Comprar</button>
54:             <button id="cerrarCarrito" onclick="toggleCart()">Cerrar</button>


Ha tenido lugar un error en la línea: [51] en el archivo jsp: [/componentes/header.jsp]
vacío.out cannot be resolved to a type
48:         <div class="cart-content">
49:             <h2>Tu Carrito</h2>
50:             <% 
51:                 <p>Tu carrito está vacío.</p>
52:             <% } %>
53:             <button onclick="window.location.href='venta.jsp'">Ir a Comprar</button>
54:             <button id="cerrarCarrito" onclick="toggleCart()">Cerrar</button>


Ha tenido lugar un error en la línea: [51] en el archivo jsp: [/componentes/header.jsp]
Syntax error on tokens, delete these tokens
48:         <div class="cart-content">
49:             <h2>Tu Carrito</h2>
50:             <% 
51:                 <p>Tu carrito está vacío.</p>
52:             <% } %>
53:             <button onclick="window.location.href='venta.jsp'">Ir a Comprar</button>
54:             <button id="cerrarCarrito" onclick="toggleCart()">Cerrar</button>


Ha tenido lugar un error en la línea: [51] en el archivo jsp: [/componentes/header.jsp]
Syntax error on token "/", delete this token
48:         <div class="cart-content">
49:             <h2>Tu Carrito</h2>
50:             <% 
51:                 <p>Tu carrito está vacío.</p>
52:             <% } %>
53:             <button onclick="window.location.href='venta.jsp'">Ir a Comprar</button>
54:             <button id="cerrarCarrito" onclick="toggleCart()">Cerrar</button>


Ha tenido lugar un error en la línea: [52] en el archivo jsp: [/index.jsp]
Syntax error, insert "}" to complete Block
49: </section>
50: <div class="clearfix"></div>
51: <%@ include file="/componentes/footer.jsp" %>
52: <%@ include file="/componentes/footerContent.jsp" %>
53: 


Ha tenido lugar un error en la línea: [52] en el archivo jsp: [/index.jsp]
Syntax error, insert "Finally" to complete TryStatement
49: </section>
50: <div class="clearfix"></div>
51: <%@ include file="/componentes/footer.jsp" %>
52: <%@ include file="/componentes/footerContent.jsp" %>
53: 


Ha tenido lugar un error en la línea: [316] en el fichero java generado: [C:\Users\tobar\OneDrive\Escritorio\Proyecto\apache-tomcat-11.0.1\work\Catalina\localhost\mavenproject1\org\apache\jsp\index_jsp.java]
Syntax error on token "catch", Identifier expected

Ha tenido lugar un error en la línea: [318] en el fichero java generado: [C:\Users\tobar\OneDrive\Escritorio\Proyecto\apache-tomcat-11.0.1\work\Catalina\localhost\mavenproject1\org\apache\jsp\index_jsp.java]
out cannot be resolved to a variable

Ha tenido lugar un error en la línea: [318] en el fichero java generado: [C:\Users\tobar\OneDrive\Escritorio\Proyecto\apache-tomcat-11.0.1\work\Catalina\localhost\mavenproject1\org\apache\jsp\index_jsp.java]
_jspx_out cannot be resolved to a variable

Ha tenido lugar un error en la línea: [319] en el fichero java generado: [C:\Users\tobar\OneDrive\Escritorio\Proyecto\apache-tomcat-11.0.1\work\Catalina\localhost\mavenproject1\org\apache\jsp\index_jsp.java]
out cannot be resolved to a variable

Ha tenido lugar un error en la línea: [319] en el fichero java generado: [C:\Users\tobar\OneDrive\Escritorio\Proyecto\apache-tomcat-11.0.1\work\Catalina\localhost\mavenproject1\org\apache\jsp\index_jsp.java]
out cannot be resolved

Ha tenido lugar un error en la línea: [321] en el fichero java generado: [C:\Users\tobar\OneDrive\Escritorio\Proyecto\apache-tomcat-11.0.1\work\Catalina\localhost\mavenproject1\org\apache\jsp\index_jsp.java]
response cannot be resolved

Ha tenido lugar un error en la línea: [322] en el fichero java generado: [C:\Users\tobar\OneDrive\Escritorio\Proyecto\apache-tomcat-11.0.1\work\Catalina\localhost\mavenproject1\org\apache\jsp\index_jsp.java]
out cannot be resolved

Ha tenido lugar un error en la línea: [324] en el fichero java generado: [C:\Users\tobar\OneDrive\Escritorio\Proyecto\apache-tomcat-11.0.1\work\Catalina\localhost\mavenproject1\org\apache\jsp\index_jsp.java]
out cannot be resolved

Ha tenido lugar un error en la línea: [327] en el fichero java generado: [C:\Users\tobar\OneDrive\Escritorio\Proyecto\apache-tomcat-11.0.1\work\Catalina\localhost\mavenproject1\org\apache\jsp\index_jsp.java]
_jspx_page_context cannot be resolved to a variable

Ha tenido lugar un error en la línea: [327] en el fichero java generado: [C:\Users\tobar\OneDrive\Escritorio\Proyecto\apache-tomcat-11.0.1\work\Catalina\localhost\mavenproject1\org\apache\jsp\index_jsp.java]
_jspx_page_context cannot be resolved

Ha tenido lugar un error en la línea: [330] en el fichero java generado: [C:\Users\tobar\OneDrive\Escritorio\Proyecto\apache-tomcat-11.0.1\work\Catalina\localhost\mavenproject1\org\apache\jsp\index_jsp.java]
Syntax error on token "finally", { expected

Ha tenido lugar un error en la línea: [331] en el fichero java generado: [C:\Users\tobar\OneDrive\Escritorio\Proyecto\apache-tomcat-11.0.1\work\Catalina\localhost\mavenproject1\org\apache\jsp\index_jsp.java]
_jspx_page_context cannot be resolved to a variable

Stacktrace:] con causa raíz
	org.apache.jasper.JasperException: No se puede compilar la clase para JSP: 

Ha tenido lugar un error en la línea: [51] en el archivo jsp: [/componentes/header.jsp]
p cannot be resolved to a type
48:         <div class="cart-content">
49:             <h2>Tu Carrito</h2>
50:             <% 
51:                 <p>Tu carrito está vacío.</p>
52:             <% } %>
53:             <button onclick="window.location.href='venta.jsp'">Ir a Comprar</button>
54:             <button id="cerrarCarrito" onclick="toggleCart()">Cerrar</button>


Ha tenido lugar un error en la línea: [51] en el archivo jsp: [/componentes/header.jsp]
Syntax error, insert "super ( ) ;" to complete Statement
48:         <div class="cart-content">
49:             <h2>Tu Carrito</h2>
50:             <% 
51:                 <p>Tu carrito está vacío.</p>
52:             <% } %>
53:             <button onclick="window.location.href='venta.jsp'">Ir a Comprar</button>
54:             <button id="cerrarCarrito" onclick="toggleCart()">Cerrar</button>


Ha tenido lugar un error en la línea: [51] en el archivo jsp: [/componentes/header.jsp]
Constructor call must be the first statement in a constructor
48:         <div class="cart-content">
49:             <h2>Tu Carrito</h2>
50:             <% 
51:                 <p>Tu carrito está vacío.</p>
52:             <% } %>
53:             <button onclick="window.location.href='venta.jsp'">Ir a Comprar</button>
54:             <button id="cerrarCarrito" onclick="toggleCart()">Cerrar</button>


Ha tenido lugar un error en la línea: [51] en el archivo jsp: [/componentes/header.jsp]
Tu cannot be resolved to a type
48:         <div class="cart-content">
49:             <h2>Tu Carrito</h2>
50:             <% 
51:                 <p>Tu carrito está vacío.</p>
52:             <% } %>
53:             <button onclick="window.location.href='venta.jsp'">Ir a Comprar</button>
54:             <button id="cerrarCarrito" onclick="toggleCart()">Cerrar</button>


Ha tenido lugar un error en la línea: [51] en el archivo jsp: [/componentes/header.jsp]
Syntax error on token "está", ; expected
48:         <div class="cart-content">
49:             <h2>Tu Carrito</h2>
50:             <% 
51:                 <p>Tu carrito está vacío.</p>
52:             <% } %>
53:             <button onclick="window.location.href='venta.jsp'">Ir a Comprar</button>
54:             <button id="cerrarCarrito" onclick="toggleCart()">Cerrar</button>


Ha tenido lugar un error en la línea: [51] en el archivo jsp: [/componentes/header.jsp]
vacío.out cannot be resolved to a type
48:         <div class="cart-content">
49:             <h2>Tu Carrito</h2>
50:             <% 
51:                 <p>Tu carrito está vacío.</p>
52:             <% } %>
53:             <button onclick="window.location.href='venta.jsp'">Ir a Comprar</button>
54:             <button id="cerrarCarrito" onclick="toggleCart()">Cerrar</button>


Ha tenido lugar un error en la línea: [51] en el archivo jsp: [/componentes/header.jsp]
Syntax error on tokens, delete these tokens
48:         <div class="cart-content">
49:             <h2>Tu Carrito</h2>
50:             <% 
51:                 <p>Tu carrito está vacío.</p>
52:             <% } %>
53:             <button onclick="window.location.href='venta.jsp'">Ir a Comprar</button>
54:             <button id="cerrarCarrito" onclick="toggleCart()">Cerrar</button>


Ha tenido lugar un error en la línea: [51] en el archivo jsp: [/componentes/header.jsp]
Syntax error on token "/", delete this token
48:         <div class="cart-content">
49:             <h2>Tu Carrito</h2>
50:             <% 
51:                 <p>Tu carrito está vacío.</p>
52:             <% } %>
53:             <button onclick="window.location.href='venta.jsp'">Ir a Comprar</button>
54:             <button id="cerrarCarrito" onclick="toggleCart()">Cerrar</button>


Ha tenido lugar un error en la línea: [52] en el archivo jsp: [/index.jsp]
Syntax error, insert "}" to complete Block
49: </section>
50: <div class="clearfix"></div>
51: <%@ include file="/componentes/footer.jsp" %>
52: <%@ include file="/componentes/footerContent.jsp" %>
53: 


Ha tenido lugar un error en la línea: [52] en el archivo jsp: [/index.jsp]
Syntax error, insert "Finally" to complete TryStatement
49: </section>
50: <div class="clearfix"></div>
51: <%@ include file="/componentes/footer.jsp" %>
52: <%@ include file="/componentes/footerContent.jsp" %>
53: 


Ha tenido lugar un error en la línea: [316] en el fichero java generado: [C:\Users\tobar\OneDrive\Escritorio\Proyecto\apache-tomcat-11.0.1\work\Catalina\localhost\mavenproject1\org\apache\jsp\index_jsp.java]
Syntax error on token "catch", Identifier expected

Ha tenido lugar un error en la línea: [318] en el fichero java generado: [C:\Users\tobar\OneDrive\Escritorio\Proyecto\apache-tomcat-11.0.1\work\Catalina\localhost\mavenproject1\org\apache\jsp\index_jsp.java]
out cannot be resolved to a variable

Ha tenido lugar un error en la línea: [318] en el fichero java generado: [C:\Users\tobar\OneDrive\Escritorio\Proyecto\apache-tomcat-11.0.1\work\Catalina\localhost\mavenproject1\org\apache\jsp\index_jsp.java]
_jspx_out cannot be resolved to a variable

Ha tenido lugar un error en la línea: [319] en el fichero java generado: [C:\Users\tobar\OneDrive\Escritorio\Proyecto\apache-tomcat-11.0.1\work\Catalina\localhost\mavenproject1\org\apache\jsp\index_jsp.java]
out cannot be resolved to a variable

Ha tenido lugar un error en la línea: [319] en el fichero java generado: [C:\Users\tobar\OneDrive\Escritorio\Proyecto\apache-tomcat-11.0.1\work\Catalina\localhost\mavenproject1\org\apache\jsp\index_jsp.java]
out cannot be resolved

Ha tenido lugar un error en la línea: [321] en el fichero java generado: [C:\Users\tobar\OneDrive\Escritorio\Proyecto\apache-tomcat-11.0.1\work\Catalina\localhost\mavenproject1\org\apache\jsp\index_jsp.java]
response cannot be resolved

Ha tenido lugar un error en la línea: [322] en el fichero java generado: [C:\Users\tobar\OneDrive\Escritorio\Proyecto\apache-tomcat-11.0.1\work\Catalina\localhost\mavenproject1\org\apache\jsp\index_jsp.java]
out cannot be resolved

Ha tenido lugar un error en la línea: [324] en el fichero java generado: [C:\Users\tobar\OneDrive\Escritorio\Proyecto\apache-tomcat-11.0.1\work\Catalina\localhost\mavenproject1\org\apache\jsp\index_jsp.java]
out cannot be resolved

Ha tenido lugar un error en la línea: [327] en el fichero java generado: [C:\Users\tobar\OneDrive\Escritorio\Proyecto\apache-tomcat-11.0.1\work\Catalina\localhost\mavenproject1\org\apache\jsp\index_jsp.java]
_jspx_page_context cannot be resolved to a variable

Ha tenido lugar un error en la línea: [327] en el fichero java generado: [C:\Users\tobar\OneDrive\Escritorio\Proyecto\apache-tomcat-11.0.1\work\Catalina\localhost\mavenproject1\org\apache\jsp\index_jsp.java]
_jspx_page_context cannot be resolved

Ha tenido lugar un error en la línea: [330] en el fichero java generado: [C:\Users\tobar\OneDrive\Escritorio\Proyecto\apache-tomcat-11.0.1\work\Catalina\localhost\mavenproject1\org\apache\jsp\index_jsp.java]
Syntax error on token "finally", { expected

Ha tenido lugar un error en la línea: [331] en el fichero java generado: [C:\Users\tobar\OneDrive\Escritorio\Proyecto\apache-tomcat-11.0.1\work\Catalina\localhost\mavenproject1\org\apache\jsp\index_jsp.java]
_jspx_page_context cannot be resolved to a variable

Stacktrace:
		at org.apache.jasper.compiler.DefaultErrorHandler.javacError(DefaultErrorHandler.java:81)
		at org.apache.jasper.compiler.ErrorDispatcher.javacError(ErrorDispatcher.java:214)
		at org.apache.jasper.compiler.JDTCompiler.generateClass(JDTCompiler.java:525)
		at org.apache.jasper.compiler.Compiler.compile(Compiler.java:402)
		at org.apache.jasper.compiler.Compiler.compile(Compiler.java:372)
		at org.apache.jasper.compiler.Compiler.compile(Compiler.java:356)
		at org.apache.jasper.JspCompilationContext.compile(JspCompilationContext.java:602)
		at org.apache.jasper.servlet.JspServletWrapper.service(JspServletWrapper.java:396)
		at org.apache.jasper.servlet.JspServlet.serviceJspFile(JspServlet.java:354)
		at org.apache.jasper.servlet.JspServlet.service(JspServlet.java:302)
		at jakarta.servlet.http.HttpServlet.service(HttpServlet.java:716)
		at org.apache.catalina.core.ApplicationFilterChain.doFilter(ApplicationFilterChain.java:130)
		at org.apache.tomcat.websocket.server.WsFilter.doFilter(WsFilter.java:51)
		at org.apache.catalina.core.ApplicationFilterChain.doFilter(ApplicationFilterChain.java:109)
		at org.apache.catalina.core.StandardWrapperValve.invoke(StandardWrapperValve.java:167)
		at org.apache.catalina.core.StandardContextValve.invoke(StandardContextValve.java:79)
		at org.apache.catalina.authenticator.AuthenticatorBase.invoke(AuthenticatorBase.java:483)
		at org.apache.catalina.core.StandardHostValve.invoke(StandardHostValve.java:115)
		at org.apache.catalina.valves.ErrorReportValve.invoke(ErrorReportValve.java:93)
		at org.apache.catalina.valves.AbstractAccessLogValve.invoke(AbstractAccessLogValve.java:663)
		at org.apache.catalina.core.StandardEngineValve.invoke(StandardEngineValve.java:74)
		at org.apache.catalina.connector.CoyoteAdapter.service(CoyoteAdapter.java:342)
		at org.apache.coyote.http11.Http11Processor.service(Http11Processor.java:395)
		at org.apache.coyote.AbstractProcessorLight.process(AbstractProcessorLight.java:63)
		at org.apache.coyote.AbstractProtocol$ConnectionHandler.process(AbstractProtocol.java:905)
		at org.apache.tomcat.util.net.NioEndpoint$SocketProcessor.doRun(NioEndpoint.java:1746)
		at org.apache.tomcat.util.net.SocketProcessorBase.run(SocketProcessorBase.java:52)
		at org.apache.tomcat.util.threads.ThreadPoolExecutor.runWorker(ThreadPoolExecutor.java:1148)
		at org.apache.tomcat.util.threads.ThreadPoolExecutor$Worker.run(ThreadPoolExecutor.java:636)
		at org.apache.tomcat.util.threads.TaskThread$WrappingRunnable.run(TaskThread.java:63)
		at java.base/java.lang.Thread.run(Thread.java:1575)
01-Dec-2024 19:15:15.559 INFO [main] org.apache.catalina.core.ApplicationContext.log SessionListener: contextDestroyed()
01-Dec-2024 19:15:15.559 INFO [main] org.apache.catalina.core.ApplicationContext.log ContextListener: contextDestroyed()
01-Dec-2024 19:15:22.847 INFO [main] org.apache.catalina.core.ApplicationContext.log ContextListener: contextInitialized()
01-Dec-2024 19:15:22.848 INFO [main] org.apache.catalina.core.ApplicationContext.log SessionListener: contextInitialized()
01-Dec-2024 19:15:22.853 INFO [main] org.apache.catalina.core.ApplicationContext.log ContextListener: attributeAdded('StockTicker', 'async.Stockticker@55704859')
01-Dec-2024 19:34:28.789 INFO [http-nio-8080-exec-13] org.apache.catalina.core.ApplicationContext.log Marcando el servlet [RegistrarUsuarioServlet] como no disponible
01-Dec-2024 19:34:28.790 SEVERE [http-nio-8080-exec-13] org.apache.catalina.core.StandardWrapperValve.invoke Excepción de reserva de espacio para servlet [RegistrarUsuarioServlet]
	jakarta.persistence.PersistenceException: No Persistence provider for EntityManager named persistencia
		at jakarta.persistence.Persistence.createEntityManagerFactory(Persistence.java:86)
		at jakarta.persistence.Persistence.createEntityManagerFactory(Persistence.java:55)
		at persistencia.RopaJpaController.<init>(RopaJpaController.java:29)
		at persistencia.ControllerPersistencia.<init>(ControllerPersistencia.java:15)
		at logica.Controlador.<init>(Controlador.java:14)
		at servlets.RegistrarUsuarioServlet.<init>(RegistrarUsuarioServlet.java:22)
		at java.base/jdk.internal.reflect.DirectConstructorHandleAccessor.newInstance(DirectConstructorHandleAccessor.java:62)
		at java.base/java.lang.reflect.Constructor.newInstanceWithCaller(Constructor.java:501)
		at java.base/java.lang.reflect.Constructor.newInstance(Constructor.java:485)
		at org.apache.catalina.core.DefaultInstanceManager.newInstance(DefaultInstanceManager.java:140)
		at org.apache.catalina.core.StandardWrapper.loadServlet(StandardWrapper.java:751)
		at org.apache.catalina.core.StandardWrapper.allocate(StandardWrapper.java:568)
		at org.apache.catalina.core.StandardWrapperValve.invoke(StandardWrapperValve.java:115)
		at org.apache.catalina.core.StandardContextValve.invoke(StandardContextValve.java:79)
		at org.apache.catalina.authenticator.AuthenticatorBase.invoke(AuthenticatorBase.java:483)
		at org.apache.catalina.core.StandardHostValve.invoke(StandardHostValve.java:115)
		at org.apache.catalina.valves.ErrorReportValve.invoke(ErrorReportValve.java:93)
		at org.apache.catalina.valves.AbstractAccessLogValve.invoke(AbstractAccessLogValve.java:663)
		at org.apache.catalina.core.StandardEngineValve.invoke(StandardEngineValve.java:74)
		at org.apache.catalina.connector.CoyoteAdapter.service(CoyoteAdapter.java:342)
		at org.apache.coyote.http11.Http11Processor.service(Http11Processor.java:395)
		at org.apache.coyote.AbstractProcessorLight.process(AbstractProcessorLight.java:63)
		at org.apache.coyote.AbstractProtocol$ConnectionHandler.process(AbstractProtocol.java:905)
		at org.apache.tomcat.util.net.NioEndpoint$SocketProcessor.doRun(NioEndpoint.java:1746)
		at org.apache.tomcat.util.net.SocketProcessorBase.run(SocketProcessorBase.java:52)
		at org.apache.tomcat.util.threads.ThreadPoolExecutor.runWorker(ThreadPoolExecutor.java:1148)
		at org.apache.tomcat.util.threads.ThreadPoolExecutor$Worker.run(ThreadPoolExecutor.java:636)
		at org.apache.tomcat.util.threads.TaskThread$WrappingRunnable.run(TaskThread.java:63)
		at java.base/java.lang.Thread.run(Thread.java:1575)
01-Dec-2024 19:41:22.071 INFO [http-nio-8080-exec-25] org.apache.catalina.core.ApplicationContext.log Marcando el servlet [RegistrarUsuarioServlet] como no disponible
01-Dec-2024 19:41:22.071 SEVERE [http-nio-8080-exec-25] org.apache.catalina.core.StandardWrapperValve.invoke Excepción de reserva de espacio para servlet [RegistrarUsuarioServlet]
	jakarta.persistence.PersistenceException: No Persistence provider for EntityManager named persistencia
		at jakarta.persistence.Persistence.createEntityManagerFactory(Persistence.java:86)
		at jakarta.persistence.Persistence.createEntityManagerFactory(Persistence.java:55)
		at persistencia.RopaJpaController.<init>(RopaJpaController.java:29)
		at persistencia.ControllerPersistencia.<init>(ControllerPersistencia.java:15)
		at logica.Controlador.<init>(Controlador.java:14)
		at servlets.RegistrarUsuarioServlet.<init>(RegistrarUsuarioServlet.java:22)
		at java.base/jdk.internal.reflect.DirectConstructorHandleAccessor.newInstance(DirectConstructorHandleAccessor.java:62)
		at java.base/java.lang.reflect.Constructor.newInstanceWithCaller(Constructor.java:501)
		at java.base/java.lang.reflect.Constructor.newInstance(Constructor.java:485)
		at org.apache.catalina.core.DefaultInstanceManager.newInstance(DefaultInstanceManager.java:140)
		at org.apache.catalina.core.StandardWrapper.loadServlet(StandardWrapper.java:751)
		at org.apache.catalina.core.StandardWrapper.allocate(StandardWrapper.java:568)
		at org.apache.catalina.core.StandardWrapperValve.invoke(StandardWrapperValve.java:115)
		at org.apache.catalina.core.StandardContextValve.invoke(StandardContextValve.java:79)
		at org.apache.catalina.authenticator.AuthenticatorBase.invoke(AuthenticatorBase.java:483)
		at org.apache.catalina.core.StandardHostValve.invoke(StandardHostValve.java:115)
		at org.apache.catalina.valves.ErrorReportValve.invoke(ErrorReportValve.java:93)
		at org.apache.catalina.valves.AbstractAccessLogValve.invoke(AbstractAccessLogValve.java:663)
		at org.apache.catalina.core.StandardEngineValve.invoke(StandardEngineValve.java:74)
		at org.apache.catalina.connector.CoyoteAdapter.service(CoyoteAdapter.java:342)
		at org.apache.coyote.http11.Http11Processor.service(Http11Processor.java:395)
		at org.apache.coyote.AbstractProcessorLight.process(AbstractProcessorLight.java:63)
		at org.apache.coyote.AbstractProtocol$ConnectionHandler.process(AbstractProtocol.java:905)
		at org.apache.tomcat.util.net.NioEndpoint$SocketProcessor.doRun(NioEndpoint.java:1746)
		at org.apache.tomcat.util.net.SocketProcessorBase.run(SocketProcessorBase.java:52)
		at org.apache.tomcat.util.threads.ThreadPoolExecutor.runWorker(ThreadPoolExecutor.java:1148)
		at org.apache.tomcat.util.threads.ThreadPoolExecutor$Worker.run(ThreadPoolExecutor.java:636)
		at org.apache.tomcat.util.threads.TaskThread$WrappingRunnable.run(TaskThread.java:63)
		at java.base/java.lang.Thread.run(Thread.java:1575)
01-Dec-2024 19:46:26.308 INFO [http-nio-8080-exec-36] org.apache.catalina.core.ApplicationContext.log Marcando el servlet [RegistrarUsuarioServlet] como no disponible
01-Dec-2024 19:46:26.308 SEVERE [http-nio-8080-exec-36] org.apache.catalina.core.StandardWrapperValve.invoke Excepción de reserva de espacio para servlet [RegistrarUsuarioServlet]
	javax.naming.NameNotFoundException: El nombre [kobcoee2] no este asociado a este contexto
		at org.apache.naming.NamingContext.lookup(NamingContext.java:520)
		at org.apache.naming.NamingContext.lookup(NamingContext.java:148)
		at org.apache.naming.SelectorContext.lookup(SelectorContext.java:128)
		at java.naming/javax.naming.InitialContext.lookup(InitialContext.java:413)
		at org.eclipse.persistence.sessions.JNDIConnector.connect(JNDIConnector.java:120)
		at org.eclipse.persistence.sessions.DatasourceLogin.connectToDatasource(DatasourceLogin.java:172)
		at org.eclipse.persistence.internal.sessions.DatabaseSessionImpl.setOrDetectDatasource(DatabaseSessionImpl.java:225)
		at org.eclipse.persistence.internal.sessions.DatabaseSessionImpl.loginAndDetectDatasource(DatabaseSessionImpl.java:807)
		at org.eclipse.persistence.internal.jpa.EntityManagerFactoryProvider.login(EntityManagerFactoryProvider.java:261)
		at org.eclipse.persistence.internal.jpa.EntityManagerSetupImpl.deploy(EntityManagerSetupImpl.java:771)
		at org.eclipse.persistence.internal.jpa.EntityManagerFactoryDelegate.getAbstractSession(EntityManagerFactoryDelegate.java:222)
		at org.eclipse.persistence.internal.jpa.EntityManagerFactoryDelegate.getDatabaseSession(EntityManagerFactoryDelegate.java:200)
		at org.eclipse.persistence.internal.jpa.EntityManagerFactoryImpl.getDatabaseSession(EntityManagerFactoryImpl.java:542)
		at org.eclipse.persistence.jpa.PersistenceProvider.createEntityManagerFactoryImpl(PersistenceProvider.java:153)
		at org.eclipse.persistence.jpa.PersistenceProvider.createEntityManagerFactory(PersistenceProvider.java:191)
		at jakarta.persistence.Persistence.createEntityManagerFactory(Persistence.java:80)
		at jakarta.persistence.Persistence.createEntityManagerFactory(Persistence.java:55)
		at persistencia.RopaJpaController.<init>(RopaJpaController.java:29)
		at persistencia.ControllerPersistencia.<init>(ControllerPersistencia.java:15)
		at logica.Controlador.<init>(Controlador.java:14)
		at servlets.RegistrarUsuarioServlet.<init>(RegistrarUsuarioServlet.java:22)
		at java.base/jdk.internal.reflect.DirectConstructorHandleAccessor.newInstance(DirectConstructorHandleAccessor.java:62)
		at java.base/java.lang.reflect.Constructor.newInstanceWithCaller(Constructor.java:501)
		at java.base/java.lang.reflect.Constructor.newInstance(Constructor.java:485)
		at org.apache.catalina.core.DefaultInstanceManager.newInstance(DefaultInstanceManager.java:140)
		at org.apache.catalina.core.StandardWrapper.loadServlet(StandardWrapper.java:751)
		at org.apache.catalina.core.StandardWrapper.allocate(StandardWrapper.java:568)
		at org.apache.catalina.core.StandardWrapperValve.invoke(StandardWrapperValve.java:115)
		at org.apache.catalina.core.StandardContextValve.invoke(StandardContextValve.java:79)
		at org.apache.catalina.authenticator.AuthenticatorBase.invoke(AuthenticatorBase.java:483)
		at org.apache.catalina.core.StandardHostValve.invoke(StandardHostValve.java:115)
		at org.apache.catalina.valves.ErrorReportValve.invoke(ErrorReportValve.java:93)
		at org.apache.catalina.valves.AbstractAccessLogValve.invoke(AbstractAccessLogValve.java:663)
		at org.apache.catalina.core.StandardEngineValve.invoke(StandardEngineValve.java:74)
		at org.apache.catalina.connector.CoyoteAdapter.service(CoyoteAdapter.java:342)
		at org.apache.coyote.http11.Http11Processor.service(Http11Processor.java:395)
		at org.apache.coyote.AbstractProcessorLight.process(AbstractProcessorLight.java:63)
		at org.apache.coyote.AbstractProtocol$ConnectionHandler.process(AbstractProtocol.java:905)
		at org.apache.tomcat.util.net.NioEndpoint$SocketProcessor.doRun(NioEndpoint.java:1746)
		at org.apache.tomcat.util.net.SocketProcessorBase.run(SocketProcessorBase.java:52)
		at org.apache.tomcat.util.threads.ThreadPoolExecutor.runWorker(ThreadPoolExecutor.java:1148)
		at org.apache.tomcat.util.threads.ThreadPoolExecutor$Worker.run(ThreadPoolExecutor.java:636)
		at org.apache.tomcat.util.threads.TaskThread$WrappingRunnable.run(TaskThread.java:63)
		at java.base/java.lang.Thread.run(Thread.java:1575)
01-Dec-2024 19:48:34.567 INFO [http-nio-8080-exec-42] org.apache.catalina.core.ApplicationContext.log Marcando el servlet [RegistrarUsuarioServlet] como no disponible
01-Dec-2024 19:48:34.567 SEVERE [http-nio-8080-exec-42] org.apache.catalina.core.StandardWrapperValve.invoke Excepción de reserva de espacio para servlet [RegistrarUsuarioServlet]
	javax.naming.NameNotFoundException: El nombre [basededatos] no este asociado a este contexto
		at org.apache.naming.NamingContext.lookup(NamingContext.java:520)
		at org.apache.naming.NamingContext.lookup(NamingContext.java:148)
		at org.apache.naming.SelectorContext.lookup(SelectorContext.java:128)
		at java.naming/javax.naming.InitialContext.lookup(InitialContext.java:413)
		at org.eclipse.persistence.sessions.JNDIConnector.connect(JNDIConnector.java:120)
		at org.eclipse.persistence.sessions.DatasourceLogin.connectToDatasource(DatasourceLogin.java:172)
		at org.eclipse.persistence.internal.sessions.DatabaseSessionImpl.setOrDetectDatasource(DatabaseSessionImpl.java:225)
		at org.eclipse.persistence.internal.sessions.DatabaseSessionImpl.loginAndDetectDatasource(DatabaseSessionImpl.java:807)
		at org.eclipse.persistence.internal.jpa.EntityManagerFactoryProvider.login(EntityManagerFactoryProvider.java:261)
		at org.eclipse.persistence.internal.jpa.EntityManagerSetupImpl.deploy(EntityManagerSetupImpl.java:771)
		at org.eclipse.persistence.internal.jpa.EntityManagerFactoryDelegate.getAbstractSession(EntityManagerFactoryDelegate.java:222)
		at org.eclipse.persistence.internal.jpa.EntityManagerFactoryDelegate.getDatabaseSession(EntityManagerFactoryDelegate.java:200)
		at org.eclipse.persistence.internal.jpa.EntityManagerFactoryImpl.getDatabaseSession(EntityManagerFactoryImpl.java:542)
		at org.eclipse.persistence.jpa.PersistenceProvider.createEntityManagerFactoryImpl(PersistenceProvider.java:153)
		at org.eclipse.persistence.jpa.PersistenceProvider.createEntityManagerFactory(PersistenceProvider.java:191)
		at jakarta.persistence.Persistence.createEntityManagerFactory(Persistence.java:80)
		at jakarta.persistence.Persistence.createEntityManagerFactory(Persistence.java:55)
		at persistencia.RopaJpaController.<init>(RopaJpaController.java:29)
		at persistencia.ControllerPersistencia.<init>(ControllerPersistencia.java:15)
		at logica.Controlador.<init>(Controlador.java:14)
		at servlets.RegistrarUsuarioServlet.<init>(RegistrarUsuarioServlet.java:22)
		at java.base/jdk.internal.reflect.DirectConstructorHandleAccessor.newInstance(DirectConstructorHandleAccessor.java:62)
		at java.base/java.lang.reflect.Constructor.newInstanceWithCaller(Constructor.java:501)
		at java.base/java.lang.reflect.Constructor.newInstance(Constructor.java:485)
		at org.apache.catalina.core.DefaultInstanceManager.newInstance(DefaultInstanceManager.java:140)
		at org.apache.catalina.core.StandardWrapper.loadServlet(StandardWrapper.java:751)
		at org.apache.catalina.core.StandardWrapper.allocate(StandardWrapper.java:568)
		at org.apache.catalina.core.StandardWrapperValve.invoke(StandardWrapperValve.java:115)
		at org.apache.catalina.core.StandardContextValve.invoke(StandardContextValve.java:79)
		at org.apache.catalina.authenticator.AuthenticatorBase.invoke(AuthenticatorBase.java:483)
		at org.apache.catalina.core.StandardHostValve.invoke(StandardHostValve.java:115)
		at org.apache.catalina.valves.ErrorReportValve.invoke(ErrorReportValve.java:93)
		at org.apache.catalina.valves.AbstractAccessLogValve.invoke(AbstractAccessLogValve.java:663)
		at org.apache.catalina.core.StandardEngineValve.invoke(StandardEngineValve.java:74)
		at org.apache.catalina.connector.CoyoteAdapter.service(CoyoteAdapter.java:342)
		at org.apache.coyote.http11.Http11Processor.service(Http11Processor.java:395)
		at org.apache.coyote.AbstractProcessorLight.process(AbstractProcessorLight.java:63)
		at org.apache.coyote.AbstractProtocol$ConnectionHandler.process(AbstractProtocol.java:905)
		at org.apache.tomcat.util.net.NioEndpoint$SocketProcessor.doRun(NioEndpoint.java:1746)
		at org.apache.tomcat.util.net.SocketProcessorBase.run(SocketProcessorBase.java:52)
		at org.apache.tomcat.util.threads.ThreadPoolExecutor.runWorker(ThreadPoolExecutor.java:1148)
		at org.apache.tomcat.util.threads.ThreadPoolExecutor$Worker.run(ThreadPoolExecutor.java:636)
		at org.apache.tomcat.util.threads.TaskThread$WrappingRunnable.run(TaskThread.java:63)
		at java.base/java.lang.Thread.run(Thread.java:1575)
01-Dec-2024 19:50:45.521 INFO [http-nio-8080-exec-55] org.apache.catalina.core.ApplicationContext.log Marcando el servlet [RegistrarUsuarioServlet] como no disponible
01-Dec-2024 19:50:45.521 SEVERE [http-nio-8080-exec-55] org.apache.catalina.core.StandardWrapperValve.invoke Excepción de reserva de espacio para servlet [RegistrarUsuarioServlet]
	javax.naming.NameNotFoundException: El nombre [basededatos] no este asociado a este contexto
		at org.apache.naming.NamingContext.lookup(NamingContext.java:520)
		at org.apache.naming.NamingContext.lookup(NamingContext.java:148)
		at org.apache.naming.SelectorContext.lookup(SelectorContext.java:128)
		at java.naming/javax.naming.InitialContext.lookup(InitialContext.java:413)
		at org.eclipse.persistence.sessions.JNDIConnector.connect(JNDIConnector.java:120)
		at org.eclipse.persistence.sessions.DatasourceLogin.connectToDatasource(DatasourceLogin.java:172)
		at org.eclipse.persistence.internal.sessions.DatabaseSessionImpl.setOrDetectDatasource(DatabaseSessionImpl.java:225)
		at org.eclipse.persistence.internal.sessions.DatabaseSessionImpl.loginAndDetectDatasource(DatabaseSessionImpl.java:807)
		at org.eclipse.persistence.internal.jpa.EntityManagerFactoryProvider.login(EntityManagerFactoryProvider.java:261)
		at org.eclipse.persistence.internal.jpa.EntityManagerSetupImpl.deploy(EntityManagerSetupImpl.java:771)
		at org.eclipse.persistence.internal.jpa.EntityManagerFactoryDelegate.getAbstractSession(EntityManagerFactoryDelegate.java:222)
		at org.eclipse.persistence.internal.jpa.EntityManagerFactoryDelegate.getDatabaseSession(EntityManagerFactoryDelegate.java:200)
		at org.eclipse.persistence.internal.jpa.EntityManagerFactoryImpl.getDatabaseSession(EntityManagerFactoryImpl.java:542)
		at org.eclipse.persistence.jpa.PersistenceProvider.createEntityManagerFactoryImpl(PersistenceProvider.java:153)
		at org.eclipse.persistence.jpa.PersistenceProvider.createEntityManagerFactory(PersistenceProvider.java:191)
		at jakarta.persistence.Persistence.createEntityManagerFactory(Persistence.java:80)
		at jakarta.persistence.Persistence.createEntityManagerFactory(Persistence.java:55)
		at persistencia.RopaJpaController.<init>(RopaJpaController.java:29)
		at persistencia.ControllerPersistencia.<init>(ControllerPersistencia.java:15)
		at logica.Controlador.<init>(Controlador.java:14)
		at servlets.RegistrarUsuarioServlet.<init>(RegistrarUsuarioServlet.java:22)
		at java.base/jdk.internal.reflect.DirectConstructorHandleAccessor.newInstance(DirectConstructorHandleAccessor.java:62)
		at java.base/java.lang.reflect.Constructor.newInstanceWithCaller(Constructor.java:501)
		at java.base/java.lang.reflect.Constructor.newInstance(Constructor.java:485)
		at org.apache.catalina.core.DefaultInstanceManager.newInstance(DefaultInstanceManager.java:140)
		at org.apache.catalina.core.StandardWrapper.loadServlet(StandardWrapper.java:751)
		at org.apache.catalina.core.StandardWrapper.allocate(StandardWrapper.java:568)
		at org.apache.catalina.core.StandardWrapperValve.invoke(StandardWrapperValve.java:115)
		at org.apache.catalina.core.StandardContextValve.invoke(StandardContextValve.java:79)
		at org.apache.catalina.authenticator.AuthenticatorBase.invoke(AuthenticatorBase.java:483)
		at org.apache.catalina.core.StandardHostValve.invoke(StandardHostValve.java:115)
		at org.apache.catalina.valves.ErrorReportValve.invoke(ErrorReportValve.java:93)
		at org.apache.catalina.valves.AbstractAccessLogValve.invoke(AbstractAccessLogValve.java:663)
		at org.apache.catalina.core.StandardEngineValve.invoke(StandardEngineValve.java:74)
		at org.apache.catalina.connector.CoyoteAdapter.service(CoyoteAdapter.java:342)
		at org.apache.coyote.http11.Http11Processor.service(Http11Processor.java:395)
		at org.apache.coyote.AbstractProcessorLight.process(AbstractProcessorLight.java:63)
		at org.apache.coyote.AbstractProtocol$ConnectionHandler.process(AbstractProtocol.java:905)
		at org.apache.tomcat.util.net.NioEndpoint$SocketProcessor.doRun(NioEndpoint.java:1746)
		at org.apache.tomcat.util.net.SocketProcessorBase.run(SocketProcessorBase.java:52)
		at org.apache.tomcat.util.threads.ThreadPoolExecutor.runWorker(ThreadPoolExecutor.java:1148)
		at org.apache.tomcat.util.threads.ThreadPoolExecutor$Worker.run(ThreadPoolExecutor.java:636)
		at org.apache.tomcat.util.threads.TaskThread$WrappingRunnable.run(TaskThread.java:63)
		at java.base/java.lang.Thread.run(Thread.java:1575)
01-Dec-2024 19:53:04.262 INFO [http-nio-8080-exec-66] org.apache.catalina.core.ApplicationContext.log Marcando el servlet [RegistrarUsuarioServlet] como no disponible
01-Dec-2024 19:53:04.262 SEVERE [http-nio-8080-exec-66] org.apache.catalina.core.StandardWrapperValve.invoke Excepción de reserva de espacio para servlet [RegistrarUsuarioServlet]
Local Exception Stack: 
	Exception [EclipseLink-0] (Eclipse Persistence Services - 3.0.2.v202107160933): org.eclipse.persistence.exceptions.IntegrityException
Descriptor Exceptions: 
---------------------------------------------------------

Exception [EclipseLink-63] (Eclipse Persistence Services - 3.0.2.v202107160933): org.eclipse.persistence.exceptions.DescriptorException
Exception Description: The instance creation method [logica.Ropa.<Default Constructor>], with no parameters, does not exist, or is not accessible.
Internal Exception: java.lang.NoSuchMethodException: logica.Ropa.<init>()
Descriptor: RelationalDescriptor(logica.Ropa --> [DatabaseTable(ROPA)])

Exception [EclipseLink-168] (Eclipse Persistence Services - 3.0.2.v202107160933): org.eclipse.persistence.exceptions.DescriptorException
Exception Description: Problem in creating new instance using the default constructor.  The default constructor triggered an exception.
Internal Exception: java.lang.reflect.InvocationTargetException
Target Invocation Exception: java.lang.UnsupportedOperationException: Not supported yet.
Descriptor: RelationalDescriptor(logica.User --> [DatabaseTable(USER)])

Runtime Exceptions: 
---------------------------------------------------------

		at org.eclipse.persistence.internal.sessions.DatabaseSessionImpl.initializeDescriptors(DatabaseSessionImpl.java:760)
		at org.eclipse.persistence.internal.sessions.DatabaseSessionImpl.initializeDescriptors(DatabaseSessionImpl.java:696)
		at org.eclipse.persistence.internal.sessions.DatabaseSessionImpl.initializeDescriptors(DatabaseSessionImpl.java:627)
		at org.eclipse.persistence.internal.sessions.DatabaseSessionImpl.postConnectDatasource(DatabaseSessionImpl.java:866)
		at org.eclipse.persistence.internal.sessions.DatabaseSessionImpl.loginAndDetectDatasource(DatabaseSessionImpl.java:809)
		at org.eclipse.persistence.internal.jpa.EntityManagerFactoryProvider.login(EntityManagerFactoryProvider.java:261)
		at org.eclipse.persistence.internal.jpa.EntityManagerSetupImpl.deploy(EntityManagerSetupImpl.java:771)
		at org.eclipse.persistence.internal.jpa.EntityManagerFactoryDelegate.getAbstractSession(EntityManagerFactoryDelegate.java:222)
		at org.eclipse.persistence.internal.jpa.EntityManagerFactoryDelegate.getDatabaseSession(EntityManagerFactoryDelegate.java:200)
		at org.eclipse.persistence.internal.jpa.EntityManagerFactoryImpl.getDatabaseSession(EntityManagerFactoryImpl.java:542)
		at org.eclipse.persistence.jpa.PersistenceProvider.createEntityManagerFactoryImpl(PersistenceProvider.java:153)
		at org.eclipse.persistence.jpa.PersistenceProvider.createEntityManagerFactory(PersistenceProvider.java:191)
		at jakarta.persistence.Persistence.createEntityManagerFactory(Persistence.java:80)
		at jakarta.persistence.Persistence.createEntityManagerFactory(Persistence.java:55)
		at persistencia.RopaJpaController.<init>(RopaJpaController.java:29)
		at persistencia.ControllerPersistencia.<init>(ControllerPersistencia.java:15)
		at logica.Controlador.<init>(Controlador.java:14)
		at servlets.RegistrarUsuarioServlet.<init>(RegistrarUsuarioServlet.java:22)
		at java.base/jdk.internal.reflect.DirectConstructorHandleAccessor.newInstance(DirectConstructorHandleAccessor.java:62)
		at java.base/java.lang.reflect.Constructor.newInstanceWithCaller(Constructor.java:501)
		at java.base/java.lang.reflect.Constructor.newInstance(Constructor.java:485)
		at org.apache.catalina.core.DefaultInstanceManager.newInstance(DefaultInstanceManager.java:140)
		at org.apache.catalina.core.StandardWrapper.loadServlet(StandardWrapper.java:751)
		at org.apache.catalina.core.StandardWrapper.allocate(StandardWrapper.java:568)
		at org.apache.catalina.core.StandardWrapperValve.invoke(StandardWrapperValve.java:115)
		at org.apache.catalina.core.StandardContextValve.invoke(StandardContextValve.java:79)
		at org.apache.catalina.authenticator.AuthenticatorBase.invoke(AuthenticatorBase.java:483)
		at org.apache.catalina.core.StandardHostValve.invoke(StandardHostValve.java:115)
		at org.apache.catalina.valves.ErrorReportValve.invoke(ErrorReportValve.java:93)
		at org.apache.catalina.valves.AbstractAccessLogValve.invoke(AbstractAccessLogValve.java:663)
		at org.apache.catalina.core.StandardEngineValve.invoke(StandardEngineValve.java:74)
		at org.apache.catalina.connector.CoyoteAdapter.service(CoyoteAdapter.java:342)
		at org.apache.coyote.http11.Http11Processor.service(Http11Processor.java:395)
		at org.apache.coyote.AbstractProcessorLight.process(AbstractProcessorLight.java:63)
		at org.apache.coyote.AbstractProtocol$ConnectionHandler.process(AbstractProtocol.java:905)
		at org.apache.tomcat.util.net.NioEndpoint$SocketProcessor.doRun(NioEndpoint.java:1746)
		at org.apache.tomcat.util.net.SocketProcessorBase.run(SocketProcessorBase.java:52)
		at org.apache.tomcat.util.threads.ThreadPoolExecutor.runWorker(ThreadPoolExecutor.java:1148)
		at org.apache.tomcat.util.threads.ThreadPoolExecutor$Worker.run(ThreadPoolExecutor.java:636)
		at org.apache.tomcat.util.threads.TaskThread$WrappingRunnable.run(TaskThread.java:63)
		at java.base/java.lang.Thread.run(Thread.java:1575)

Descriptor Exceptions: 
---------------------------------------------------------


Local Exception Stack: 
	Exception [EclipseLink-63] (Eclipse Persistence Services - 3.0.2.v202107160933): org.eclipse.persistence.exceptions.DescriptorException
Exception Description: The instance creation method [logica.Ropa.<Default Constructor>], with no parameters, does not exist, or is not accessible.
Internal Exception: java.lang.NoSuchMethodException: logica.Ropa.<init>()
Descriptor: RelationalDescriptor(logica.Ropa --> [DatabaseTable(ROPA)])
		at org.eclipse.persistence.exceptions.DescriptorException.noSuchMethodWhileInitializingInstantiationPolicy(DescriptorException.java:1211)
		at org.eclipse.persistence.internal.descriptors.InstantiationPolicy.buildDefaultConstructorFor(InstantiationPolicy.java:239)
		at org.eclipse.persistence.internal.descriptors.InstantiationPolicy.buildDefaultConstructor(InstantiationPolicy.java:221)
		at org.eclipse.persistence.internal.descriptors.InstantiationPolicy.getDefaultConstructor(InstantiationPolicy.java:212)
		at org.eclipse.persistence.internal.descriptors.InstantiationPolicy.buildNewInstanceUsingDefaultConstructor(InstantiationPolicy.java:142)
		at org.eclipse.persistence.internal.descriptors.InstantiationPolicy.buildNewInstance(InstantiationPolicy.java:115)
		at org.eclipse.persistence.descriptors.ClassDescriptor.selfValidationAfterInitialization(ClassDescriptor.java:4428)
		at org.eclipse.persistence.descriptors.ClassDescriptor.validateAfterInitialization(ClassDescriptor.java:6282)
		at org.eclipse.persistence.descriptors.ClassDescriptor.postInitialize(ClassDescriptor.java:4056)
		at org.eclipse.persistence.internal.sessions.DatabaseSessionImpl.initializeDescriptors(DatabaseSessionImpl.java:751)
		at org.eclipse.persistence.internal.sessions.DatabaseSessionImpl.initializeDescriptors(DatabaseSessionImpl.java:696)
		at org.eclipse.persistence.internal.sessions.DatabaseSessionImpl.initializeDescriptors(DatabaseSessionImpl.java:627)
		at org.eclipse.persistence.internal.sessions.DatabaseSessionImpl.postConnectDatasource(DatabaseSessionImpl.java:866)
		at org.eclipse.persistence.internal.sessions.DatabaseSessionImpl.loginAndDetectDatasource(DatabaseSessionImpl.java:809)
		at org.eclipse.persistence.internal.jpa.EntityManagerFactoryProvider.login(EntityManagerFactoryProvider.java:261)
		at org.eclipse.persistence.internal.jpa.EntityManagerSetupImpl.deploy(EntityManagerSetupImpl.java:771)
		at org.eclipse.persistence.internal.jpa.EntityManagerFactoryDelegate.getAbstractSession(EntityManagerFactoryDelegate.java:222)
		at org.eclipse.persistence.internal.jpa.EntityManagerFactoryDelegate.getDatabaseSession(EntityManagerFactoryDelegate.java:200)
		at org.eclipse.persistence.internal.jpa.EntityManagerFactoryImpl.getDatabaseSession(EntityManagerFactoryImpl.java:542)
		at org.eclipse.persistence.jpa.PersistenceProvider.createEntityManagerFactoryImpl(PersistenceProvider.java:153)
		at org.eclipse.persistence.jpa.PersistenceProvider.createEntityManagerFactory(PersistenceProvider.java:191)
		at jakarta.persistence.Persistence.createEntityManagerFactory(Persistence.java:80)
		at jakarta.persistence.Persistence.createEntityManagerFactory(Persistence.java:55)
		at persistencia.RopaJpaController.<init>(RopaJpaController.java:29)
		at persistencia.ControllerPersistencia.<init>(ControllerPersistencia.java:15)
		at logica.Controlador.<init>(Controlador.java:14)
		at servlets.RegistrarUsuarioServlet.<init>(RegistrarUsuarioServlet.java:22)
		at java.base/jdk.internal.reflect.DirectConstructorHandleAccessor.newInstance(DirectConstructorHandleAccessor.java:62)
		at java.base/java.lang.reflect.Constructor.newInstanceWithCaller(Constructor.java:501)
		at java.base/java.lang.reflect.Constructor.newInstance(Constructor.java:485)
		at org.apache.catalina.core.DefaultInstanceManager.newInstance(DefaultInstanceManager.java:140)
		at org.apache.catalina.core.StandardWrapper.loadServlet(StandardWrapper.java:751)
		at org.apache.catalina.core.StandardWrapper.allocate(StandardWrapper.java:568)
		at org.apache.catalina.core.StandardWrapperValve.invoke(StandardWrapperValve.java:115)
		at org.apache.catalina.core.StandardContextValve.invoke(StandardContextValve.java:79)
		at org.apache.catalina.authenticator.AuthenticatorBase.invoke(AuthenticatorBase.java:483)
		at org.apache.catalina.core.StandardHostValve.invoke(StandardHostValve.java:115)
		at org.apache.catalina.valves.ErrorReportValve.invoke(ErrorReportValve.java:93)
		at org.apache.catalina.valves.AbstractAccessLogValve.invoke(AbstractAccessLogValve.java:663)
		at org.apache.catalina.core.StandardEngineValve.invoke(StandardEngineValve.java:74)
		at org.apache.catalina.connector.CoyoteAdapter.service(CoyoteAdapter.java:342)
		at org.apache.coyote.http11.Http11Processor.service(Http11Processor.java:395)
		at org.apache.coyote.AbstractProcessorLight.process(AbstractProcessorLight.java:63)
		at org.apache.coyote.AbstractProtocol$ConnectionHandler.process(AbstractProtocol.java:905)
		at org.apache.tomcat.util.net.NioEndpoint$SocketProcessor.doRun(NioEndpoint.java:1746)
		at org.apache.tomcat.util.net.SocketProcessorBase.run(SocketProcessorBase.java:52)
		at org.apache.tomcat.util.threads.ThreadPoolExecutor.runWorker(ThreadPoolExecutor.java:1148)
		at org.apache.tomcat.util.threads.ThreadPoolExecutor$Worker.run(ThreadPoolExecutor.java:636)
		at org.apache.tomcat.util.threads.TaskThread$WrappingRunnable.run(TaskThread.java:63)
		at java.base/java.lang.Thread.run(Thread.java:1575)
	Caused by: java.lang.NoSuchMethodException: logica.Ropa.<init>()
		at java.base/java.lang.Class.getConstructor0(Class.java:3833)
		at java.base/java.lang.Class.getDeclaredConstructor(Class.java:3004)
		at org.eclipse.persistence.internal.security.PrivilegedAccessHelper.getDeclaredConstructorFor(PrivilegedAccessHelper.java:240)
		at org.eclipse.persistence.internal.descriptors.InstantiationPolicy.buildDefaultConstructorFor(InstantiationPolicy.java:236)
		... 48 more


Local Exception Stack: 
	Exception [EclipseLink-168] (Eclipse Persistence Services - 3.0.2.v202107160933): org.eclipse.persistence.exceptions.DescriptorException
Exception Description: Problem in creating new instance using the default constructor.  The default constructor triggered an exception.
Internal Exception: java.lang.reflect.InvocationTargetException
Target Invocation Exception: java.lang.UnsupportedOperationException: Not supported yet.
Descriptor: RelationalDescriptor(logica.User --> [DatabaseTable(USER)])
		at org.eclipse.persistence.exceptions.DescriptorException.targetInvocationWhileConstructorInstantiation(DescriptorException.java:1677)
		at org.eclipse.persistence.internal.descriptors.InstantiationPolicy.buildNewInstanceUsingDefaultConstructor(InstantiationPolicy.java:147)
		at org.eclipse.persistence.internal.descriptors.InstantiationPolicy.buildNewInstance(InstantiationPolicy.java:115)
		at org.eclipse.persistence.descriptors.ClassDescriptor.selfValidationAfterInitialization(ClassDescriptor.java:4428)
		at org.eclipse.persistence.descriptors.ClassDescriptor.validateAfterInitialization(ClassDescriptor.java:6282)
		at org.eclipse.persistence.descriptors.ClassDescriptor.postInitialize(ClassDescriptor.java:4056)
		at org.eclipse.persistence.internal.sessions.DatabaseSessionImpl.initializeDescriptors(DatabaseSessionImpl.java:751)
		at org.eclipse.persistence.internal.sessions.DatabaseSessionImpl.initializeDescriptors(DatabaseSessionImpl.java:696)
		at org.eclipse.persistence.internal.sessions.DatabaseSessionImpl.initializeDescriptors(DatabaseSessionImpl.java:627)
		at org.eclipse.persistence.internal.sessions.DatabaseSessionImpl.postConnectDatasource(DatabaseSessionImpl.java:866)
		at org.eclipse.persistence.internal.sessions.DatabaseSessionImpl.loginAndDetectDatasource(DatabaseSessionImpl.java:809)
		at org.eclipse.persistence.internal.jpa.EntityManagerFactoryProvider.login(EntityManagerFactoryProvider.java:261)
		at org.eclipse.persistence.internal.jpa.EntityManagerSetupImpl.deploy(EntityManagerSetupImpl.java:771)
		at org.eclipse.persistence.internal.jpa.EntityManagerFactoryDelegate.getAbstractSession(EntityManagerFactoryDelegate.java:222)
		at org.eclipse.persistence.internal.jpa.EntityManagerFactoryDelegate.getDatabaseSession(EntityManagerFactoryDelegate.java:200)
		at org.eclipse.persistence.internal.jpa.EntityManagerFactoryImpl.getDatabaseSession(EntityManagerFactoryImpl.java:542)
		at org.eclipse.persistence.jpa.PersistenceProvider.createEntityManagerFactoryImpl(PersistenceProvider.java:153)
		at org.eclipse.persistence.jpa.PersistenceProvider.createEntityManagerFactory(PersistenceProvider.java:191)
		at jakarta.persistence.Persistence.createEntityManagerFactory(Persistence.java:80)
		at jakarta.persistence.Persistence.createEntityManagerFactory(Persistence.java:55)
		at persistencia.RopaJpaController.<init>(RopaJpaController.java:29)
		at persistencia.ControllerPersistencia.<init>(ControllerPersistencia.java:15)
		at logica.Controlador.<init>(Controlador.java:14)
		at servlets.RegistrarUsuarioServlet.<init>(RegistrarUsuarioServlet.java:22)
		at java.base/jdk.internal.reflect.DirectConstructorHandleAccessor.newInstance(DirectConstructorHandleAccessor.java:62)
		at java.base/java.lang.reflect.Constructor.newInstanceWithCaller(Constructor.java:501)
		at java.base/java.lang.reflect.Constructor.newInstance(Constructor.java:485)
		at org.apache.catalina.core.DefaultInstanceManager.newInstance(DefaultInstanceManager.java:140)
		at org.apache.catalina.core.StandardWrapper.loadServlet(StandardWrapper.java:751)
		at org.apache.catalina.core.StandardWrapper.allocate(StandardWrapper.java:568)
		at org.apache.catalina.core.StandardWrapperValve.invoke(StandardWrapperValve.java:115)
		at org.apache.catalina.core.StandardContextValve.invoke(StandardContextValve.java:79)
		at org.apache.catalina.authenticator.AuthenticatorBase.invoke(AuthenticatorBase.java:483)
		at org.apache.catalina.core.StandardHostValve.invoke(StandardHostValve.java:115)
		at org.apache.catalina.valves.ErrorReportValve.invoke(ErrorReportValve.java:93)
		at org.apache.catalina.valves.AbstractAccessLogValve.invoke(AbstractAccessLogValve.java:663)
		at org.apache.catalina.core.StandardEngineValve.invoke(StandardEngineValve.java:74)
		at org.apache.catalina.connector.CoyoteAdapter.service(CoyoteAdapter.java:342)
		at org.apache.coyote.http11.Http11Processor.service(Http11Processor.java:395)
		at org.apache.coyote.AbstractProcessorLight.process(AbstractProcessorLight.java:63)
		at org.apache.coyote.AbstractProtocol$ConnectionHandler.process(AbstractProtocol.java:905)
		at org.apache.tomcat.util.net.NioEndpoint$SocketProcessor.doRun(NioEndpoint.java:1746)
		at org.apache.tomcat.util.net.SocketProcessorBase.run(SocketProcessorBase.java:52)
		at org.apache.tomcat.util.threads.ThreadPoolExecutor.runWorker(ThreadPoolExecutor.java:1148)
		at org.apache.tomcat.util.threads.ThreadPoolExecutor$Worker.run(ThreadPoolExecutor.java:636)
		at org.apache.tomcat.util.threads.TaskThread$WrappingRunnable.run(TaskThread.java:63)
		at java.base/java.lang.Thread.run(Thread.java:1575)
	Caused by: java.lang.reflect.InvocationTargetException
		at java.base/jdk.internal.reflect.DirectConstructorHandleAccessor.newInstance(DirectConstructorHandleAccessor.java:74)
		at java.base/java.lang.reflect.Constructor.newInstanceWithCaller(Constructor.java:501)
		at java.base/java.lang.reflect.Constructor.newInstance(Constructor.java:485)
		at org.eclipse.persistence.internal.descriptors.InstantiationPolicy.buildNewInstanceUsingDefaultConstructor(InstantiationPolicy.java:144)
		... 45 more
	Caused by: java.lang.UnsupportedOperationException: Not supported yet.
		at logica.User.<init>(User.java:38)
		at java.base/jdk.internal.reflect.DirectConstructorHandleAccessor.newInstance(DirectConstructorHandleAccessor.java:62)
		... 48 more

Runtime Exceptions: 
---------------------------------------------------------
01-Dec-2024 21:16:53.237 INFO [main] org.apache.catalina.core.ApplicationContext.log SessionListener: contextDestroyed()
01-Dec-2024 21:16:53.237 INFO [main] org.apache.catalina.core.ApplicationContext.log ContextListener: contextDestroyed()
