04-Dec-2024 11:57:30.378 INFO [http-nio-8080-exec-5] org.apache.catalina.core.ApplicationContext.log Manager: init: Associated with Deployer 'Catalina:type=Deployer,host=localhost'
04-Dec-2024 11:57:30.378 INFO [http-nio-8080-exec-5] org.apache.catalina.core.ApplicationContext.log Manager: init: Global resources are available
04-Dec-2024 11:57:30.425 INFO [http-nio-8080-exec-8] org.apache.catalina.core.ApplicationContext.log Manager: list: Listing contexts for virtual host 'localhost'
04-Dec-2024 11:57:30.429 INFO [http-nio-8080-exec-9] org.apache.catalina.core.ApplicationContext.log Manager: list: Listing contexts for virtual host 'localhost'
04-Dec-2024 11:57:30.440 INFO [http-nio-8080-exec-10] org.apache.catalina.core.ApplicationContext.log Manager: undeploy: Undeploying web application at '/mavenproject1'
04-Dec-2024 11:57:31.023 INFO [http-nio-8080-exec-2] org.apache.catalina.core.ApplicationContext.log Manager: install: Installing context configuration at 'file:/C:/Users/tobar/AppData/Local/Temp/context9932114792288000337.xml'
04-Dec-2024 11:57:32.347 INFO [http-nio-8080-exec-9] org.apache.catalina.core.ApplicationContext.log Manager: start: Starting web application '/mavenproject1'
04-Dec-2024 12:25:10.570 INFO [http-nio-8080-exec-13] org.apache.catalina.core.ApplicationContext.log Manager: list: Listing contexts for virtual host 'localhost'
04-Dec-2024 12:25:10.573 INFO [http-nio-8080-exec-14] org.apache.catalina.core.ApplicationContext.log Manager: list: Listing contexts for virtual host 'localhost'
04-Dec-2024 12:25:10.599 INFO [http-nio-8080-exec-15] org.apache.catalina.core.ApplicationContext.log Manager: undeploy: Undeploying web application at '/mavenproject1'
04-Dec-2024 12:25:11.156 INFO [http-nio-8080-exec-16] org.apache.catalina.core.ApplicationContext.log Manager: install: Installing context configuration at 'file:/C:/Users/tobar/AppData/Local/Temp/context1741051653698130985.xml'
04-Dec-2024 12:25:12.537 INFO [http-nio-8080-exec-13] org.apache.catalina.core.ApplicationContext.log Manager: start: Starting web application '/mavenproject1'
04-Dec-2024 12:29:48.152 INFO [http-nio-8080-exec-23] org.apache.catalina.core.ApplicationContext.log Manager: list: Listing contexts for virtual host 'localhost'
04-Dec-2024 12:29:48.155 INFO [http-nio-8080-exec-25] org.apache.catalina.core.ApplicationContext.log Manager: list: Listing contexts for virtual host 'localhost'
04-Dec-2024 12:29:48.161 INFO [http-nio-8080-exec-26] org.apache.catalina.core.ApplicationContext.log Manager: undeploy: Undeploying web application at '/mavenproject1'
04-Dec-2024 12:29:48.700 INFO [http-nio-8080-exec-21] org.apache.catalina.core.ApplicationContext.log Manager: install: Installing context configuration at 'file:/C:/Users/tobar/AppData/Local/Temp/context14675888471420809785.xml'
04-Dec-2024 12:29:50.071 INFO [http-nio-8080-exec-22] org.apache.catalina.core.ApplicationContext.log Manager: start: Starting web application '/mavenproject1'
04-Dec-2024 12:30:53.204 INFO [http-nio-8080-exec-36] org.apache.catalina.core.ApplicationContext.log Manager: list: Listing contexts for virtual host 'localhost'
04-Dec-2024 12:30:53.206 INFO [http-nio-8080-exec-37] org.apache.catalina.core.ApplicationContext.log Manager: list: Listing contexts for virtual host 'localhost'
04-Dec-2024 12:30:53.213 INFO [http-nio-8080-exec-38] org.apache.catalina.core.ApplicationContext.log Manager: undeploy: Undeploying web application at '/mavenproject1'
04-Dec-2024 12:30:53.749 INFO [http-nio-8080-exec-32] org.apache.catalina.core.ApplicationContext.log Manager: install: Installing context configuration at 'file:/C:/Users/tobar/AppData/Local/Temp/context12806373371718863824.xml'
04-Dec-2024 12:30:55.168 INFO [http-nio-8080-exec-33] org.apache.catalina.core.ApplicationContext.log Manager: start: Starting web application '/mavenproject1'
04-Dec-2024 12:56:48.015 INFO [http-nio-8080-exec-45] org.apache.catalina.core.ApplicationContext.log Manager: list: Listing contexts for virtual host 'localhost'
04-Dec-2024 12:56:48.017 INFO [http-nio-8080-exec-46] org.apache.catalina.core.ApplicationContext.log Manager: list: Listing contexts for virtual host 'localhost'
04-Dec-2024 12:56:48.066 INFO [http-nio-8080-exec-47] org.apache.catalina.core.ApplicationContext.log Manager: undeploy: Undeploying web application at '/mavenproject1'
04-Dec-2024 12:56:48.601 INFO [http-nio-8080-exec-44] org.apache.catalina.core.ApplicationContext.log Manager: install: Installing context configuration at 'file:/C:/Users/tobar/AppData/Local/Temp/context303968032463980416.xml'
04-Dec-2024 12:56:49.978 INFO [http-nio-8080-exec-42] org.apache.catalina.core.ApplicationContext.log Manager: start: Starting web application '/mavenproject1'
04-Dec-2024 12:58:47.674 INFO [http-nio-8080-exec-58] org.apache.catalina.core.ApplicationContext.log Manager: list: Listing contexts for virtual host 'localhost'
04-Dec-2024 12:58:47.676 INFO [http-nio-8080-exec-57] org.apache.catalina.core.ApplicationContext.log Manager: list: Listing contexts for virtual host 'localhost'
04-Dec-2024 12:58:47.682 INFO [http-nio-8080-exec-59] org.apache.catalina.core.ApplicationContext.log Manager: undeploy: Undeploying web application at '/mavenproject1'
04-Dec-2024 12:58:48.209 INFO [http-nio-8080-exec-52] org.apache.catalina.core.ApplicationContext.log Manager: install: Installing context configuration at 'file:/C:/Users/tobar/AppData/Local/Temp/context2266023988483973308.xml'
04-Dec-2024 12:58:49.521 INFO [http-nio-8080-exec-53] org.apache.catalina.core.ApplicationContext.log Manager: start: Starting web application '/mavenproject1'
04-Dec-2024 13:27:05.170 INFO [http-nio-8080-exec-67] org.apache.catalina.core.ApplicationContext.log Manager: list: Listing contexts for virtual host 'localhost'
04-Dec-2024 13:27:05.174 INFO [http-nio-8080-exec-68] org.apache.catalina.core.ApplicationContext.log Manager: list: Listing contexts for virtual host 'localhost'
04-Dec-2024 13:27:05.182 INFO [http-nio-8080-exec-69] org.apache.catalina.core.ApplicationContext.log Manager: undeploy: Undeploying web application at '/mavenproject1'
04-Dec-2024 13:27:05.709 INFO [http-nio-8080-exec-68] org.apache.catalina.core.ApplicationContext.log Manager: install: Installing context configuration at 'file:/C:/Users/tobar/AppData/Local/Temp/context13919914121632984243.xml'
04-Dec-2024 13:27:07.178 INFO [http-nio-8080-exec-65] org.apache.catalina.core.ApplicationContext.log Manager: start: Starting web application '/mavenproject1'
04-Dec-2024 13:27:39.132 INFO [http-nio-8080-exec-64] org.apache.catalina.core.ApplicationContext.log Manager: list: Listing contexts for virtual host 'localhost'
04-Dec-2024 13:27:39.135 INFO [http-nio-8080-exec-65] org.apache.catalina.core.ApplicationContext.log Manager: list: Listing contexts for virtual host 'localhost'
04-Dec-2024 13:27:39.143 INFO [http-nio-8080-exec-73] org.apache.catalina.core.ApplicationContext.log Manager: undeploy: Undeploying web application at '/mavenproject1'
04-Dec-2024 13:27:39.669 INFO [http-nio-8080-exec-71] org.apache.catalina.core.ApplicationContext.log Manager: install: Installing context configuration at 'file:/C:/Users/tobar/AppData/Local/Temp/context13217018486561617469.xml'
04-Dec-2024 13:27:41.450 INFO [http-nio-8080-exec-74] org.apache.catalina.core.ApplicationContext.log Manager: start: Starting web application '/mavenproject1'
04-Dec-2024 13:31:23.204 INFO [http-nio-8080-exec-82] org.apache.catalina.core.ApplicationContext.log Manager: list: Listing contexts for virtual host 'localhost'
04-Dec-2024 13:31:23.207 INFO [http-nio-8080-exec-83] org.apache.catalina.core.ApplicationContext.log Manager: list: Listing contexts for virtual host 'localhost'
04-Dec-2024 13:31:23.213 INFO [http-nio-8080-exec-84] org.apache.catalina.core.ApplicationContext.log Manager: undeploy: Undeploying web application at '/mavenproject1'
04-Dec-2024 13:31:23.745 INFO [http-nio-8080-exec-77] org.apache.catalina.core.ApplicationContext.log Manager: install: Installing context configuration at 'file:/C:/Users/tobar/AppData/Local/Temp/context8768416458667946143.xml'
04-Dec-2024 13:31:25.202 INFO [http-nio-8080-exec-76] org.apache.catalina.core.ApplicationContext.log Manager: start: Starting web application '/mavenproject1'
04-Dec-2024 13:32:37.217 INFO [http-nio-8080-exec-93] org.apache.catalina.core.ApplicationContext.log Manager: list: Listing contexts for virtual host 'localhost'
04-Dec-2024 13:32:37.220 INFO [http-nio-8080-exec-87] org.apache.catalina.core.ApplicationContext.log Manager: list: Listing contexts for virtual host 'localhost'
04-Dec-2024 13:32:37.226 INFO [http-nio-8080-exec-94] org.apache.catalina.core.ApplicationContext.log Manager: undeploy: Undeploying web application at '/mavenproject1'
04-Dec-2024 13:32:37.764 INFO [http-nio-8080-exec-95] org.apache.catalina.core.ApplicationContext.log Manager: install: Installing context configuration at 'file:/C:/Users/tobar/AppData/Local/Temp/context9722031825894927403.xml'
04-Dec-2024 13:32:39.165 INFO [http-nio-8080-exec-93] org.apache.catalina.core.ApplicationContext.log Manager: start: Starting web application '/mavenproject1'
04-Dec-2024 13:39:19.133 INFO [http-nio-8080-exec-100] org.apache.catalina.core.ApplicationContext.log Manager: list: Listing contexts for virtual host 'localhost'
04-Dec-2024 13:39:19.135 INFO [http-nio-8080-exec-101] org.apache.catalina.core.ApplicationContext.log Manager: list: Listing contexts for virtual host 'localhost'
04-Dec-2024 13:39:19.141 INFO [http-nio-8080-exec-103] org.apache.catalina.core.ApplicationContext.log Manager: undeploy: Undeploying web application at '/mavenproject1'
04-Dec-2024 13:39:19.674 INFO [http-nio-8080-exec-97] org.apache.catalina.core.ApplicationContext.log Manager: install: Installing context configuration at 'file:/C:/Users/tobar/AppData/Local/Temp/context11878421908223272382.xml'
04-Dec-2024 13:39:21.026 INFO [http-nio-8080-exec-98] org.apache.catalina.core.ApplicationContext.log Manager: start: Starting web application '/mavenproject1'
04-Dec-2024 13:44:14.811 INFO [http-nio-8080-exec-113] org.apache.catalina.core.ApplicationContext.log Manager: list: Listing contexts for virtual host 'localhost'
04-Dec-2024 13:44:14.813 INFO [http-nio-8080-exec-106] org.apache.catalina.core.ApplicationContext.log Manager: list: Listing contexts for virtual host 'localhost'
04-Dec-2024 13:44:14.822 INFO [http-nio-8080-exec-114] org.apache.catalina.core.ApplicationContext.log Manager: undeploy: Undeploying web application at '/mavenproject1'
04-Dec-2024 13:44:15.363 INFO [http-nio-8080-exec-106] org.apache.catalina.core.ApplicationContext.log Manager: install: Installing context configuration at 'file:/C:/Users/tobar/AppData/Local/Temp/context16710106538847519179.xml'
04-Dec-2024 13:44:16.880 INFO [http-nio-8080-exec-115] org.apache.catalina.core.ApplicationContext.log Manager: start: Starting web application '/mavenproject1'
04-Dec-2024 14:16:18.645 INFO [http-nio-8080-exec-116] org.apache.catalina.core.ApplicationContext.log Manager: list: Listing contexts for virtual host 'localhost'
04-Dec-2024 14:16:18.650 INFO [http-nio-8080-exec-117] org.apache.catalina.core.ApplicationContext.log Manager: list: Listing contexts for virtual host 'localhost'
04-Dec-2024 14:16:18.663 INFO [http-nio-8080-exec-118] org.apache.catalina.core.ApplicationContext.log Manager: undeploy: Undeploying web application at '/mavenproject1'
04-Dec-2024 14:16:19.199 INFO [http-nio-8080-exec-120] org.apache.catalina.core.ApplicationContext.log Manager: install: Installing context configuration at 'file:/C:/Users/tobar/AppData/Local/Temp/context5301822191350442962.xml'
04-Dec-2024 14:16:21.097 INFO [http-nio-8080-exec-121] org.apache.catalina.core.ApplicationContext.log Manager: start: Starting web application '/mavenproject1'
04-Dec-2024 14:16:25.753 INFO [http-nio-8080-exec-121] org.apache.catalina.core.ApplicationContext.log Manager: list: Listing contexts for virtual host 'localhost'
04-Dec-2024 14:16:25.755 INFO [http-nio-8080-exec-128] org.apache.catalina.core.ApplicationContext.log Manager: list: Listing contexts for virtual host 'localhost'
04-Dec-2024 14:16:25.761 INFO [http-nio-8080-exec-125] org.apache.catalina.core.ApplicationContext.log Manager: undeploy: Undeploying web application at '/mavenproject1'
04-Dec-2024 14:16:26.300 INFO [http-nio-8080-exec-121] org.apache.catalina.core.ApplicationContext.log Manager: install: Installing context configuration at 'file:/C:/Users/tobar/AppData/Local/Temp/context18275855574289799280.xml'
04-Dec-2024 14:16:28.165 INFO [http-nio-8080-exec-127] org.apache.catalina.core.ApplicationContext.log Manager: start: Starting web application '/mavenproject1'
04-Dec-2024 14:18:15.568 INFO [http-nio-8080-exec-136] org.apache.catalina.core.ApplicationContext.log Manager: list: Listing contexts for virtual host 'localhost'
04-Dec-2024 14:18:15.570 INFO [http-nio-8080-exec-138] org.apache.catalina.core.ApplicationContext.log Manager: list: Listing contexts for virtual host 'localhost'
04-Dec-2024 14:18:15.576 INFO [http-nio-8080-exec-137] org.apache.catalina.core.ApplicationContext.log Manager: undeploy: Undeploying web application at '/mavenproject1'
04-Dec-2024 14:18:16.098 INFO [http-nio-8080-exec-136] org.apache.catalina.core.ApplicationContext.log Manager: install: Installing context configuration at 'file:/C:/Users/tobar/AppData/Local/Temp/context12650217943003478639.xml'
04-Dec-2024 14:18:17.559 INFO [http-nio-8080-exec-133] org.apache.catalina.core.ApplicationContext.log Manager: start: Starting web application '/mavenproject1'
04-Dec-2024 14:19:03.047 INFO [http-nio-8080-exec-130] org.apache.catalina.core.ApplicationContext.log Manager: list: Listing contexts for virtual host 'localhost'
04-Dec-2024 14:19:03.050 INFO [http-nio-8080-exec-141] org.apache.catalina.core.ApplicationContext.log Manager: list: Listing contexts for virtual host 'localhost'
04-Dec-2024 14:19:03.055 INFO [http-nio-8080-exec-142] org.apache.catalina.core.ApplicationContext.log Manager: undeploy: Undeploying web application at '/mavenproject1'
04-Dec-2024 14:19:03.595 INFO [http-nio-8080-exec-143] org.apache.catalina.core.ApplicationContext.log Manager: install: Installing context configuration at 'file:/C:/Users/tobar/AppData/Local/Temp/context15009220224475942863.xml'
04-Dec-2024 14:19:05.071 INFO [http-nio-8080-exec-141] org.apache.catalina.core.ApplicationContext.log Manager: start: Starting web application '/mavenproject1'
04-Dec-2024 14:22:13.572 INFO [http-nio-8080-exec-146] org.apache.catalina.core.ApplicationContext.log Manager: list: Listing contexts for virtual host 'localhost'
04-Dec-2024 14:22:13.573 INFO [http-nio-8080-exec-152] org.apache.catalina.core.ApplicationContext.log Manager: list: Listing contexts for virtual host 'localhost'
04-Dec-2024 14:22:13.579 INFO [http-nio-8080-exec-153] org.apache.catalina.core.ApplicationContext.log Manager: undeploy: Undeploying web application at '/mavenproject1'
04-Dec-2024 14:22:14.116 INFO [http-nio-8080-exec-145] org.apache.catalina.core.ApplicationContext.log Manager: install: Installing context configuration at 'file:/C:/Users/tobar/AppData/Local/Temp/context11977366114055196809.xml'
04-Dec-2024 14:22:15.516 INFO [http-nio-8080-exec-151] org.apache.catalina.core.ApplicationContext.log Manager: start: Starting web application '/mavenproject1'
04-Dec-2024 14:24:09.089 INFO [http-nio-8080-exec-160] org.apache.catalina.core.ApplicationContext.log Manager: list: Listing contexts for virtual host 'localhost'
04-Dec-2024 14:24:09.091 INFO [http-nio-8080-exec-161] org.apache.catalina.core.ApplicationContext.log Manager: list: Listing contexts for virtual host 'localhost'
04-Dec-2024 14:24:09.100 INFO [http-nio-8080-exec-155] org.apache.catalina.core.ApplicationContext.log Manager: undeploy: Undeploying web application at '/mavenproject1'
04-Dec-2024 14:24:09.625 INFO [http-nio-8080-exec-158] org.apache.catalina.core.ApplicationContext.log Manager: install: Installing context configuration at 'file:/C:/Users/tobar/AppData/Local/Temp/context10454972839094749316.xml'
04-Dec-2024 14:24:11.092 INFO [http-nio-8080-exec-159] org.apache.catalina.core.ApplicationContext.log Manager: start: Starting web application '/mavenproject1'
04-Dec-2024 14:30:49.310 INFO [http-nio-8080-exec-173] org.apache.catalina.core.ApplicationContext.log Manager: list: Listing contexts for virtual host 'localhost'
04-Dec-2024 14:30:49.312 INFO [http-nio-8080-exec-171] org.apache.catalina.core.ApplicationContext.log Manager: list: Listing contexts for virtual host 'localhost'
04-Dec-2024 14:30:49.317 INFO [http-nio-8080-exec-167] org.apache.catalina.core.ApplicationContext.log Manager: undeploy: Undeploying web application at '/mavenproject1'
04-Dec-2024 14:30:49.843 INFO [http-nio-8080-exec-174] org.apache.catalina.core.ApplicationContext.log Manager: install: Installing context configuration at 'file:/C:/Users/tobar/AppData/Local/Temp/context13269720927204580268.xml'
04-Dec-2024 14:30:51.188 INFO [http-nio-8080-exec-172] org.apache.catalina.core.ApplicationContext.log Manager: start: Starting web application '/mavenproject1'
04-Dec-2024 14:34:02.238 INFO [http-nio-8080-exec-181] org.apache.catalina.core.ApplicationContext.log Manager: list: Listing contexts for virtual host 'localhost'
04-Dec-2024 14:34:02.240 INFO [http-nio-8080-exec-175] org.apache.catalina.core.ApplicationContext.log Manager: list: Listing contexts for virtual host 'localhost'
04-Dec-2024 14:34:02.248 INFO [http-nio-8080-exec-176] org.apache.catalina.core.ApplicationContext.log Manager: undeploy: Undeploying web application at '/mavenproject1'
04-Dec-2024 14:34:02.782 INFO [http-nio-8080-exec-182] org.apache.catalina.core.ApplicationContext.log Manager: install: Installing context configuration at 'file:/C:/Users/tobar/AppData/Local/Temp/context13435892726830146967.xml'
04-Dec-2024 14:34:04.087 INFO [http-nio-8080-exec-178] org.apache.catalina.core.ApplicationContext.log Manager: start: Starting web application '/mavenproject1'
04-Dec-2024 14:35:05.179 INFO [http-nio-8080-exec-185] org.apache.catalina.core.ApplicationContext.log Manager: list: Listing contexts for virtual host 'localhost'
04-Dec-2024 14:35:05.181 INFO [http-nio-8080-exec-191] org.apache.catalina.core.ApplicationContext.log Manager: list: Listing contexts for virtual host 'localhost'
04-Dec-2024 14:35:05.186 INFO [http-nio-8080-exec-186] org.apache.catalina.core.ApplicationContext.log Manager: undeploy: Undeploying web application at '/mavenproject1'
04-Dec-2024 14:35:05.721 INFO [http-nio-8080-exec-192] org.apache.catalina.core.ApplicationContext.log Manager: install: Installing context configuration at 'file:/C:/Users/tobar/AppData/Local/Temp/context1520322658305790934.xml'
04-Dec-2024 14:35:07.986 INFO [http-nio-8080-exec-193] org.apache.catalina.core.ApplicationContext.log Manager: start: Starting web application '/mavenproject1'
04-Dec-2024 14:37:12.531 INFO [http-nio-8080-exec-201] org.apache.catalina.core.ApplicationContext.log Manager: list: Listing contexts for virtual host 'localhost'
04-Dec-2024 14:37:12.533 INFO [http-nio-8080-exec-194] org.apache.catalina.core.ApplicationContext.log Manager: list: Listing contexts for virtual host 'localhost'
04-Dec-2024 14:37:12.543 INFO [http-nio-8080-exec-202] org.apache.catalina.core.ApplicationContext.log Manager: undeploy: Undeploying web application at '/mavenproject1'
04-Dec-2024 14:37:13.074 INFO [http-nio-8080-exec-195] org.apache.catalina.core.ApplicationContext.log Manager: install: Installing context configuration at 'file:/C:/Users/tobar/AppData/Local/Temp/context4663324797958838244.xml'
04-Dec-2024 14:37:14.485 INFO [http-nio-8080-exec-203] org.apache.catalina.core.ApplicationContext.log Manager: start: Starting web application '/mavenproject1'
04-Dec-2024 14:37:54.060 INFO [http-nio-8080-exec-197] org.apache.catalina.core.ApplicationContext.log Manager: list: Listing contexts for virtual host 'localhost'
04-Dec-2024 14:37:54.061 INFO [http-nio-8080-exec-208] org.apache.catalina.core.ApplicationContext.log Manager: list: Listing contexts for virtual host 'localhost'
04-Dec-2024 14:37:54.066 INFO [http-nio-8080-exec-209] org.apache.catalina.core.ApplicationContext.log Manager: undeploy: Undeploying web application at '/mavenproject1'
04-Dec-2024 14:37:54.599 INFO [http-nio-8080-exec-198] org.apache.catalina.core.ApplicationContext.log Manager: install: Installing context configuration at 'file:/C:/Users/tobar/AppData/Local/Temp/context10064520909028217634.xml'
04-Dec-2024 14:37:55.892 INFO [http-nio-8080-exec-206] org.apache.catalina.core.ApplicationContext.log Manager: start: Starting web application '/mavenproject1'
04-Dec-2024 14:39:13.105 INFO [http-nio-8080-exec-218] org.apache.catalina.core.ApplicationContext.log Manager: list: Listing contexts for virtual host 'localhost'
04-Dec-2024 14:39:13.107 INFO [http-nio-8080-exec-217] org.apache.catalina.core.ApplicationContext.log Manager: list: Listing contexts for virtual host 'localhost'
04-Dec-2024 14:39:13.112 INFO [http-nio-8080-exec-219] org.apache.catalina.core.ApplicationContext.log Manager: undeploy: Undeploying web application at '/mavenproject1'
04-Dec-2024 14:39:13.636 INFO [http-nio-8080-exec-217] org.apache.catalina.core.ApplicationContext.log Manager: install: Installing context configuration at 'file:/C:/Users/tobar/AppData/Local/Temp/context911949462688196128.xml'
04-Dec-2024 14:39:14.886 INFO [http-nio-8080-exec-212] org.apache.catalina.core.ApplicationContext.log Manager: start: Starting web application '/mavenproject1'
04-Dec-2024 14:41:35.915 INFO [http-nio-8080-exec-223] org.apache.catalina.core.ApplicationContext.log Manager: list: Listing contexts for virtual host 'localhost'
04-Dec-2024 14:41:35.916 INFO [http-nio-8080-exec-227] org.apache.catalina.core.ApplicationContext.log Manager: list: Listing contexts for virtual host 'localhost'
04-Dec-2024 14:41:35.922 INFO [http-nio-8080-exec-230] org.apache.catalina.core.ApplicationContext.log Manager: undeploy: Undeploying web application at '/mavenproject1'
04-Dec-2024 14:41:36.457 INFO [http-nio-8080-exec-224] org.apache.catalina.core.ApplicationContext.log Manager: install: Installing context configuration at 'file:/C:/Users/tobar/AppData/Local/Temp/context13711317949854670451.xml'
04-Dec-2024 14:41:37.717 INFO [http-nio-8080-exec-229] org.apache.catalina.core.ApplicationContext.log Manager: start: Starting web application '/mavenproject1'
04-Dec-2024 14:44:35.908 INFO [http-nio-8080-exec-238] org.apache.catalina.core.ApplicationContext.log Manager: list: Listing contexts for virtual host 'localhost'
04-Dec-2024 14:44:35.910 INFO [http-nio-8080-exec-240] org.apache.catalina.core.ApplicationContext.log Manager: list: Listing contexts for virtual host 'localhost'
04-Dec-2024 14:44:35.916 INFO [http-nio-8080-exec-235] org.apache.catalina.core.ApplicationContext.log Manager: undeploy: Undeploying web application at '/mavenproject1'
04-Dec-2024 14:44:36.468 INFO [http-nio-8080-exec-238] org.apache.catalina.core.ApplicationContext.log Manager: install: Installing context configuration at 'file:/C:/Users/tobar/AppData/Local/Temp/context7032412635032902699.xml'
04-Dec-2024 14:44:37.680 INFO [http-nio-8080-exec-236] org.apache.catalina.core.ApplicationContext.log Manager: start: Starting web application '/mavenproject1'
04-Dec-2024 15:13:34.711 INFO [http-nio-8080-exec-245] org.apache.catalina.core.ApplicationContext.log Manager: list: Listing contexts for virtual host 'localhost'
04-Dec-2024 15:13:34.712 INFO [http-nio-8080-exec-246] org.apache.catalina.core.ApplicationContext.log Manager: list: Listing contexts for virtual host 'localhost'
04-Dec-2024 15:13:34.717 INFO [http-nio-8080-exec-247] org.apache.catalina.core.ApplicationContext.log Manager: undeploy: Undeploying web application at '/mavenproject1'
04-Dec-2024 15:13:35.254 INFO [http-nio-8080-exec-244] org.apache.catalina.core.ApplicationContext.log Manager: install: Installing context configuration at 'file:/C:/Users/tobar/AppData/Local/Temp/context160796291001502118.xml'
04-Dec-2024 15:13:36.507 INFO [http-nio-8080-exec-248] org.apache.catalina.core.ApplicationContext.log Manager: start: Starting web application '/mavenproject1'
04-Dec-2024 15:16:30.061 INFO [http-nio-8080-exec-252] org.apache.catalina.core.ApplicationContext.log Manager: list: Listing contexts for virtual host 'localhost'
04-Dec-2024 15:16:30.063 INFO [http-nio-8080-exec-253] org.apache.catalina.core.ApplicationContext.log Manager: list: Listing contexts for virtual host 'localhost'
04-Dec-2024 15:16:30.068 INFO [http-nio-8080-exec-254] org.apache.catalina.core.ApplicationContext.log Manager: undeploy: Undeploying web application at '/mavenproject1'
04-Dec-2024 15:16:30.596 INFO [http-nio-8080-exec-252] org.apache.catalina.core.ApplicationContext.log Manager: install: Installing context configuration at 'file:/C:/Users/tobar/AppData/Local/Temp/context13935892827603943314.xml'
04-Dec-2024 15:16:31.835 INFO [http-nio-8080-exec-257] org.apache.catalina.core.ApplicationContext.log Manager: start: Starting web application '/mavenproject1'
04-Dec-2024 15:19:20.631 INFO [http-nio-8080-exec-261] org.apache.catalina.core.ApplicationContext.log Manager: list: Listing contexts for virtual host 'localhost'
04-Dec-2024 15:19:20.633 INFO [http-nio-8080-exec-268] org.apache.catalina.core.ApplicationContext.log Manager: list: Listing contexts for virtual host 'localhost'
04-Dec-2024 15:19:20.638 INFO [http-nio-8080-exec-269] org.apache.catalina.core.ApplicationContext.log Manager: undeploy: Undeploying web application at '/mavenproject1'
04-Dec-2024 15:19:21.163 INFO [http-nio-8080-exec-261] org.apache.catalina.core.ApplicationContext.log Manager: install: Installing context configuration at 'file:/C:/Users/tobar/AppData/Local/Temp/context10048782602741487356.xml'
04-Dec-2024 15:19:22.485 INFO [http-nio-8080-exec-264] org.apache.catalina.core.ApplicationContext.log Manager: start: Starting web application '/mavenproject1'
04-Dec-2024 15:26:39.082 INFO [http-nio-8080-exec-278] org.apache.catalina.core.ApplicationContext.log Manager: list: Listing contexts for virtual host 'localhost'
04-Dec-2024 15:26:39.084 INFO [http-nio-8080-exec-273] org.apache.catalina.core.ApplicationContext.log Manager: list: Listing contexts for virtual host 'localhost'
04-Dec-2024 15:26:39.089 INFO [http-nio-8080-exec-279] org.apache.catalina.core.ApplicationContext.log Manager: undeploy: Undeploying web application at '/mavenproject1'
04-Dec-2024 15:26:39.621 INFO [http-nio-8080-exec-277] org.apache.catalina.core.ApplicationContext.log Manager: install: Installing context configuration at 'file:/C:/Users/tobar/AppData/Local/Temp/context16483569839042859454.xml'
04-Dec-2024 15:26:40.877 INFO [http-nio-8080-exec-276] org.apache.catalina.core.ApplicationContext.log Manager: start: Starting web application '/mavenproject1'
04-Dec-2024 15:28:32.019 INFO [http-nio-8080-exec-281] org.apache.catalina.core.ApplicationContext.log Manager: list: Listing contexts for virtual host 'localhost'
04-Dec-2024 15:28:32.020 INFO [http-nio-8080-exec-288] org.apache.catalina.core.ApplicationContext.log Manager: list: Listing contexts for virtual host 'localhost'
04-Dec-2024 15:28:32.025 INFO [http-nio-8080-exec-289] org.apache.catalina.core.ApplicationContext.log Manager: undeploy: Undeploying web application at '/mavenproject1'
04-Dec-2024 15:28:32.549 INFO [http-nio-8080-exec-282] org.apache.catalina.core.ApplicationContext.log Manager: install: Installing context configuration at 'file:/C:/Users/tobar/AppData/Local/Temp/context11645654424573345229.xml'
04-Dec-2024 15:28:33.775 INFO [http-nio-8080-exec-290] org.apache.catalina.core.ApplicationContext.log Manager: start: Starting web application '/mavenproject1'
04-Dec-2024 15:35:32.153 INFO [http-nio-8080-exec-298] org.apache.catalina.core.ApplicationContext.log Manager: list: Listing contexts for virtual host 'localhost'
04-Dec-2024 15:35:32.155 INFO [http-nio-8080-exec-297] org.apache.catalina.core.ApplicationContext.log Manager: list: Listing contexts for virtual host 'localhost'
04-Dec-2024 15:35:32.160 INFO [http-nio-8080-exec-299] org.apache.catalina.core.ApplicationContext.log Manager: undeploy: Undeploying web application at '/mavenproject1'
04-Dec-2024 15:35:32.695 INFO [http-nio-8080-exec-293] org.apache.catalina.core.ApplicationContext.log Manager: install: Installing context configuration at 'file:/C:/Users/tobar/AppData/Local/Temp/context3745945372701200602.xml'
04-Dec-2024 15:35:34.726 INFO [http-nio-8080-exec-294] org.apache.catalina.core.ApplicationContext.log Manager: start: Starting web application '/mavenproject1'
04-Dec-2024 15:37:00.838 INFO [http-nio-8080-exec-307] org.apache.catalina.core.ApplicationContext.log Manager: list: Listing contexts for virtual host 'localhost'
04-Dec-2024 15:37:00.840 INFO [http-nio-8080-exec-308] org.apache.catalina.core.ApplicationContext.log Manager: list: Listing contexts for virtual host 'localhost'
04-Dec-2024 15:37:00.847 INFO [http-nio-8080-exec-310] org.apache.catalina.core.ApplicationContext.log Manager: undeploy: Undeploying web application at '/mavenproject1'
04-Dec-2024 15:37:01.389 INFO [http-nio-8080-exec-303] org.apache.catalina.core.ApplicationContext.log Manager: install: Installing context configuration at 'file:/C:/Users/tobar/AppData/Local/Temp/context7271372416072840159.xml'
04-Dec-2024 15:37:02.927 INFO [http-nio-8080-exec-306] org.apache.catalina.core.ApplicationContext.log Manager: start: Starting web application '/mavenproject1'
04-Dec-2024 15:41:38.851 INFO [http-nio-8080-exec-311] org.apache.catalina.core.ApplicationContext.log Manager: list: Listing contexts for virtual host 'localhost'
04-Dec-2024 15:41:38.853 INFO [http-nio-8080-exec-315] org.apache.catalina.core.ApplicationContext.log Manager: list: Listing contexts for virtual host 'localhost'
04-Dec-2024 15:41:38.858 INFO [http-nio-8080-exec-320] org.apache.catalina.core.ApplicationContext.log Manager: undeploy: Undeploying web application at '/mavenproject1'
04-Dec-2024 15:41:39.395 INFO [http-nio-8080-exec-314] org.apache.catalina.core.ApplicationContext.log Manager: install: Installing context configuration at 'file:/C:/Users/tobar/AppData/Local/Temp/context13182084192975695567.xml'
04-Dec-2024 15:41:42.331 INFO [http-nio-8080-exec-313] org.apache.catalina.core.ApplicationContext.log Manager: start: Starting web application '/mavenproject1'
04-Dec-2024 15:41:49.591 INFO [http-nio-8080-exec-313] org.apache.catalina.core.ApplicationContext.log Manager: list: Listing contexts for virtual host 'localhost'
04-Dec-2024 15:41:49.592 INFO [http-nio-8080-exec-323] org.apache.catalina.core.ApplicationContext.log Manager: list: Listing contexts for virtual host 'localhost'
04-Dec-2024 15:41:49.598 INFO [http-nio-8080-exec-315] org.apache.catalina.core.ApplicationContext.log Manager: undeploy: Undeploying web application at '/mavenproject1'
04-Dec-2024 15:41:50.123 INFO [http-nio-8080-exec-319] org.apache.catalina.core.ApplicationContext.log Manager: install: Installing context configuration at 'file:/C:/Users/tobar/AppData/Local/Temp/context14333149638272066489.xml'
04-Dec-2024 15:41:51.434 INFO [http-nio-8080-exec-313] org.apache.catalina.core.ApplicationContext.log Manager: start: Starting web application '/mavenproject1'
04-Dec-2024 15:42:12.365 INFO [http-nio-8080-exec-322] org.apache.catalina.core.ApplicationContext.log Manager: list: Listing contexts for virtual host 'localhost'
04-Dec-2024 15:42:12.366 INFO [http-nio-8080-exec-327] org.apache.catalina.core.ApplicationContext.log Manager: list: Listing contexts for virtual host 'localhost'
04-Dec-2024 15:42:12.372 INFO [http-nio-8080-exec-324] org.apache.catalina.core.ApplicationContext.log Manager: undeploy: Undeploying web application at '/mavenproject1'
04-Dec-2024 15:42:12.912 INFO [http-nio-8080-exec-315] org.apache.catalina.core.ApplicationContext.log Manager: install: Installing context configuration at 'file:/C:/Users/tobar/AppData/Local/Temp/context4869172931469490860.xml'
04-Dec-2024 15:42:14.268 INFO [http-nio-8080-exec-327] org.apache.catalina.core.ApplicationContext.log Manager: start: Starting web application '/mavenproject1'
04-Dec-2024 15:42:57.369 INFO [http-nio-8080-exec-331] org.apache.catalina.core.ApplicationContext.log Manager: list: Listing contexts for virtual host 'localhost'
04-Dec-2024 15:42:57.371 INFO [http-nio-8080-exec-322] org.apache.catalina.core.ApplicationContext.log Manager: list: Listing contexts for virtual host 'localhost'
04-Dec-2024 15:42:57.376 INFO [http-nio-8080-exec-332] org.apache.catalina.core.ApplicationContext.log Manager: undeploy: Undeploying web application at '/mavenproject1'
04-Dec-2024 15:42:57.898 INFO [http-nio-8080-exec-328] org.apache.catalina.core.ApplicationContext.log Manager: install: Installing context configuration at 'file:/C:/Users/tobar/AppData/Local/Temp/context620727779584543967.xml'
04-Dec-2024 15:42:59.197 INFO [http-nio-8080-exec-322] org.apache.catalina.core.ApplicationContext.log Manager: start: Starting web application '/mavenproject1'
04-Dec-2024 15:43:47.263 INFO [http-nio-8080-exec-337] org.apache.catalina.core.ApplicationContext.log Manager: list: Listing contexts for virtual host 'localhost'
04-Dec-2024 15:43:47.264 INFO [http-nio-8080-exec-327] org.apache.catalina.core.ApplicationContext.log Manager: list: Listing contexts for virtual host 'localhost'
04-Dec-2024 15:43:47.269 INFO [http-nio-8080-exec-338] org.apache.catalina.core.ApplicationContext.log Manager: undeploy: Undeploying web application at '/mavenproject1'
04-Dec-2024 15:43:47.799 INFO [http-nio-8080-exec-336] org.apache.catalina.core.ApplicationContext.log Manager: install: Installing context configuration at 'file:/C:/Users/tobar/AppData/Local/Temp/context13003941321955367925.xml'
04-Dec-2024 15:43:49.793 INFO [http-nio-8080-exec-335] org.apache.catalina.core.ApplicationContext.log Manager: start: Starting web application '/mavenproject1'
04-Dec-2024 16:02:14.418 INFO [http-nio-8080-exec-348] org.apache.catalina.core.ApplicationContext.log Manager: list: Listing contexts for virtual host 'localhost'
04-Dec-2024 16:02:14.419 INFO [http-nio-8080-exec-347] org.apache.catalina.core.ApplicationContext.log Manager: list: Listing contexts for virtual host 'localhost'
04-Dec-2024 16:02:14.424 INFO [http-nio-8080-exec-349] org.apache.catalina.core.ApplicationContext.log Manager: undeploy: Undeploying web application at '/mavenproject1'
04-Dec-2024 16:02:14.954 INFO [http-nio-8080-exec-350] org.apache.catalina.core.ApplicationContext.log Manager: install: Installing context configuration at 'file:/C:/Users/tobar/AppData/Local/Temp/context1224065753276750862.xml'
04-Dec-2024 16:02:16.343 INFO [http-nio-8080-exec-343] org.apache.catalina.core.ApplicationContext.log Manager: start: Starting web application '/mavenproject1'
04-Dec-2024 16:02:31.244 INFO [http-nio-8080-exec-346] org.apache.catalina.core.ApplicationContext.log Manager: list: Listing contexts for virtual host 'localhost'
04-Dec-2024 16:02:31.245 INFO [http-nio-8080-exec-348] org.apache.catalina.core.ApplicationContext.log Manager: list: Listing contexts for virtual host 'localhost'
04-Dec-2024 16:02:31.253 INFO [http-nio-8080-exec-354] org.apache.catalina.core.ApplicationContext.log Manager: undeploy: Undeploying web application at '/mavenproject1'
04-Dec-2024 16:02:31.844 INFO [http-nio-8080-exec-346] org.apache.catalina.core.ApplicationContext.log Manager: install: Installing context configuration at 'file:/C:/Users/tobar/AppData/Local/Temp/context10984245542690598370.xml'
04-Dec-2024 16:02:33.188 INFO [http-nio-8080-exec-353] org.apache.catalina.core.ApplicationContext.log Manager: start: Starting web application '/mavenproject1'
04-Dec-2024 16:11:15.734 INFO [http-nio-8080-exec-358] org.apache.catalina.core.ApplicationContext.log Manager: list: Listing contexts for virtual host 'localhost'
04-Dec-2024 16:11:15.793 INFO [http-nio-8080-exec-364] org.apache.catalina.core.ApplicationContext.log Manager: list: Listing contexts for virtual host 'localhost'
04-Dec-2024 16:11:15.800 INFO [http-nio-8080-exec-359] org.apache.catalina.core.ApplicationContext.log Manager: undeploy: Undeploying web application at '/mavenproject1'
04-Dec-2024 16:11:16.364 INFO [http-nio-8080-exec-358] org.apache.catalina.core.ApplicationContext.log Manager: install: Installing context configuration at 'file:/C:/Users/tobar/AppData/Local/Temp/context6020972073457836855.xml'
04-Dec-2024 16:11:18.066 INFO [http-nio-8080-exec-363] org.apache.catalina.core.ApplicationContext.log Manager: start: Starting web application '/mavenproject1'
04-Dec-2024 16:17:23.198 INFO [http-nio-8080-exec-367] org.apache.catalina.core.ApplicationContext.log Manager: list: Listing contexts for virtual host 'localhost'
04-Dec-2024 16:17:23.200 INFO [http-nio-8080-exec-375] org.apache.catalina.core.ApplicationContext.log Manager: list: Listing contexts for virtual host 'localhost'
04-Dec-2024 16:17:23.206 INFO [http-nio-8080-exec-368] org.apache.catalina.core.ApplicationContext.log Manager: undeploy: Undeploying web application at '/mavenproject1'
04-Dec-2024 16:17:23.736 INFO [http-nio-8080-exec-367] org.apache.catalina.core.ApplicationContext.log Manager: install: Installing context configuration at 'file:/C:/Users/tobar/AppData/Local/Temp/context13417614669360042319.xml'
04-Dec-2024 16:17:25.080 INFO [http-nio-8080-exec-370] org.apache.catalina.core.ApplicationContext.log Manager: start: Starting web application '/mavenproject1'
04-Dec-2024 16:17:54.213 INFO [http-nio-8080-exec-381] org.apache.catalina.core.ApplicationContext.log Manager: list: Listing contexts for virtual host 'localhost'
04-Dec-2024 16:17:54.215 INFO [http-nio-8080-exec-378] org.apache.catalina.core.ApplicationContext.log Manager: list: Listing contexts for virtual host 'localhost'
04-Dec-2024 16:17:54.257 INFO [http-nio-8080-exec-382] org.apache.catalina.core.ApplicationContext.log Manager: undeploy: Undeploying web application at '/mavenproject1'
04-Dec-2024 16:17:54.786 INFO [http-nio-8080-exec-378] org.apache.catalina.core.ApplicationContext.log Manager: install: Installing context configuration at 'file:/C:/Users/tobar/AppData/Local/Temp/context1335404883511607543.xml'
04-Dec-2024 16:17:56.306 INFO [http-nio-8080-exec-381] org.apache.catalina.core.ApplicationContext.log Manager: start: Starting web application '/mavenproject1'
04-Dec-2024 16:19:28.575 INFO [http-nio-8080-exec-390] org.apache.catalina.core.ApplicationContext.log Manager: list: Listing contexts for virtual host 'localhost'
04-Dec-2024 16:19:28.576 INFO [http-nio-8080-exec-391] org.apache.catalina.core.ApplicationContext.log Manager: list: Listing contexts for virtual host 'localhost'
04-Dec-2024 16:19:28.581 INFO [http-nio-8080-exec-393] org.apache.catalina.core.ApplicationContext.log Manager: undeploy: Undeploying web application at '/mavenproject1'
04-Dec-2024 16:19:29.101 INFO [http-nio-8080-exec-392] org.apache.catalina.core.ApplicationContext.log Manager: install: Installing context configuration at 'file:/C:/Users/tobar/AppData/Local/Temp/context6853138719163313609.xml'
04-Dec-2024 16:19:30.435 INFO [http-nio-8080-exec-387] org.apache.catalina.core.ApplicationContext.log Manager: start: Starting web application '/mavenproject1'
04-Dec-2024 16:21:39.828 INFO [http-nio-8080-exec-400] org.apache.catalina.core.ApplicationContext.log Manager: list: Listing contexts for virtual host 'localhost'
04-Dec-2024 16:21:39.829 INFO [http-nio-8080-exec-401] org.apache.catalina.core.ApplicationContext.log Manager: list: Listing contexts for virtual host 'localhost'
04-Dec-2024 16:21:39.834 INFO [http-nio-8080-exec-402] org.apache.catalina.core.ApplicationContext.log Manager: undeploy: Undeploying web application at '/mavenproject1'
04-Dec-2024 16:21:40.430 INFO [http-nio-8080-exec-395] org.apache.catalina.core.ApplicationContext.log Manager: install: Installing context configuration at 'file:/C:/Users/tobar/AppData/Local/Temp/context12819487678887240509.xml'
04-Dec-2024 16:21:41.735 INFO [http-nio-8080-exec-398] org.apache.catalina.core.ApplicationContext.log Manager: start: Starting web application '/mavenproject1'
04-Dec-2024 16:22:04.419 INFO [http-nio-8080-exec-407] org.apache.catalina.core.ApplicationContext.log Manager: list: Listing contexts for virtual host 'localhost'
04-Dec-2024 16:22:04.421 INFO [http-nio-8080-exec-397] org.apache.catalina.core.ApplicationContext.log Manager: list: Listing contexts for virtual host 'localhost'
04-Dec-2024 16:22:04.425 INFO [http-nio-8080-exec-408] org.apache.catalina.core.ApplicationContext.log Manager: undeploy: Undeploying web application at '/mavenproject1'
04-Dec-2024 16:22:04.951 INFO [http-nio-8080-exec-397] org.apache.catalina.core.ApplicationContext.log Manager: install: Installing context configuration at 'file:/C:/Users/tobar/AppData/Local/Temp/context15480762808239828310.xml'
04-Dec-2024 16:22:06.626 INFO [http-nio-8080-exec-404] org.apache.catalina.core.ApplicationContext.log Manager: start: Starting web application '/mavenproject1'
04-Dec-2024 16:22:43.599 INFO [http-nio-8080-exec-413] org.apache.catalina.core.ApplicationContext.log Manager: list: Listing contexts for virtual host 'localhost'
04-Dec-2024 16:22:43.600 INFO [http-nio-8080-exec-405] org.apache.catalina.core.ApplicationContext.log Manager: list: Listing contexts for virtual host 'localhost'
04-Dec-2024 16:22:43.606 INFO [http-nio-8080-exec-414] org.apache.catalina.core.ApplicationContext.log Manager: undeploy: Undeploying web application at '/mavenproject1'
04-Dec-2024 16:22:44.147 INFO [http-nio-8080-exec-416] org.apache.catalina.core.ApplicationContext.log Manager: install: Installing context configuration at 'file:/C:/Users/tobar/AppData/Local/Temp/context17107438986377809937.xml'
04-Dec-2024 16:22:45.849 INFO [http-nio-8080-exec-412] org.apache.catalina.core.ApplicationContext.log Manager: start: Starting web application '/mavenproject1'
04-Dec-2024 16:23:13.426 INFO [http-nio-8080-exec-415] org.apache.catalina.core.ApplicationContext.log Manager: list: Listing contexts for virtual host 'localhost'
04-Dec-2024 16:23:13.427 INFO [http-nio-8080-exec-414] org.apache.catalina.core.ApplicationContext.log Manager: list: Listing contexts for virtual host 'localhost'
04-Dec-2024 16:23:13.433 INFO [http-nio-8080-exec-417] org.apache.catalina.core.ApplicationContext.log Manager: undeploy: Undeploying web application at '/mavenproject1'
04-Dec-2024 16:23:13.969 INFO [http-nio-8080-exec-414] org.apache.catalina.core.ApplicationContext.log Manager: install: Installing context configuration at 'file:/C:/Users/tobar/AppData/Local/Temp/context17180617495201557133.xml'
04-Dec-2024 16:23:15.266 INFO [http-nio-8080-exec-421] org.apache.catalina.core.ApplicationContext.log Manager: start: Starting web application '/mavenproject1'
04-Dec-2024 16:24:20.969 INFO [http-nio-8080-exec-426] org.apache.catalina.core.ApplicationContext.log Manager: list: Listing contexts for virtual host 'localhost'
04-Dec-2024 16:24:20.970 INFO [http-nio-8080-exec-430] org.apache.catalina.core.ApplicationContext.log Manager: list: Listing contexts for virtual host 'localhost'
04-Dec-2024 16:24:20.975 INFO [http-nio-8080-exec-417] org.apache.catalina.core.ApplicationContext.log Manager: undeploy: Undeploying web application at '/mavenproject1'
04-Dec-2024 16:24:21.509 INFO [http-nio-8080-exec-424] org.apache.catalina.core.ApplicationContext.log Manager: install: Installing context configuration at 'file:/C:/Users/tobar/AppData/Local/Temp/context1120822780199521072.xml'
04-Dec-2024 16:24:22.760 INFO [http-nio-8080-exec-425] org.apache.catalina.core.ApplicationContext.log Manager: start: Starting web application '/mavenproject1'
04-Dec-2024 16:28:34.163 INFO [http-nio-8080-exec-432] org.apache.catalina.core.ApplicationContext.log Manager: list: Listing contexts for virtual host 'localhost'
04-Dec-2024 16:28:34.164 INFO [http-nio-8080-exec-437] org.apache.catalina.core.ApplicationContext.log Manager: list: Listing contexts for virtual host 'localhost'
04-Dec-2024 16:28:34.169 INFO [http-nio-8080-exec-433] org.apache.catalina.core.ApplicationContext.log Manager: undeploy: Undeploying web application at '/mavenproject1'
04-Dec-2024 16:28:34.693 INFO [http-nio-8080-exec-437] org.apache.catalina.core.ApplicationContext.log Manager: install: Installing context configuration at 'file:/C:/Users/tobar/AppData/Local/Temp/context11938355820036491401.xml'
04-Dec-2024 16:28:35.915 INFO [http-nio-8080-exec-440] org.apache.catalina.core.ApplicationContext.log Manager: start: Starting web application '/mavenproject1'
04-Dec-2024 16:31:24.943 INFO [http-nio-8080-exec-448] org.apache.catalina.core.ApplicationContext.log Manager: list: Listing contexts for virtual host 'localhost'
04-Dec-2024 16:31:24.944 INFO [http-nio-8080-exec-449] org.apache.catalina.core.ApplicationContext.log Manager: list: Listing contexts for virtual host 'localhost'
04-Dec-2024 16:31:24.948 INFO [http-nio-8080-exec-450] org.apache.catalina.core.ApplicationContext.log Manager: undeploy: Undeploying web application at '/mavenproject1'
04-Dec-2024 16:31:25.469 INFO [http-nio-8080-exec-451] org.apache.catalina.core.ApplicationContext.log Manager: install: Installing context configuration at 'file:/C:/Users/tobar/AppData/Local/Temp/context6878535140448436864.xml'
04-Dec-2024 16:31:26.754 INFO [http-nio-8080-exec-447] org.apache.catalina.core.ApplicationContext.log Manager: start: Starting web application '/mavenproject1'
04-Dec-2024 16:33:24.261 INFO [http-nio-8080-exec-458] org.apache.catalina.core.ApplicationContext.log Manager: list: Listing contexts for virtual host 'localhost'
04-Dec-2024 16:33:24.262 INFO [http-nio-8080-exec-459] org.apache.catalina.core.ApplicationContext.log Manager: list: Listing contexts for virtual host 'localhost'
04-Dec-2024 16:33:24.268 INFO [http-nio-8080-exec-460] org.apache.catalina.core.ApplicationContext.log Manager: undeploy: Undeploying web application at '/mavenproject1'
04-Dec-2024 16:33:24.805 INFO [http-nio-8080-exec-454] org.apache.catalina.core.ApplicationContext.log Manager: install: Installing context configuration at 'file:/C:/Users/tobar/AppData/Local/Temp/context5976337359315312467.xml'
04-Dec-2024 16:33:26.090 INFO [http-nio-8080-exec-461] org.apache.catalina.core.ApplicationContext.log Manager: start: Starting web application '/mavenproject1'
04-Dec-2024 16:34:36.824 INFO [http-nio-8080-exec-468] org.apache.catalina.core.ApplicationContext.log Manager: list: Listing contexts for virtual host 'localhost'
04-Dec-2024 16:34:36.826 INFO [http-nio-8080-exec-470] org.apache.catalina.core.ApplicationContext.log Manager: list: Listing contexts for virtual host 'localhost'
04-Dec-2024 16:34:36.830 INFO [http-nio-8080-exec-469] org.apache.catalina.core.ApplicationContext.log Manager: undeploy: Undeploying web application at '/mavenproject1'
04-Dec-2024 16:34:37.357 INFO [http-nio-8080-exec-463] org.apache.catalina.core.ApplicationContext.log Manager: install: Installing context configuration at 'file:/C:/Users/tobar/AppData/Local/Temp/context15969507603556011317.xml'
04-Dec-2024 16:34:38.625 INFO [http-nio-8080-exec-468] org.apache.catalina.core.ApplicationContext.log Manager: start: Starting web application '/mavenproject1'
04-Dec-2024 16:37:32.567 INFO [http-nio-8080-exec-477] org.apache.catalina.core.ApplicationContext.log Manager: list: Listing contexts for virtual host 'localhost'
04-Dec-2024 16:37:32.568 INFO [http-nio-8080-exec-478] org.apache.catalina.core.ApplicationContext.log Manager: list: Listing contexts for virtual host 'localhost'
04-Dec-2024 16:37:32.573 INFO [http-nio-8080-exec-479] org.apache.catalina.core.ApplicationContext.log Manager: undeploy: Undeploying web application at '/mavenproject1'
04-Dec-2024 16:37:33.102 INFO [http-nio-8080-exec-475] org.apache.catalina.core.ApplicationContext.log Manager: install: Installing context configuration at 'file:/C:/Users/tobar/AppData/Local/Temp/context10870350847253630658.xml'
04-Dec-2024 16:37:34.541 INFO [http-nio-8080-exec-474] org.apache.catalina.core.ApplicationContext.log Manager: start: Starting web application '/mavenproject1'
04-Dec-2024 16:38:53.753 INFO [http-nio-8080-exec-487] org.apache.catalina.core.ApplicationContext.log Manager: list: Listing contexts for virtual host 'localhost'
04-Dec-2024 16:38:53.755 INFO [http-nio-8080-exec-489] org.apache.catalina.core.ApplicationContext.log Manager: list: Listing contexts for virtual host 'localhost'
04-Dec-2024 16:38:53.763 INFO [http-nio-8080-exec-488] org.apache.catalina.core.ApplicationContext.log Manager: undeploy: Undeploying web application at '/mavenproject1'
04-Dec-2024 16:38:54.288 INFO [http-nio-8080-exec-486] org.apache.catalina.core.ApplicationContext.log Manager: install: Installing context configuration at 'file:/C:/Users/tobar/AppData/Local/Temp/context10922167661072404802.xml'
04-Dec-2024 16:38:55.631 INFO [http-nio-8080-exec-489] org.apache.catalina.core.ApplicationContext.log Manager: start: Starting web application '/mavenproject1'
04-Dec-2024 16:41:10.325 INFO [http-nio-8080-exec-496] org.apache.catalina.core.ApplicationContext.log Manager: list: Listing contexts for virtual host 'localhost'
04-Dec-2024 16:41:10.327 INFO [http-nio-8080-exec-497] org.apache.catalina.core.ApplicationContext.log Manager: list: Listing contexts for virtual host 'localhost'
04-Dec-2024 16:41:10.333 INFO [http-nio-8080-exec-498] org.apache.catalina.core.ApplicationContext.log Manager: undeploy: Undeploying web application at '/mavenproject1'
04-Dec-2024 16:41:10.863 INFO [http-nio-8080-exec-497] org.apache.catalina.core.ApplicationContext.log Manager: install: Installing context configuration at 'file:/C:/Users/tobar/AppData/Local/Temp/context14768627510552972795.xml'
04-Dec-2024 16:41:12.155 INFO [http-nio-8080-exec-494] org.apache.catalina.core.ApplicationContext.log Manager: start: Starting web application '/mavenproject1'
04-Dec-2024 16:42:05.389 INFO [http-nio-8080-exec-501] org.apache.catalina.core.ApplicationContext.log Manager: list: Listing contexts for virtual host 'localhost'
04-Dec-2024 16:42:05.391 INFO [http-nio-8080-exec-505] org.apache.catalina.core.ApplicationContext.log Manager: list: Listing contexts for virtual host 'localhost'
04-Dec-2024 16:42:05.396 INFO [http-nio-8080-exec-502] org.apache.catalina.core.ApplicationContext.log Manager: undeploy: Undeploying web application at '/mavenproject1'
04-Dec-2024 16:42:05.945 INFO [http-nio-8080-exec-503] org.apache.catalina.core.ApplicationContext.log Manager: install: Installing context configuration at 'file:/C:/Users/tobar/AppData/Local/Temp/context13553931635828584268.xml'
04-Dec-2024 16:42:07.551 INFO [http-nio-8080-exec-506] org.apache.catalina.core.ApplicationContext.log Manager: start: Starting web application '/mavenproject1'
04-Dec-2024 16:42:51.102 INFO [http-nio-8080-exec-510] org.apache.catalina.core.ApplicationContext.log Manager: list: Listing contexts for virtual host 'localhost'
04-Dec-2024 16:42:51.103 INFO [http-nio-8080-exec-514] org.apache.catalina.core.ApplicationContext.log Manager: list: Listing contexts for virtual host 'localhost'
04-Dec-2024 16:42:51.109 INFO [http-nio-8080-exec-515] org.apache.catalina.core.ApplicationContext.log Manager: undeploy: Undeploying web application at '/mavenproject1'
04-Dec-2024 16:42:51.636 INFO [http-nio-8080-exec-517] org.apache.catalina.core.ApplicationContext.log Manager: install: Installing context configuration at 'file:/C:/Users/tobar/AppData/Local/Temp/context9748309833213503225.xml'
04-Dec-2024 16:42:53.076 INFO [http-nio-8080-exec-512] org.apache.catalina.core.ApplicationContext.log Manager: start: Starting web application '/mavenproject1'
04-Dec-2024 16:43:19.821 INFO [http-nio-8080-exec-518] org.apache.catalina.core.ApplicationContext.log Manager: list: Listing contexts for virtual host 'localhost'
04-Dec-2024 16:43:19.823 INFO [http-nio-8080-exec-523] org.apache.catalina.core.ApplicationContext.log Manager: list: Listing contexts for virtual host 'localhost'
04-Dec-2024 16:43:19.827 INFO [http-nio-8080-exec-519] org.apache.catalina.core.ApplicationContext.log Manager: undeploy: Undeploying web application at '/mavenproject1'
04-Dec-2024 16:43:20.363 INFO [http-nio-8080-exec-525] org.apache.catalina.core.ApplicationContext.log Manager: install: Installing context configuration at 'file:/C:/Users/tobar/AppData/Local/Temp/context17692958698972736777.xml'
04-Dec-2024 16:43:21.721 INFO [http-nio-8080-exec-520] org.apache.catalina.core.ApplicationContext.log Manager: start: Starting web application '/mavenproject1'
04-Dec-2024 16:46:45.772 INFO [http-nio-8080-exec-527] org.apache.catalina.core.ApplicationContext.log Manager: list: Listing contexts for virtual host 'localhost'
04-Dec-2024 16:46:45.774 INFO [http-nio-8080-exec-532] org.apache.catalina.core.ApplicationContext.log Manager: list: Listing contexts for virtual host 'localhost'
04-Dec-2024 16:46:45.779 INFO [http-nio-8080-exec-535] org.apache.catalina.core.ApplicationContext.log Manager: undeploy: Undeploying web application at '/mavenproject1'
04-Dec-2024 16:46:46.321 INFO [http-nio-8080-exec-526] org.apache.catalina.core.ApplicationContext.log Manager: install: Installing context configuration at 'file:/C:/Users/tobar/AppData/Local/Temp/context2896412238299779988.xml'
04-Dec-2024 16:46:47.926 INFO [http-nio-8080-exec-532] org.apache.catalina.core.ApplicationContext.log Manager: start: Starting web application '/mavenproject1'
04-Dec-2024 17:01:07.534 INFO [http-nio-8080-exec-538] org.apache.catalina.core.ApplicationContext.log Manager: list: Listing contexts for virtual host 'localhost'
04-Dec-2024 17:01:07.580 INFO [http-nio-8080-exec-544] org.apache.catalina.core.ApplicationContext.log Manager: list: Listing contexts for virtual host 'localhost'
04-Dec-2024 17:01:07.654 INFO [http-nio-8080-exec-545] org.apache.catalina.core.ApplicationContext.log Manager: undeploy: Undeploying web application at '/mavenproject1'
04-Dec-2024 17:01:08.970 INFO [http-nio-8080-exec-537] org.apache.catalina.core.ApplicationContext.log Manager: install: Installing context configuration at 'file:/C:/Users/tobar/AppData/Local/Temp/context5062548797390334582.xml'
04-Dec-2024 17:01:11.903 INFO [http-nio-8080-exec-544] org.apache.catalina.core.ApplicationContext.log Manager: start: Starting web application '/mavenproject1'
04-Dec-2024 17:01:32.212 INFO [http-nio-8080-exec-547] org.apache.catalina.core.ApplicationContext.log Manager: list: Listing contexts for virtual host 'localhost'
04-Dec-2024 17:01:32.214 INFO [http-nio-8080-exec-546] org.apache.catalina.core.ApplicationContext.log Manager: list: Listing contexts for virtual host 'localhost'
04-Dec-2024 17:01:32.217 INFO [http-nio-8080-exec-544] org.apache.catalina.core.ApplicationContext.log Manager: undeploy: Undeploying web application at '/mavenproject1'
04-Dec-2024 17:01:32.748 INFO [http-nio-8080-exec-542] org.apache.catalina.core.ApplicationContext.log Manager: install: Installing context configuration at 'file:/C:/Users/tobar/AppData/Local/Temp/context17828739514900005181.xml'
04-Dec-2024 17:01:34.188 INFO [http-nio-8080-exec-543] org.apache.catalina.core.ApplicationContext.log Manager: start: Starting web application '/mavenproject1'
04-Dec-2024 17:03:05.604 INFO [http-nio-8080-exec-556] org.apache.catalina.core.ApplicationContext.log Manager: list: Listing contexts for virtual host 'localhost'
04-Dec-2024 17:03:05.605 INFO [http-nio-8080-exec-559] org.apache.catalina.core.ApplicationContext.log Manager: list: Listing contexts for virtual host 'localhost'
04-Dec-2024 17:03:05.610 INFO [http-nio-8080-exec-557] org.apache.catalina.core.ApplicationContext.log Manager: undeploy: Undeploying web application at '/mavenproject1'
04-Dec-2024 17:03:06.192 INFO [http-nio-8080-exec-551] org.apache.catalina.core.ApplicationContext.log Manager: install: Installing context configuration at 'file:/C:/Users/tobar/AppData/Local/Temp/context260475818284918840.xml'
04-Dec-2024 17:03:08.631 INFO [http-nio-8080-exec-556] org.apache.catalina.core.ApplicationContext.log Manager: start: Starting web application '/mavenproject1'
04-Dec-2024 17:03:12.335 INFO [http-nio-8080-exec-556] org.apache.catalina.core.ApplicationContext.log Manager: list: Listing contexts for virtual host 'localhost'
04-Dec-2024 17:03:12.336 INFO [http-nio-8080-exec-561] org.apache.catalina.core.ApplicationContext.log Manager: list: Listing contexts for virtual host 'localhost'
04-Dec-2024 17:03:12.343 INFO [http-nio-8080-exec-552] org.apache.catalina.core.ApplicationContext.log Manager: undeploy: Undeploying web application at '/mavenproject1'
04-Dec-2024 17:03:12.874 INFO [http-nio-8080-exec-557] org.apache.catalina.core.ApplicationContext.log Manager: install: Installing context configuration at 'file:/C:/Users/tobar/AppData/Local/Temp/context10503088995826934130.xml'
04-Dec-2024 17:03:14.904 INFO [http-nio-8080-exec-560] org.apache.catalina.core.ApplicationContext.log Manager: start: Starting web application '/mavenproject1'
04-Dec-2024 17:03:23.324 INFO [http-nio-8080-exec-560] org.apache.catalina.core.ApplicationContext.log Manager: list: Listing contexts for virtual host 'localhost'
04-Dec-2024 17:03:23.325 INFO [http-nio-8080-exec-564] org.apache.catalina.core.ApplicationContext.log Manager: list: Listing contexts for virtual host 'localhost'
04-Dec-2024 17:03:23.329 INFO [http-nio-8080-exec-562] org.apache.catalina.core.ApplicationContext.log Manager: undeploy: Undeploying web application at '/mavenproject1'
04-Dec-2024 17:03:23.853 INFO [http-nio-8080-exec-565] org.apache.catalina.core.ApplicationContext.log Manager: install: Installing context configuration at 'file:/C:/Users/tobar/AppData/Local/Temp/context4293899791795834512.xml'
04-Dec-2024 17:03:25.236 INFO [http-nio-8080-exec-560] org.apache.catalina.core.ApplicationContext.log Manager: start: Starting web application '/mavenproject1'
04-Dec-2024 17:06:52.067 INFO [http-nio-8080-exec-567] org.apache.catalina.core.ApplicationContext.log Manager: list: Listing contexts for virtual host 'localhost'
04-Dec-2024 17:06:52.069 INFO [http-nio-8080-exec-573] org.apache.catalina.core.ApplicationContext.log Manager: list: Listing contexts for virtual host 'localhost'
04-Dec-2024 17:06:52.072 INFO [http-nio-8080-exec-574] org.apache.catalina.core.ApplicationContext.log Manager: undeploy: Undeploying web application at '/mavenproject1'
04-Dec-2024 17:06:52.599 INFO [http-nio-8080-exec-568] org.apache.catalina.core.ApplicationContext.log Manager: install: Installing context configuration at 'file:/C:/Users/tobar/AppData/Local/Temp/context18395540794553937346.xml'
04-Dec-2024 17:06:53.884 INFO [http-nio-8080-exec-569] org.apache.catalina.core.ApplicationContext.log Manager: start: Starting web application '/mavenproject1'
04-Dec-2024 17:08:48.064 INFO [http-nio-8080-exec-577] org.apache.catalina.core.ApplicationContext.log Manager: list: Listing contexts for virtual host 'localhost'
04-Dec-2024 17:08:48.065 INFO [http-nio-8080-exec-583] org.apache.catalina.core.ApplicationContext.log Manager: list: Listing contexts for virtual host 'localhost'
04-Dec-2024 17:08:48.070 INFO [http-nio-8080-exec-584] org.apache.catalina.core.ApplicationContext.log Manager: undeploy: Undeploying web application at '/mavenproject1'
04-Dec-2024 17:08:48.599 INFO [http-nio-8080-exec-582] org.apache.catalina.core.ApplicationContext.log Manager: install: Installing context configuration at 'file:/C:/Users/tobar/AppData/Local/Temp/context8276645772233068478.xml'
04-Dec-2024 17:08:50.266 INFO [http-nio-8080-exec-585] org.apache.catalina.core.ApplicationContext.log Manager: start: Starting web application '/mavenproject1'
04-Dec-2024 17:11:41.727 INFO [http-nio-8080-exec-593] org.apache.catalina.core.ApplicationContext.log Manager: list: Listing contexts for virtual host 'localhost'
04-Dec-2024 17:11:41.729 INFO [http-nio-8080-exec-592] org.apache.catalina.core.ApplicationContext.log Manager: list: Listing contexts for virtual host 'localhost'
04-Dec-2024 17:11:41.734 INFO [http-nio-8080-exec-594] org.apache.catalina.core.ApplicationContext.log Manager: undeploy: Undeploying web application at '/mavenproject1'
04-Dec-2024 17:11:42.258 INFO [http-nio-8080-exec-592] org.apache.catalina.core.ApplicationContext.log Manager: install: Installing context configuration at 'file:/C:/Users/tobar/AppData/Local/Temp/context11606144337112457749.xml'
04-Dec-2024 17:11:43.578 INFO [http-nio-8080-exec-587] org.apache.catalina.core.ApplicationContext.log Manager: start: Starting web application '/mavenproject1'
04-Dec-2024 17:15:03.308 INFO [http-nio-8080-exec-604] org.apache.catalina.core.ApplicationContext.log Manager: list: Listing contexts for virtual host 'localhost'
04-Dec-2024 17:15:03.311 INFO [http-nio-8080-exec-605] org.apache.catalina.core.ApplicationContext.log Manager: undeploy: Undeploying web application at '/mavenproject1'
04-Dec-2024 17:15:17.038 INFO [http-nio-8080-exec-603] org.apache.catalina.core.ApplicationContext.log Manager: list: Listing contexts for virtual host 'localhost'
04-Dec-2024 17:15:17.040 INFO [http-nio-8080-exec-596] org.apache.catalina.core.ApplicationContext.log Manager: list: Listing contexts for virtual host 'localhost'
04-Dec-2024 17:15:17.059 INFO [http-nio-8080-exec-599] org.apache.catalina.core.ApplicationContext.log Manager: install: Installing context configuration at 'file:/C:/Users/tobar/AppData/Local/Temp/context9613631565432836326.xml'
04-Dec-2024 17:15:18.998 INFO [http-nio-8080-exec-606] org.apache.catalina.core.ApplicationContext.log Manager: start: Starting web application '/mavenproject1'
04-Dec-2024 17:47:53.406 INFO [http-nio-8080-exec-612] org.apache.catalina.core.ApplicationContext.log Manager: list: Listing contexts for virtual host 'localhost'
04-Dec-2024 17:47:53.408 INFO [http-nio-8080-exec-613] org.apache.catalina.core.ApplicationContext.log Manager: list: Listing contexts for virtual host 'localhost'
04-Dec-2024 17:47:53.413 INFO [http-nio-8080-exec-614] org.apache.catalina.core.ApplicationContext.log Manager: undeploy: Undeploying web application at '/mavenproject1'
04-Dec-2024 17:47:53.943 INFO [http-nio-8080-exec-607] org.apache.catalina.core.ApplicationContext.log Manager: install: Installing context configuration at 'file:/C:/Users/tobar/AppData/Local/Temp/context2467249392145618049.xml'
04-Dec-2024 17:47:55.311 INFO [http-nio-8080-exec-613] org.apache.catalina.core.ApplicationContext.log Manager: start: Starting web application '/mavenproject1'
04-Dec-2024 17:51:10.739 INFO [http-nio-8080-exec-622] org.apache.catalina.core.ApplicationContext.log Manager: list: Listing contexts for virtual host 'localhost'
04-Dec-2024 17:51:10.740 INFO [http-nio-8080-exec-623] org.apache.catalina.core.ApplicationContext.log Manager: list: Listing contexts for virtual host 'localhost'
04-Dec-2024 17:51:10.745 INFO [http-nio-8080-exec-624] org.apache.catalina.core.ApplicationContext.log Manager: undeploy: Undeploying web application at '/mavenproject1'
04-Dec-2024 17:51:11.308 INFO [http-nio-8080-exec-619] org.apache.catalina.core.ApplicationContext.log Manager: install: Installing context configuration at 'file:/C:/Users/tobar/AppData/Local/Temp/context1334495865276643126.xml'
04-Dec-2024 17:51:12.801 INFO [http-nio-8080-exec-616] org.apache.catalina.core.ApplicationContext.log Manager: start: Starting web application '/mavenproject1'
04-Dec-2024 17:55:25.581 INFO [http-nio-8080-exec-634] org.apache.catalina.core.ApplicationContext.log Manager: list: Listing contexts for virtual host 'localhost'
04-Dec-2024 17:55:25.582 INFO [http-nio-8080-exec-635] org.apache.catalina.core.ApplicationContext.log Manager: list: Listing contexts for virtual host 'localhost'
04-Dec-2024 17:55:25.586 INFO [http-nio-8080-exec-626] org.apache.catalina.core.ApplicationContext.log Manager: undeploy: Undeploying web application at '/mavenproject1'
04-Dec-2024 17:55:26.119 INFO [http-nio-8080-exec-633] org.apache.catalina.core.ApplicationContext.log Manager: install: Installing context configuration at 'file:/C:/Users/tobar/AppData/Local/Temp/context6348086197732071117.xml'
04-Dec-2024 17:55:27.443 INFO [http-nio-8080-exec-635] org.apache.catalina.core.ApplicationContext.log Manager: start: Starting web application '/mavenproject1'
04-Dec-2024 17:56:16.867 INFO [http-nio-8080-exec-630] org.apache.catalina.core.ApplicationContext.log Manager: list: Listing contexts for virtual host 'localhost'
04-Dec-2024 17:56:16.868 INFO [http-nio-8080-exec-638] org.apache.catalina.core.ApplicationContext.log Manager: list: Listing contexts for virtual host 'localhost'
04-Dec-2024 17:56:16.874 INFO [http-nio-8080-exec-639] org.apache.catalina.core.ApplicationContext.log Manager: undeploy: Undeploying web application at '/mavenproject1'
04-Dec-2024 17:56:17.406 INFO [http-nio-8080-exec-640] org.apache.catalina.core.ApplicationContext.log Manager: install: Installing context configuration at 'file:/C:/Users/tobar/AppData/Local/Temp/context8004023358300864950.xml'
04-Dec-2024 17:56:18.870 INFO [http-nio-8080-exec-627] org.apache.catalina.core.ApplicationContext.log Manager: start: Starting web application '/mavenproject1'
04-Dec-2024 17:56:30.909 INFO [http-nio-8080-exec-642] org.apache.catalina.core.ApplicationContext.log Manager: list: Listing contexts for virtual host 'localhost'
04-Dec-2024 17:56:30.911 INFO [http-nio-8080-exec-627] org.apache.catalina.core.ApplicationContext.log Manager: list: Listing contexts for virtual host 'localhost'
04-Dec-2024 17:56:30.914 INFO [http-nio-8080-exec-643] org.apache.catalina.core.ApplicationContext.log Manager: undeploy: Undeploying web application at '/mavenproject1'
04-Dec-2024 17:56:31.447 INFO [http-nio-8080-exec-641] org.apache.catalina.core.ApplicationContext.log Manager: install: Installing context configuration at 'file:/C:/Users/tobar/AppData/Local/Temp/context4504381878723591123.xml'
04-Dec-2024 17:56:32.752 INFO [http-nio-8080-exec-627] org.apache.catalina.core.ApplicationContext.log Manager: start: Starting web application '/mavenproject1'
04-Dec-2024 17:59:41.492 INFO [http-nio-8080-exec-651] org.apache.catalina.core.ApplicationContext.log Manager: list: Listing contexts for virtual host 'localhost'
04-Dec-2024 17:59:41.493 INFO [http-nio-8080-exec-652] org.apache.catalina.core.ApplicationContext.log Manager: list: Listing contexts for virtual host 'localhost'
04-Dec-2024 17:59:41.499 INFO [http-nio-8080-exec-653] org.apache.catalina.core.ApplicationContext.log Manager: undeploy: Undeploying web application at '/mavenproject1'
04-Dec-2024 17:59:42.033 INFO [http-nio-8080-exec-646] org.apache.catalina.core.ApplicationContext.log Manager: install: Installing context configuration at 'file:/C:/Users/tobar/AppData/Local/Temp/context13386427712987193168.xml'
04-Dec-2024 17:59:43.436 INFO [http-nio-8080-exec-651] org.apache.catalina.core.ApplicationContext.log Manager: start: Starting web application '/mavenproject1'
04-Dec-2024 18:02:59.932 INFO [http-nio-8080-exec-662] org.apache.catalina.core.ApplicationContext.log Manager: list: Listing contexts for virtual host 'localhost'
04-Dec-2024 18:02:59.933 INFO [http-nio-8080-exec-661] org.apache.catalina.core.ApplicationContext.log Manager: list: Listing contexts for virtual host 'localhost'
04-Dec-2024 18:02:59.939 INFO [http-nio-8080-exec-663] org.apache.catalina.core.ApplicationContext.log Manager: undeploy: Undeploying web application at '/mavenproject1'
04-Dec-2024 18:03:00.489 INFO [http-nio-8080-exec-658] org.apache.catalina.core.ApplicationContext.log Manager: install: Installing context configuration at 'file:/C:/Users/tobar/AppData/Local/Temp/context8381541474070772340.xml'
04-Dec-2024 18:03:01.845 INFO [http-nio-8080-exec-655] org.apache.catalina.core.ApplicationContext.log Manager: start: Starting web application '/mavenproject1'
04-Dec-2024 18:03:44.341 INFO [http-nio-8080-exec-661] org.apache.catalina.core.ApplicationContext.log Manager: list: Listing contexts for virtual host 'localhost'
04-Dec-2024 18:03:44.342 INFO [http-nio-8080-exec-667] org.apache.catalina.core.ApplicationContext.log Manager: list: Listing contexts for virtual host 'localhost'
04-Dec-2024 18:03:44.346 INFO [http-nio-8080-exec-668] org.apache.catalina.core.ApplicationContext.log Manager: undeploy: Undeploying web application at '/mavenproject1'
04-Dec-2024 18:03:44.878 INFO [http-nio-8080-exec-657] org.apache.catalina.core.ApplicationContext.log Manager: install: Installing context configuration at 'file:/C:/Users/tobar/AppData/Local/Temp/context15725342553502938173.xml'
04-Dec-2024 18:03:46.313 INFO [http-nio-8080-exec-661] org.apache.catalina.core.ApplicationContext.log Manager: start: Starting web application '/mavenproject1'
04-Dec-2024 18:04:25.270 INFO [http-nio-8080-exec-667] org.apache.catalina.core.ApplicationContext.log Manager: list: Listing contexts for virtual host 'localhost'
04-Dec-2024 18:04:25.271 INFO [http-nio-8080-exec-673] org.apache.catalina.core.ApplicationContext.log Manager: list: Listing contexts for virtual host 'localhost'
04-Dec-2024 18:04:25.276 INFO [http-nio-8080-exec-674] org.apache.catalina.core.ApplicationContext.log Manager: undeploy: Undeploying web application at '/mavenproject1'
04-Dec-2024 18:04:25.810 INFO [http-nio-8080-exec-671] org.apache.catalina.core.ApplicationContext.log Manager: install: Installing context configuration at 'file:/C:/Users/tobar/AppData/Local/Temp/context16826893076671504983.xml'
04-Dec-2024 18:04:27.130 INFO [http-nio-8080-exec-667] org.apache.catalina.core.ApplicationContext.log Manager: start: Starting web application '/mavenproject1'
04-Dec-2024 18:04:59.004 INFO [http-nio-8080-exec-680] org.apache.catalina.core.ApplicationContext.log Manager: list: Listing contexts for virtual host 'localhost'
04-Dec-2024 18:04:59.010 INFO [http-nio-8080-exec-681] org.apache.catalina.core.ApplicationContext.log Manager: undeploy: Undeploying web application at '/mavenproject1'
04-Dec-2024 18:05:10.665 INFO [http-nio-8080-exec-676] org.apache.catalina.core.ApplicationContext.log Manager: list: Listing contexts for virtual host 'localhost'
04-Dec-2024 18:05:10.667 INFO [http-nio-8080-exec-678] org.apache.catalina.core.ApplicationContext.log Manager: list: Listing contexts for virtual host 'localhost'
04-Dec-2024 18:05:10.685 INFO [http-nio-8080-exec-667] org.apache.catalina.core.ApplicationContext.log Manager: install: Installing context configuration at 'file:/C:/Users/tobar/AppData/Local/Temp/context9200426642567730362.xml'
04-Dec-2024 18:05:12.087 INFO [http-nio-8080-exec-681] org.apache.catalina.core.ApplicationContext.log Manager: start: Starting web application '/mavenproject1'
04-Dec-2024 18:05:35.666 INFO [http-nio-8080-exec-686] org.apache.catalina.core.ApplicationContext.log Manager: list: Listing contexts for virtual host 'localhost'
04-Dec-2024 18:05:35.668 INFO [http-nio-8080-exec-687] org.apache.catalina.core.ApplicationContext.log Manager: list: Listing contexts for virtual host 'localhost'
04-Dec-2024 18:05:35.672 INFO [http-nio-8080-exec-677] org.apache.catalina.core.ApplicationContext.log Manager: undeploy: Undeploying web application at '/mavenproject1'
04-Dec-2024 18:05:36.215 INFO [http-nio-8080-exec-688] org.apache.catalina.core.ApplicationContext.log Manager: install: Installing context configuration at 'file:/C:/Users/tobar/AppData/Local/Temp/context3629402878709949926.xml'
04-Dec-2024 18:05:38.079 INFO [http-nio-8080-exec-687] org.apache.catalina.core.ApplicationContext.log Manager: start: Starting web application '/mavenproject1'
04-Dec-2024 18:08:05.833 INFO [http-nio-8080-exec-696] org.apache.catalina.core.ApplicationContext.log Manager: list: Listing contexts for virtual host 'localhost'
04-Dec-2024 18:08:05.835 INFO [http-nio-8080-exec-697] org.apache.catalina.core.ApplicationContext.log Manager: list: Listing contexts for virtual host 'localhost'
04-Dec-2024 18:08:05.839 INFO [http-nio-8080-exec-698] org.apache.catalina.core.ApplicationContext.log Manager: undeploy: Undeploying web application at '/mavenproject1'
04-Dec-2024 18:08:06.374 INFO [http-nio-8080-exec-690] org.apache.catalina.core.ApplicationContext.log Manager: install: Installing context configuration at 'file:/C:/Users/tobar/AppData/Local/Temp/context436058526461677101.xml'
04-Dec-2024 18:08:08.045 INFO [http-nio-8080-exec-691] org.apache.catalina.core.ApplicationContext.log Manager: start: Starting web application '/mavenproject1'
04-Dec-2024 18:08:29.243 INFO [http-nio-8080-exec-691] org.apache.catalina.core.ApplicationContext.log Manager: list: Listing contexts for virtual host 'localhost'
04-Dec-2024 18:08:29.245 INFO [http-nio-8080-exec-701] org.apache.catalina.core.ApplicationContext.log Manager: list: Listing contexts for virtual host 'localhost'
04-Dec-2024 18:08:29.252 INFO [http-nio-8080-exec-702] org.apache.catalina.core.ApplicationContext.log Manager: undeploy: Undeploying web application at '/mavenproject1'
04-Dec-2024 18:08:29.827 INFO [http-nio-8080-exec-697] org.apache.catalina.core.ApplicationContext.log Manager: install: Installing context configuration at 'file:/C:/Users/tobar/AppData/Local/Temp/context7981315562725171290.xml'
04-Dec-2024 18:08:31.284 INFO [http-nio-8080-exec-699] org.apache.catalina.core.ApplicationContext.log Manager: start: Starting web application '/mavenproject1'
04-Dec-2024 18:09:09.932 INFO [http-nio-8080-exec-705] org.apache.catalina.core.ApplicationContext.log Manager: list: Listing contexts for virtual host 'localhost'
04-Dec-2024 18:09:09.934 INFO [http-nio-8080-exec-691] org.apache.catalina.core.ApplicationContext.log Manager: list: Listing contexts for virtual host 'localhost'
04-Dec-2024 18:09:09.937 INFO [http-nio-8080-exec-706] org.apache.catalina.core.ApplicationContext.log Manager: undeploy: Undeploying web application at '/mavenproject1'
04-Dec-2024 18:09:10.464 INFO [http-nio-8080-exec-705] org.apache.catalina.core.ApplicationContext.log Manager: install: Installing context configuration at 'file:/C:/Users/tobar/AppData/Local/Temp/context8932645809157393193.xml'
04-Dec-2024 18:09:11.709 INFO [http-nio-8080-exec-697] org.apache.catalina.core.ApplicationContext.log Manager: start: Starting web application '/mavenproject1'
04-Dec-2024 18:35:44.179 INFO [http-nio-8080-exec-723] org.apache.catalina.core.ApplicationContext.log Manager: list: Listing contexts for virtual host 'localhost'
04-Dec-2024 18:35:44.182 INFO [http-nio-8080-exec-721] org.apache.catalina.core.ApplicationContext.log Manager: list: Listing contexts for virtual host 'localhost'
04-Dec-2024 18:35:44.236 INFO [http-nio-8080-exec-724] org.apache.catalina.core.ApplicationContext.log Manager: undeploy: Undeploying web application at '/mavenproject1'
04-Dec-2024 18:35:44.784 INFO [http-nio-8080-exec-721] org.apache.catalina.core.ApplicationContext.log Manager: install: Installing context configuration at 'file:/C:/Users/tobar/AppData/Local/Temp/context4671427940501676001.xml'
04-Dec-2024 18:35:46.309 INFO [http-nio-8080-exec-723] org.apache.catalina.core.ApplicationContext.log Manager: start: Starting web application '/mavenproject1'
04-Dec-2024 19:23:45.696 INFO [http-nio-8080-exec-3] org.apache.catalina.core.ApplicationContext.log Manager: init: Associated with Deployer 'Catalina:type=Deployer,host=localhost'
04-Dec-2024 19:23:45.696 INFO [http-nio-8080-exec-3] org.apache.catalina.core.ApplicationContext.log Manager: init: Global resources are available
04-Dec-2024 19:29:02.232 INFO [http-nio-8080-exec-26] org.apache.catalina.core.ApplicationContext.log Manager: list: Listing contexts for virtual host 'localhost'
04-Dec-2024 19:29:02.234 INFO [http-nio-8080-exec-21] org.apache.catalina.core.ApplicationContext.log Manager: list: Listing contexts for virtual host 'localhost'
04-Dec-2024 19:29:02.239 INFO [http-nio-8080-exec-22] org.apache.catalina.core.ApplicationContext.log Manager: undeploy: Undeploying web application at '/mavenproject1'
04-Dec-2024 19:29:02.766 INFO [http-nio-8080-exec-27] org.apache.catalina.core.ApplicationContext.log Manager: install: Installing context configuration at 'file:/C:/Users/tobar/AppData/Local/Temp/context3195465747119423820.xml'
04-Dec-2024 19:29:04.375 INFO [http-nio-8080-exec-23] org.apache.catalina.core.ApplicationContext.log Manager: start: Starting web application '/mavenproject1'
04-Dec-2024 19:41:32.192 INFO [http-nio-8080-exec-50] org.apache.catalina.core.ApplicationContext.log Manager: list: Listing contexts for virtual host 'localhost'
04-Dec-2024 19:41:32.195 INFO [http-nio-8080-exec-51] org.apache.catalina.core.ApplicationContext.log Manager: list: Listing contexts for virtual host 'localhost'
04-Dec-2024 19:41:32.199 INFO [http-nio-8080-exec-48] org.apache.catalina.core.ApplicationContext.log Manager: undeploy: Undeploying web application at '/mavenproject1'
04-Dec-2024 19:41:32.737 INFO [http-nio-8080-exec-47] org.apache.catalina.core.ApplicationContext.log Manager: install: Installing context configuration at 'file:/C:/Users/tobar/AppData/Local/Temp/context2838658494303471107.xml'
04-Dec-2024 19:41:34.130 INFO [http-nio-8080-exec-45] org.apache.catalina.core.ApplicationContext.log Manager: start: Starting web application '/mavenproject1'
04-Dec-2024 19:43:59.758 INFO [http-nio-8080-exec-52] org.apache.catalina.core.ApplicationContext.log Manager: list: Listing contexts for virtual host 'localhost'
04-Dec-2024 19:43:59.763 INFO [http-nio-8080-exec-53] org.apache.catalina.core.ApplicationContext.log Manager: undeploy: Undeploying web application at '/mavenproject1'
04-Dec-2024 19:44:28.454 INFO [http-nio-8080-exec-49] org.apache.catalina.core.ApplicationContext.log Manager: list: Listing contexts for virtual host 'localhost'
04-Dec-2024 19:44:28.457 INFO [http-nio-8080-exec-45] org.apache.catalina.core.ApplicationContext.log Manager: list: Listing contexts for virtual host 'localhost'
04-Dec-2024 19:44:28.470 INFO [http-nio-8080-exec-51] org.apache.catalina.core.ApplicationContext.log Manager: install: Installing context configuration at 'file:/C:/Users/tobar/AppData/Local/Temp/context8054262816866118585.xml'
04-Dec-2024 19:44:29.770 INFO [http-nio-8080-exec-47] org.apache.catalina.core.ApplicationContext.log Manager: start: Starting web application '/mavenproject1'
04-Dec-2024 21:56:21.418 INFO [http-nio-8080-exec-5] org.apache.catalina.core.ApplicationContext.log Manager: init: Associated with Deployer 'Catalina:type=Deployer,host=localhost'
04-Dec-2024 21:56:21.418 INFO [http-nio-8080-exec-5] org.apache.catalina.core.ApplicationContext.log Manager: init: Global resources are available
04-Dec-2024 21:56:21.472 INFO [http-nio-8080-exec-9] org.apache.catalina.core.ApplicationContext.log Manager: list: Listing contexts for virtual host 'localhost'
04-Dec-2024 21:56:21.476 INFO [http-nio-8080-exec-10] org.apache.catalina.core.ApplicationContext.log Manager: list: Listing contexts for virtual host 'localhost'
04-Dec-2024 21:56:21.490 INFO [http-nio-8080-exec-1] org.apache.catalina.core.ApplicationContext.log Manager: undeploy: Undeploying web application at '/mavenproject1'
04-Dec-2024 21:56:22.066 INFO [http-nio-8080-exec-10] org.apache.catalina.core.ApplicationContext.log Manager: install: Installing context configuration at 'file:/C:/Users/tobar/AppData/Local/Temp/context13533185368431542971.xml'
04-Dec-2024 21:56:23.741 INFO [http-nio-8080-exec-8] org.apache.catalina.core.ApplicationContext.log Manager: start: Starting web application '/mavenproject1'
04-Dec-2024 22:00:48.592 INFO [http-nio-8080-exec-13] org.apache.catalina.core.ApplicationContext.log Manager: list: Listing contexts for virtual host 'localhost'
04-Dec-2024 22:00:48.594 INFO [http-nio-8080-exec-16] org.apache.catalina.core.ApplicationContext.log Manager: list: Listing contexts for virtual host 'localhost'
04-Dec-2024 22:00:48.601 INFO [http-nio-8080-exec-17] org.apache.catalina.core.ApplicationContext.log Manager: undeploy: Undeploying web application at '/mavenproject1'
04-Dec-2024 22:00:49.133 INFO [http-nio-8080-exec-12] org.apache.catalina.core.ApplicationContext.log Manager: install: Installing context configuration at 'file:/C:/Users/tobar/AppData/Local/Temp/context15109116471441096956.xml'
04-Dec-2024 22:00:50.616 INFO [http-nio-8080-exec-11] org.apache.catalina.core.ApplicationContext.log Manager: start: Starting web application '/mavenproject1'
04-Dec-2024 22:06:31.667 INFO [http-nio-8080-exec-26] org.apache.catalina.core.ApplicationContext.log Manager: list: Listing contexts for virtual host 'localhost'
04-Dec-2024 22:06:31.670 INFO [http-nio-8080-exec-21] org.apache.catalina.core.ApplicationContext.log Manager: list: Listing contexts for virtual host 'localhost'
04-Dec-2024 22:06:31.677 INFO [http-nio-8080-exec-22] org.apache.catalina.core.ApplicationContext.log Manager: undeploy: Undeploying web application at '/mavenproject1'
04-Dec-2024 22:06:32.220 INFO [http-nio-8080-exec-29] org.apache.catalina.core.ApplicationContext.log Manager: install: Installing context configuration at 'file:/C:/Users/tobar/AppData/Local/Temp/context10956583584063779838.xml'
04-Dec-2024 22:06:34.029 INFO [http-nio-8080-exec-30] org.apache.catalina.core.ApplicationContext.log Manager: start: Starting web application '/mavenproject1'
04-Dec-2024 22:08:04.948 INFO [http-nio-8080-exec-34] org.apache.catalina.core.ApplicationContext.log Manager: list: Listing contexts for virtual host 'localhost'
04-Dec-2024 22:08:04.951 INFO [http-nio-8080-exec-36] org.apache.catalina.core.ApplicationContext.log Manager: list: Listing contexts for virtual host 'localhost'
04-Dec-2024 22:08:04.957 INFO [http-nio-8080-exec-24] org.apache.catalina.core.ApplicationContext.log Manager: undeploy: Undeploying web application at '/mavenproject1'
04-Dec-2024 22:08:05.516 INFO [http-nio-8080-exec-32] org.apache.catalina.core.ApplicationContext.log Manager: install: Installing context configuration at 'file:/C:/Users/tobar/AppData/Local/Temp/context16731419835209195507.xml'
04-Dec-2024 22:08:06.954 INFO [http-nio-8080-exec-31] org.apache.catalina.core.ApplicationContext.log Manager: start: Starting web application '/mavenproject1'
