03-Dec-2024 09:10:38.571 INFO [http-nio-8080-exec-8] org.apache.catalina.core.ApplicationContext.log Manager: init: Associated with Deployer 'Catalina:type=Deployer,host=localhost'
03-Dec-2024 09:10:38.571 INFO [http-nio-8080-exec-8] org.apache.catalina.core.ApplicationContext.log Manager: init: Global resources are available
03-Dec-2024 09:10:38.625 INFO [http-nio-8080-exec-3] org.apache.catalina.core.ApplicationContext.log Manager: list: Listing contexts for virtual host 'localhost'
03-Dec-2024 09:10:38.636 INFO [http-nio-8080-exec-4] org.apache.catalina.core.ApplicationContext.log Manager: list: Listing contexts for virtual host 'localhost'
03-Dec-2024 09:10:38.655 INFO [http-nio-8080-exec-1] org.apache.catalina.core.ApplicationContext.log Manager: undeploy: Undeploying web application at '/mavenproject1'
03-Dec-2024 09:10:39.284 INFO [http-nio-8080-exec-8] org.apache.catalina.core.ApplicationContext.log Manager: install: Installing context configuration at 'file:/C:/Users/tobar/AppData/Local/Temp/context14220655398339335269.xml'
03-Dec-2024 09:10:42.948 INFO [http-nio-8080-exec-6] org.apache.catalina.core.ApplicationContext.log Manager: start: Starting web application '/mavenproject1'
03-Dec-2024 09:13:10.257 INFO [http-nio-8080-exec-17] org.apache.catalina.core.ApplicationContext.log Manager: list: Listing contexts for virtual host 'localhost'
03-Dec-2024 09:13:10.260 INFO [http-nio-8080-exec-18] org.apache.catalina.core.ApplicationContext.log Manager: list: Listing contexts for virtual host 'localhost'
03-Dec-2024 09:13:10.269 INFO [http-nio-8080-exec-14] org.apache.catalina.core.ApplicationContext.log Manager: undeploy: Undeploying web application at '/mavenproject1'
03-Dec-2024 09:13:10.816 INFO [http-nio-8080-exec-18] org.apache.catalina.core.ApplicationContext.log Manager: install: Installing context configuration at 'file:/C:/Users/tobar/AppData/Local/Temp/context10646590009013452127.xml'
03-Dec-2024 09:13:12.996 INFO [http-nio-8080-exec-17] org.apache.catalina.core.ApplicationContext.log Manager: start: Starting web application '/mavenproject1'
03-Dec-2024 09:14:15.773 INFO [http-nio-8080-exec-12] org.apache.catalina.core.ApplicationContext.log Manager: list: Listing contexts for virtual host 'localhost'
03-Dec-2024 09:14:15.777 INFO [http-nio-8080-exec-24] org.apache.catalina.core.ApplicationContext.log Manager: list: Listing contexts for virtual host 'localhost'
03-Dec-2024 09:14:15.787 INFO [http-nio-8080-exec-25] org.apache.catalina.core.ApplicationContext.log Manager: undeploy: Undeploying web application at '/mavenproject1'
03-Dec-2024 09:14:16.337 INFO [http-nio-8080-exec-26] org.apache.catalina.core.ApplicationContext.log Manager: install: Installing context configuration at 'file:/C:/Users/tobar/AppData/Local/Temp/context14554156477527657386.xml'
03-Dec-2024 09:14:18.855 INFO [http-nio-8080-exec-24] org.apache.catalina.core.ApplicationContext.log Manager: start: Starting web application '/mavenproject1'
03-Dec-2024 09:28:16.628 INFO [http-nio-8080-exec-32] org.apache.catalina.core.ApplicationContext.log Manager: list: Listing contexts for virtual host 'localhost'
03-Dec-2024 09:28:16.631 INFO [http-nio-8080-exec-36] org.apache.catalina.core.ApplicationContext.log Manager: list: Listing contexts for virtual host 'localhost'
03-Dec-2024 09:28:16.659 INFO [http-nio-8080-exec-37] org.apache.catalina.core.ApplicationContext.log Manager: undeploy: Undeploying web application at '/mavenproject1'
03-Dec-2024 09:28:17.225 INFO [http-nio-8080-exec-35] org.apache.catalina.core.ApplicationContext.log Manager: install: Installing context configuration at 'file:/C:/Users/tobar/AppData/Local/Temp/context2889332447748394300.xml'
03-Dec-2024 09:28:19.447 INFO [http-nio-8080-exec-34] org.apache.catalina.core.ApplicationContext.log Manager: start: Starting web application '/mavenproject1'
03-Dec-2024 09:34:06.999 INFO [http-nio-8080-exec-45] org.apache.catalina.core.ApplicationContext.log Manager: list: Listing contexts for virtual host 'localhost'
03-Dec-2024 09:34:07.002 INFO [http-nio-8080-exec-46] org.apache.catalina.core.ApplicationContext.log Manager: list: Listing contexts for virtual host 'localhost'
03-Dec-2024 09:34:07.014 INFO [http-nio-8080-exec-47] org.apache.catalina.core.ApplicationContext.log Manager: undeploy: Undeploying web application at '/mavenproject1'
03-Dec-2024 09:34:07.633 INFO [http-nio-8080-exec-41] org.apache.catalina.core.ApplicationContext.log Manager: install: Installing context configuration at 'file:/C:/Users/tobar/AppData/Local/Temp/context6899762001367515102.xml'
03-Dec-2024 09:34:10.309 INFO [http-nio-8080-exec-39] org.apache.catalina.core.ApplicationContext.log Manager: start: Starting web application '/mavenproject1'
03-Dec-2024 09:40:57.300 INFO [http-nio-8080-exec-51] org.apache.catalina.core.ApplicationContext.log Manager: list: Listing contexts for virtual host 'localhost'
03-Dec-2024 09:40:57.303 INFO [http-nio-8080-exec-55] org.apache.catalina.core.ApplicationContext.log Manager: list: Listing contexts for virtual host 'localhost'
03-Dec-2024 09:40:57.311 INFO [http-nio-8080-exec-57] org.apache.catalina.core.ApplicationContext.log Manager: undeploy: Undeploying web application at '/mavenproject1'
03-Dec-2024 09:40:57.856 INFO [http-nio-8080-exec-50] org.apache.catalina.core.ApplicationContext.log Manager: install: Installing context configuration at 'file:/C:/Users/tobar/AppData/Local/Temp/context516108779237759199.xml'
03-Dec-2024 09:40:59.970 INFO [http-nio-8080-exec-58] org.apache.catalina.core.ApplicationContext.log Manager: start: Starting web application '/mavenproject1'
03-Dec-2024 09:53:53.280 INFO [http-nio-8080-exec-61] org.apache.catalina.core.ApplicationContext.log Manager: list: Listing contexts for virtual host 'localhost'
03-Dec-2024 09:53:53.282 INFO [http-nio-8080-exec-67] org.apache.catalina.core.ApplicationContext.log Manager: list: Listing contexts for virtual host 'localhost'
03-Dec-2024 09:53:53.291 INFO [http-nio-8080-exec-65] org.apache.catalina.core.ApplicationContext.log Manager: undeploy: Undeploying web application at '/mavenproject1'
03-Dec-2024 09:53:53.828 INFO [http-nio-8080-exec-68] org.apache.catalina.core.ApplicationContext.log Manager: install: Installing context configuration at 'file:/C:/Users/tobar/AppData/Local/Temp/context12522725937522696395.xml'
03-Dec-2024 09:53:56.024 INFO [http-nio-8080-exec-67] org.apache.catalina.core.ApplicationContext.log Manager: start: Starting web application '/mavenproject1'
03-Dec-2024 10:07:00.021 INFO [http-nio-8080-exec-76] org.apache.catalina.core.ApplicationContext.log Manager: list: Listing contexts for virtual host 'localhost'
03-Dec-2024 10:07:00.022 INFO [http-nio-8080-exec-78] org.apache.catalina.core.ApplicationContext.log Manager: list: Listing contexts for virtual host 'localhost'
03-Dec-2024 10:07:00.029 INFO [http-nio-8080-exec-73] org.apache.catalina.core.ApplicationContext.log Manager: undeploy: Undeploying web application at '/mavenproject1'
03-Dec-2024 10:07:00.562 INFO [http-nio-8080-exec-69] org.apache.catalina.core.ApplicationContext.log Manager: install: Installing context configuration at 'file:/C:/Users/tobar/AppData/Local/Temp/context18405156955249273471.xml'
03-Dec-2024 10:07:01.973 INFO [http-nio-8080-exec-77] org.apache.catalina.core.ApplicationContext.log Manager: start: Starting web application '/mavenproject1'
03-Dec-2024 10:11:39.695 INFO [http-nio-8080-exec-87] org.apache.catalina.core.ApplicationContext.log Manager: list: Listing contexts for virtual host 'localhost'
03-Dec-2024 10:11:39.697 INFO [http-nio-8080-exec-88] org.apache.catalina.core.ApplicationContext.log Manager: list: Listing contexts for virtual host 'localhost'
03-Dec-2024 10:11:39.703 INFO [http-nio-8080-exec-82] org.apache.catalina.core.ApplicationContext.log Manager: undeploy: Undeploying web application at '/mavenproject1'
03-Dec-2024 10:11:40.234 INFO [http-nio-8080-exec-86] org.apache.catalina.core.ApplicationContext.log Manager: install: Installing context configuration at 'file:/C:/Users/tobar/AppData/Local/Temp/context10284229480010168795.xml'
03-Dec-2024 10:11:41.455 INFO [http-nio-8080-exec-81] org.apache.catalina.core.ApplicationContext.log Manager: start: Starting web application '/mavenproject1'
03-Dec-2024 10:16:30.352 INFO [http-nio-8080-exec-95] org.apache.catalina.core.ApplicationContext.log Manager: list: Listing contexts for virtual host 'localhost'
03-Dec-2024 10:16:30.355 INFO [http-nio-8080-exec-97] org.apache.catalina.core.ApplicationContext.log Manager: list: Listing contexts for virtual host 'localhost'
03-Dec-2024 10:16:30.361 INFO [http-nio-8080-exec-92] org.apache.catalina.core.ApplicationContext.log Manager: undeploy: Undeploying web application at '/mavenproject1'
03-Dec-2024 10:16:30.899 INFO [http-nio-8080-exec-94] org.apache.catalina.core.ApplicationContext.log Manager: install: Installing context configuration at 'file:/C:/Users/tobar/AppData/Local/Temp/context13761735005234766601.xml'
03-Dec-2024 10:16:32.501 INFO [http-nio-8080-exec-91] org.apache.catalina.core.ApplicationContext.log Manager: start: Starting web application '/mavenproject1'
03-Dec-2024 10:23:45.891 INFO [http-nio-8080-exec-102] org.apache.catalina.core.ApplicationContext.log Manager: list: Listing contexts for virtual host 'localhost'
03-Dec-2024 10:23:45.893 INFO [http-nio-8080-exec-107] org.apache.catalina.core.ApplicationContext.log Manager: list: Listing contexts for virtual host 'localhost'
03-Dec-2024 10:23:45.902 INFO [http-nio-8080-exec-106] org.apache.catalina.core.ApplicationContext.log Manager: undeploy: Undeploying web application at '/mavenproject1'
03-Dec-2024 10:23:46.428 INFO [http-nio-8080-exec-103] org.apache.catalina.core.ApplicationContext.log Manager: install: Installing context configuration at 'file:/C:/Users/tobar/AppData/Local/Temp/context9748185908165893145.xml'
03-Dec-2024 10:23:47.688 INFO [http-nio-8080-exec-100] org.apache.catalina.core.ApplicationContext.log Manager: start: Starting web application '/mavenproject1'
03-Dec-2024 10:30:40.554 INFO [http-nio-8080-exec-112] org.apache.catalina.core.ApplicationContext.log Manager: list: Listing contexts for virtual host 'localhost'
03-Dec-2024 10:30:40.556 INFO [http-nio-8080-exec-117] org.apache.catalina.core.ApplicationContext.log Manager: list: Listing contexts for virtual host 'localhost'
03-Dec-2024 10:30:40.561 INFO [http-nio-8080-exec-116] org.apache.catalina.core.ApplicationContext.log Manager: undeploy: Undeploying web application at '/mavenproject1'
03-Dec-2024 10:30:41.093 INFO [http-nio-8080-exec-115] org.apache.catalina.core.ApplicationContext.log Manager: install: Installing context configuration at 'file:/C:/Users/tobar/AppData/Local/Temp/context13881886623442808798.xml'
03-Dec-2024 10:30:42.385 INFO [http-nio-8080-exec-113] org.apache.catalina.core.ApplicationContext.log Manager: start: Starting web application '/mavenproject1'
03-Dec-2024 10:41:43.419 INFO [http-nio-8080-exec-125] org.apache.catalina.core.ApplicationContext.log Manager: list: Listing contexts for virtual host 'localhost'
03-Dec-2024 10:41:43.421 INFO [http-nio-8080-exec-127] org.apache.catalina.core.ApplicationContext.log Manager: list: Listing contexts for virtual host 'localhost'
03-Dec-2024 10:41:43.427 INFO [http-nio-8080-exec-122] org.apache.catalina.core.ApplicationContext.log Manager: undeploy: Undeploying web application at '/mavenproject1'
03-Dec-2024 10:41:43.966 INFO [http-nio-8080-exec-125] org.apache.catalina.core.ApplicationContext.log Manager: install: Installing context configuration at 'file:/C:/Users/tobar/AppData/Local/Temp/context11507461428925307343.xml'
03-Dec-2024 10:41:45.211 INFO [http-nio-8080-exec-124] org.apache.catalina.core.ApplicationContext.log Manager: start: Starting web application '/mavenproject1'
03-Dec-2024 10:48:52.701 INFO [http-nio-8080-exec-131] org.apache.catalina.core.ApplicationContext.log Manager: list: Listing contexts for virtual host 'localhost'
03-Dec-2024 10:48:52.703 INFO [http-nio-8080-exec-135] org.apache.catalina.core.ApplicationContext.log Manager: list: Listing contexts for virtual host 'localhost'
03-Dec-2024 10:48:52.708 INFO [http-nio-8080-exec-137] org.apache.catalina.core.ApplicationContext.log Manager: undeploy: Undeploying web application at '/mavenproject1'
03-Dec-2024 10:48:53.275 INFO [http-nio-8080-exec-129] org.apache.catalina.core.ApplicationContext.log Manager: install: Installing context configuration at 'file:/C:/Users/tobar/AppData/Local/Temp/context15447134161694717938.xml'
03-Dec-2024 10:48:54.515 INFO [http-nio-8080-exec-136] org.apache.catalina.core.ApplicationContext.log Manager: start: Starting web application '/mavenproject1'
03-Dec-2024 10:56:23.394 INFO [http-nio-8080-exec-142] org.apache.catalina.core.ApplicationContext.log Manager: list: Listing contexts for virtual host 'localhost'
03-Dec-2024 10:56:23.397 INFO [http-nio-8080-exec-146] org.apache.catalina.core.ApplicationContext.log Manager: list: Listing contexts for virtual host 'localhost'
03-Dec-2024 10:56:23.401 INFO [http-nio-8080-exec-148] org.apache.catalina.core.ApplicationContext.log Manager: undeploy: Undeploying web application at '/mavenproject1'
03-Dec-2024 10:56:23.938 INFO [http-nio-8080-exec-147] org.apache.catalina.core.ApplicationContext.log Manager: install: Installing context configuration at 'file:/C:/Users/tobar/AppData/Local/Temp/context17159175830115872482.xml'
03-Dec-2024 10:56:25.352 INFO [http-nio-8080-exec-144] org.apache.catalina.core.ApplicationContext.log Manager: start: Starting web application '/mavenproject1'
03-Dec-2024 11:09:38.959 INFO [http-nio-8080-exec-149] org.apache.catalina.core.ApplicationContext.log Manager: list: Listing contexts for virtual host 'localhost'
03-Dec-2024 11:09:38.962 INFO [http-nio-8080-exec-150] org.apache.catalina.core.ApplicationContext.log Manager: list: Listing contexts for virtual host 'localhost'
03-Dec-2024 11:09:38.967 INFO [http-nio-8080-exec-154] org.apache.catalina.core.ApplicationContext.log Manager: undeploy: Undeploying web application at '/mavenproject1'
03-Dec-2024 11:09:39.498 INFO [http-nio-8080-exec-156] org.apache.catalina.core.ApplicationContext.log Manager: install: Installing context configuration at 'file:/C:/Users/tobar/AppData/Local/Temp/context18093746265508536761.xml'
03-Dec-2024 11:09:40.744 INFO [http-nio-8080-exec-149] org.apache.catalina.core.ApplicationContext.log Manager: start: Starting web application '/mavenproject1'
03-Dec-2024 11:13:22.600 INFO [http-nio-8080-exec-162] org.apache.catalina.core.ApplicationContext.log Manager: list: Listing contexts for virtual host 'localhost'
03-Dec-2024 11:13:22.603 INFO [http-nio-8080-exec-166] org.apache.catalina.core.ApplicationContext.log Manager: list: Listing contexts for virtual host 'localhost'
03-Dec-2024 11:13:22.608 INFO [http-nio-8080-exec-168] org.apache.catalina.core.ApplicationContext.log Manager: undeploy: Undeploying web application at '/mavenproject1'
03-Dec-2024 11:13:23.133 INFO [http-nio-8080-exec-165] org.apache.catalina.core.ApplicationContext.log Manager: install: Installing context configuration at 'file:/C:/Users/tobar/AppData/Local/Temp/context1949997603227374690.xml'
03-Dec-2024 11:13:24.775 INFO [http-nio-8080-exec-166] org.apache.catalina.core.ApplicationContext.log Manager: start: Starting web application '/mavenproject1'
03-Dec-2024 11:16:43.906 INFO [http-nio-8080-exec-171] org.apache.catalina.core.ApplicationContext.log Manager: list: Listing contexts for virtual host 'localhost'
03-Dec-2024 11:16:43.908 INFO [http-nio-8080-exec-177] org.apache.catalina.core.ApplicationContext.log Manager: list: Listing contexts for virtual host 'localhost'
03-Dec-2024 11:16:43.912 INFO [http-nio-8080-exec-175] org.apache.catalina.core.ApplicationContext.log Manager: undeploy: Undeploying web application at '/mavenproject1'
03-Dec-2024 11:16:44.435 INFO [http-nio-8080-exec-174] org.apache.catalina.core.ApplicationContext.log Manager: install: Installing context configuration at 'file:/C:/Users/tobar/AppData/Local/Temp/context10685950658026267424.xml'
03-Dec-2024 11:16:45.834 INFO [http-nio-8080-exec-171] org.apache.catalina.core.ApplicationContext.log Manager: start: Starting web application '/mavenproject1'
03-Dec-2024 11:26:55.069 INFO [http-nio-8080-exec-181] org.apache.catalina.core.ApplicationContext.log Manager: list: Listing contexts for virtual host 'localhost'
03-Dec-2024 11:26:55.072 INFO [http-nio-8080-exec-180] org.apache.catalina.core.ApplicationContext.log Manager: list: Listing contexts for virtual host 'localhost'
03-Dec-2024 11:26:55.076 INFO [http-nio-8080-exec-184] org.apache.catalina.core.ApplicationContext.log Manager: undeploy: Undeploying web application at '/mavenproject1'
03-Dec-2024 11:26:55.604 INFO [http-nio-8080-exec-180] org.apache.catalina.core.ApplicationContext.log Manager: install: Installing context configuration at 'file:/C:/Users/tobar/AppData/Local/Temp/context16326726685240782838.xml'
03-Dec-2024 11:26:58.584 INFO [http-nio-8080-exec-182] org.apache.catalina.core.ApplicationContext.log Manager: start: Starting web application '/mavenproject1'
03-Dec-2024 11:29:48.558 INFO [http-nio-8080-exec-193] org.apache.catalina.core.ApplicationContext.log Manager: list: Listing contexts for virtual host 'localhost'
03-Dec-2024 11:29:48.559 INFO [http-nio-8080-exec-189] org.apache.catalina.core.ApplicationContext.log Manager: list: Listing contexts for virtual host 'localhost'
03-Dec-2024 11:29:48.564 INFO [http-nio-8080-exec-190] org.apache.catalina.core.ApplicationContext.log Manager: undeploy: Undeploying web application at '/mavenproject1'
03-Dec-2024 11:29:49.091 INFO [http-nio-8080-exec-189] org.apache.catalina.core.ApplicationContext.log Manager: install: Installing context configuration at 'file:/C:/Users/tobar/AppData/Local/Temp/context212658176954405410.xml'
03-Dec-2024 11:29:50.365 INFO [http-nio-8080-exec-197] org.apache.catalina.core.ApplicationContext.log Manager: start: Starting web application '/mavenproject1'
03-Dec-2024 11:31:09.111 INFO [http-nio-8080-exec-201] org.apache.catalina.core.ApplicationContext.log Manager: list: Listing contexts for virtual host 'localhost'
03-Dec-2024 11:31:09.113 INFO [http-nio-8080-exec-206] org.apache.catalina.core.ApplicationContext.log Manager: list: Listing contexts for virtual host 'localhost'
03-Dec-2024 11:31:09.119 INFO [http-nio-8080-exec-207] org.apache.catalina.core.ApplicationContext.log Manager: undeploy: Undeploying web application at '/mavenproject1'
03-Dec-2024 11:31:09.648 INFO [http-nio-8080-exec-199] org.apache.catalina.core.ApplicationContext.log Manager: install: Installing context configuration at 'file:/C:/Users/tobar/AppData/Local/Temp/context9086502291024174217.xml'
03-Dec-2024 11:31:10.918 INFO [http-nio-8080-exec-208] org.apache.catalina.core.ApplicationContext.log Manager: start: Starting web application '/mavenproject1'
03-Dec-2024 11:32:29.410 INFO [http-nio-8080-exec-214] org.apache.catalina.core.ApplicationContext.log Manager: list: Listing contexts for virtual host 'localhost'
03-Dec-2024 11:32:29.411 INFO [http-nio-8080-exec-216] org.apache.catalina.core.ApplicationContext.log Manager: list: Listing contexts for virtual host 'localhost'
03-Dec-2024 11:32:29.417 INFO [http-nio-8080-exec-218] org.apache.catalina.core.ApplicationContext.log Manager: undeploy: Undeploying web application at '/mavenproject1'
03-Dec-2024 11:32:29.951 INFO [http-nio-8080-exec-217] org.apache.catalina.core.ApplicationContext.log Manager: install: Installing context configuration at 'file:/C:/Users/tobar/AppData/Local/Temp/context11208398333056595227.xml'
03-Dec-2024 11:32:31.286 INFO [http-nio-8080-exec-209] org.apache.catalina.core.ApplicationContext.log Manager: start: Starting web application '/mavenproject1'
03-Dec-2024 11:32:54.656 INFO [http-nio-8080-exec-210] org.apache.catalina.core.ApplicationContext.log Manager: list: Listing contexts for virtual host 'localhost'
03-Dec-2024 11:32:54.658 INFO [http-nio-8080-exec-216] org.apache.catalina.core.ApplicationContext.log Manager: list: Listing contexts for virtual host 'localhost'
03-Dec-2024 11:32:54.664 INFO [http-nio-8080-exec-221] org.apache.catalina.core.ApplicationContext.log Manager: undeploy: Undeploying web application at '/mavenproject1'
03-Dec-2024 11:32:55.197 INFO [http-nio-8080-exec-216] org.apache.catalina.core.ApplicationContext.log Manager: install: Installing context configuration at 'file:/C:/Users/tobar/AppData/Local/Temp/context16476370502239350497.xml'
03-Dec-2024 11:32:56.502 INFO [http-nio-8080-exec-218] org.apache.catalina.core.ApplicationContext.log Manager: start: Starting web application '/mavenproject1'
03-Dec-2024 11:34:38.720 INFO [http-nio-8080-exec-230] org.apache.catalina.core.ApplicationContext.log Manager: list: Listing contexts for virtual host 'localhost'
03-Dec-2024 11:34:38.721 INFO [http-nio-8080-exec-231] org.apache.catalina.core.ApplicationContext.log Manager: list: Listing contexts for virtual host 'localhost'
03-Dec-2024 11:34:38.726 INFO [http-nio-8080-exec-226] org.apache.catalina.core.ApplicationContext.log Manager: undeploy: Undeploying web application at '/mavenproject1'
03-Dec-2024 11:34:39.264 INFO [http-nio-8080-exec-224] org.apache.catalina.core.ApplicationContext.log Manager: install: Installing context configuration at 'file:/C:/Users/tobar/AppData/Local/Temp/context1137873671256008170.xml'
03-Dec-2024 11:34:40.517 INFO [http-nio-8080-exec-228] org.apache.catalina.core.ApplicationContext.log Manager: start: Starting web application '/mavenproject1'
03-Dec-2024 11:38:43.663 INFO [http-nio-8080-exec-240] org.apache.catalina.core.ApplicationContext.log Manager: list: Listing contexts for virtual host 'localhost'
03-Dec-2024 11:38:43.664 INFO [http-nio-8080-exec-238] org.apache.catalina.core.ApplicationContext.log Manager: list: Listing contexts for virtual host 'localhost'
03-Dec-2024 11:38:43.669 INFO [http-nio-8080-exec-236] org.apache.catalina.core.ApplicationContext.log Manager: undeploy: Undeploying web application at '/mavenproject1'
03-Dec-2024 11:38:44.190 INFO [http-nio-8080-exec-233] org.apache.catalina.core.ApplicationContext.log Manager: install: Installing context configuration at 'file:/C:/Users/tobar/AppData/Local/Temp/context16138426271996493593.xml'
03-Dec-2024 11:38:45.502 INFO [http-nio-8080-exec-234] org.apache.catalina.core.ApplicationContext.log Manager: start: Starting web application '/mavenproject1'
03-Dec-2024 11:40:10.935 INFO [http-nio-8080-exec-246] org.apache.catalina.core.ApplicationContext.log Manager: list: Listing contexts for virtual host 'localhost'
03-Dec-2024 11:40:10.937 INFO [http-nio-8080-exec-250] org.apache.catalina.core.ApplicationContext.log Manager: list: Listing contexts for virtual host 'localhost'
03-Dec-2024 11:40:10.941 INFO [http-nio-8080-exec-243] org.apache.catalina.core.ApplicationContext.log Manager: undeploy: Undeploying web application at '/mavenproject1'
03-Dec-2024 11:40:11.476 INFO [http-nio-8080-exec-244] org.apache.catalina.core.ApplicationContext.log Manager: install: Installing context configuration at 'file:/C:/Users/tobar/AppData/Local/Temp/context1029494820163987982.xml'
03-Dec-2024 11:40:12.730 INFO [http-nio-8080-exec-246] org.apache.catalina.core.ApplicationContext.log Manager: start: Starting web application '/mavenproject1'
03-Dec-2024 11:50:21.543 INFO [http-nio-8080-exec-256] org.apache.catalina.core.ApplicationContext.log Manager: list: Listing contexts for virtual host 'localhost'
03-Dec-2024 11:50:21.544 INFO [http-nio-8080-exec-260] org.apache.catalina.core.ApplicationContext.log Manager: list: Listing contexts for virtual host 'localhost'
03-Dec-2024 11:50:21.549 INFO [http-nio-8080-exec-261] org.apache.catalina.core.ApplicationContext.log Manager: undeploy: Undeploying web application at '/mavenproject1'
03-Dec-2024 11:50:22.080 INFO [http-nio-8080-exec-255] org.apache.catalina.core.ApplicationContext.log Manager: install: Installing context configuration at 'file:/C:/Users/tobar/AppData/Local/Temp/context6309709713244287670.xml'
03-Dec-2024 11:50:23.332 INFO [http-nio-8080-exec-253] org.apache.catalina.core.ApplicationContext.log Manager: start: Starting web application '/mavenproject1'
03-Dec-2024 11:54:05.429 INFO [http-nio-8080-exec-264] org.apache.catalina.core.ApplicationContext.log Manager: list: Listing contexts for virtual host 'localhost'
03-Dec-2024 11:54:05.431 INFO [http-nio-8080-exec-268] org.apache.catalina.core.ApplicationContext.log Manager: list: Listing contexts for virtual host 'localhost'
03-Dec-2024 11:54:05.437 INFO [http-nio-8080-exec-265] org.apache.catalina.core.ApplicationContext.log Manager: undeploy: Undeploying web application at '/mavenproject1'
03-Dec-2024 11:54:05.964 INFO [http-nio-8080-exec-271] org.apache.catalina.core.ApplicationContext.log Manager: install: Installing context configuration at 'file:/C:/Users/tobar/AppData/Local/Temp/context4076751045393601702.xml'
03-Dec-2024 11:54:07.299 INFO [http-nio-8080-exec-267] org.apache.catalina.core.ApplicationContext.log Manager: start: Starting web application '/mavenproject1'
03-Dec-2024 11:57:26.956 INFO [http-nio-8080-exec-281] org.apache.catalina.core.ApplicationContext.log Manager: list: Listing contexts for virtual host 'localhost'
03-Dec-2024 11:57:26.957 INFO [http-nio-8080-exec-280] org.apache.catalina.core.ApplicationContext.log Manager: list: Listing contexts for virtual host 'localhost'
03-Dec-2024 11:57:26.962 INFO [http-nio-8080-exec-273] org.apache.catalina.core.ApplicationContext.log Manager: undeploy: Undeploying web application at '/mavenproject1'
03-Dec-2024 11:57:27.495 INFO [http-nio-8080-exec-274] org.apache.catalina.core.ApplicationContext.log Manager: install: Installing context configuration at 'file:/C:/Users/tobar/AppData/Local/Temp/context18033131444169280512.xml'
03-Dec-2024 11:57:28.898 INFO [http-nio-8080-exec-279] org.apache.catalina.core.ApplicationContext.log Manager: start: Starting web application '/mavenproject1'
03-Dec-2024 12:01:29.399 INFO [http-nio-8080-exec-283] org.apache.catalina.core.ApplicationContext.log Manager: list: Listing contexts for virtual host 'localhost'
03-Dec-2024 12:01:29.401 INFO [http-nio-8080-exec-284] org.apache.catalina.core.ApplicationContext.log Manager: list: Listing contexts for virtual host 'localhost'
03-Dec-2024 12:01:29.406 INFO [http-nio-8080-exec-287] org.apache.catalina.core.ApplicationContext.log Manager: undeploy: Undeploying web application at '/mavenproject1'
03-Dec-2024 12:01:29.932 INFO [http-nio-8080-exec-290] org.apache.catalina.core.ApplicationContext.log Manager: install: Installing context configuration at 'file:/C:/Users/tobar/AppData/Local/Temp/context2902894633081412447.xml'
03-Dec-2024 12:01:31.262 INFO [http-nio-8080-exec-283] org.apache.catalina.core.ApplicationContext.log Manager: start: Starting web application '/mavenproject1'
03-Dec-2024 12:04:39.667 INFO [http-nio-8080-exec-294] org.apache.catalina.core.ApplicationContext.log Manager: list: Listing contexts for virtual host 'localhost'
03-Dec-2024 12:04:39.669 INFO [http-nio-8080-exec-298] org.apache.catalina.core.ApplicationContext.log Manager: list: Listing contexts for virtual host 'localhost'
03-Dec-2024 12:04:39.673 INFO [http-nio-8080-exec-295] org.apache.catalina.core.ApplicationContext.log Manager: undeploy: Undeploying web application at '/mavenproject1'
03-Dec-2024 12:04:40.204 INFO [http-nio-8080-exec-299] org.apache.catalina.core.ApplicationContext.log Manager: install: Installing context configuration at 'file:/C:/Users/tobar/AppData/Local/Temp/context12981836369247150700.xml'
03-Dec-2024 12:04:41.567 INFO [http-nio-8080-exec-301] org.apache.catalina.core.ApplicationContext.log Manager: start: Starting web application '/mavenproject1'
03-Dec-2024 12:05:52.413 INFO [http-nio-8080-exec-303] org.apache.catalina.core.ApplicationContext.log Manager: list: Listing contexts for virtual host 'localhost'
03-Dec-2024 12:05:52.415 INFO [http-nio-8080-exec-304] org.apache.catalina.core.ApplicationContext.log Manager: list: Listing contexts for virtual host 'localhost'
03-Dec-2024 12:05:52.420 INFO [http-nio-8080-exec-308] org.apache.catalina.core.ApplicationContext.log Manager: undeploy: Undeploying web application at '/mavenproject1'
03-Dec-2024 12:05:52.945 INFO [http-nio-8080-exec-309] org.apache.catalina.core.ApplicationContext.log Manager: install: Installing context configuration at 'file:/C:/Users/tobar/AppData/Local/Temp/context782110429663675272.xml'
03-Dec-2024 12:05:54.164 INFO [http-nio-8080-exec-312] org.apache.catalina.core.ApplicationContext.log Manager: start: Starting web application '/mavenproject1'
03-Dec-2024 12:08:53.457 INFO [http-nio-8080-exec-320] org.apache.catalina.core.ApplicationContext.log Manager: list: Listing contexts for virtual host 'localhost'
03-Dec-2024 12:08:53.459 INFO [http-nio-8080-exec-315] org.apache.catalina.core.ApplicationContext.log Manager: list: Listing contexts for virtual host 'localhost'
03-Dec-2024 12:08:53.464 INFO [http-nio-8080-exec-322] org.apache.catalina.core.ApplicationContext.log Manager: undeploy: Undeploying web application at '/mavenproject1'
03-Dec-2024 12:08:53.986 INFO [http-nio-8080-exec-315] org.apache.catalina.core.ApplicationContext.log Manager: install: Installing context configuration at 'file:/C:/Users/tobar/AppData/Local/Temp/context18201639614035356856.xml'
03-Dec-2024 12:08:55.206 INFO [http-nio-8080-exec-313] org.apache.catalina.core.ApplicationContext.log Manager: start: Starting web application '/mavenproject1'
03-Dec-2024 12:11:01.431 INFO [http-nio-8080-exec-332] org.apache.catalina.core.ApplicationContext.log Manager: list: Listing contexts for virtual host 'localhost'
03-Dec-2024 12:11:01.432 INFO [http-nio-8080-exec-327] org.apache.catalina.core.ApplicationContext.log Manager: list: Listing contexts for virtual host 'localhost'
03-Dec-2024 12:11:01.437 INFO [http-nio-8080-exec-323] org.apache.catalina.core.ApplicationContext.log Manager: undeploy: Undeploying web application at '/mavenproject1'
03-Dec-2024 12:11:01.964 INFO [http-nio-8080-exec-329] org.apache.catalina.core.ApplicationContext.log Manager: install: Installing context configuration at 'file:/C:/Users/tobar/AppData/Local/Temp/context9152622858821220622.xml'
03-Dec-2024 12:11:03.176 INFO [http-nio-8080-exec-325] org.apache.catalina.core.ApplicationContext.log Manager: start: Starting web application '/mavenproject1'
03-Dec-2024 12:20:10.030 INFO [http-nio-8080-exec-342] org.apache.catalina.core.ApplicationContext.log Manager: list: Listing contexts for virtual host 'localhost'
03-Dec-2024 12:20:10.031 INFO [http-nio-8080-exec-335] org.apache.catalina.core.ApplicationContext.log Manager: list: Listing contexts for virtual host 'localhost'
03-Dec-2024 12:20:10.037 INFO [http-nio-8080-exec-341] org.apache.catalina.core.ApplicationContext.log Manager: undeploy: Undeploying web application at '/mavenproject1'
03-Dec-2024 12:20:10.571 INFO [http-nio-8080-exec-339] org.apache.catalina.core.ApplicationContext.log Manager: install: Installing context configuration at 'file:/C:/Users/tobar/AppData/Local/Temp/context16646796067641520948.xml'
03-Dec-2024 12:20:11.782 INFO [http-nio-8080-exec-340] org.apache.catalina.core.ApplicationContext.log Manager: start: Starting web application '/mavenproject1'
03-Dec-2024 12:23:14.768 INFO [http-nio-8080-exec-347] org.apache.catalina.core.ApplicationContext.log Manager: list: Listing contexts for virtual host 'localhost'
03-Dec-2024 12:23:14.770 INFO [http-nio-8080-exec-349] org.apache.catalina.core.ApplicationContext.log Manager: list: Listing contexts for virtual host 'localhost'
03-Dec-2024 12:23:14.778 INFO [http-nio-8080-exec-350] org.apache.catalina.core.ApplicationContext.log Manager: undeploy: Undeploying web application at '/mavenproject1'
03-Dec-2024 12:23:15.311 INFO [http-nio-8080-exec-347] org.apache.catalina.core.ApplicationContext.log Manager: install: Installing context configuration at 'file:/C:/Users/tobar/AppData/Local/Temp/context4702247860256003121.xml'
03-Dec-2024 12:23:16.657 INFO [http-nio-8080-exec-346] org.apache.catalina.core.ApplicationContext.log Manager: start: Starting web application '/mavenproject1'
03-Dec-2024 12:24:24.991 INFO [http-nio-8080-exec-358] org.apache.catalina.core.ApplicationContext.log Manager: list: Listing contexts for virtual host 'localhost'
03-Dec-2024 12:24:24.993 INFO [http-nio-8080-exec-361] org.apache.catalina.core.ApplicationContext.log Manager: list: Listing contexts for virtual host 'localhost'
03-Dec-2024 12:24:24.999 INFO [http-nio-8080-exec-360] org.apache.catalina.core.ApplicationContext.log Manager: undeploy: Undeploying web application at '/mavenproject1'
03-Dec-2024 12:24:25.533 INFO [http-nio-8080-exec-356] org.apache.catalina.core.ApplicationContext.log Manager: install: Installing context configuration at 'file:/C:/Users/tobar/AppData/Local/Temp/context6010951016319074096.xml'
03-Dec-2024 12:24:26.766 INFO [http-nio-8080-exec-358] org.apache.catalina.core.ApplicationContext.log Manager: start: Starting web application '/mavenproject1'
03-Dec-2024 12:25:43.986 INFO [http-nio-8080-exec-368] org.apache.catalina.core.ApplicationContext.log Manager: list: Listing contexts for virtual host 'localhost'
03-Dec-2024 12:25:43.988 INFO [http-nio-8080-exec-370] org.apache.catalina.core.ApplicationContext.log Manager: list: Listing contexts for virtual host 'localhost'
03-Dec-2024 12:25:43.992 INFO [http-nio-8080-exec-359] org.apache.catalina.core.ApplicationContext.log Manager: undeploy: Undeploying web application at '/mavenproject1'
03-Dec-2024 12:25:44.533 INFO [http-nio-8080-exec-369] org.apache.catalina.core.ApplicationContext.log Manager: install: Installing context configuration at 'file:/C:/Users/tobar/AppData/Local/Temp/context1525415251887335434.xml'
03-Dec-2024 12:25:45.783 INFO [http-nio-8080-exec-363] org.apache.catalina.core.ApplicationContext.log Manager: start: Starting web application '/mavenproject1'
03-Dec-2024 12:30:04.572 INFO [http-nio-8080-exec-375] org.apache.catalina.core.ApplicationContext.log Manager: list: Listing contexts for virtual host 'localhost'
03-Dec-2024 12:30:04.573 INFO [http-nio-8080-exec-377] org.apache.catalina.core.ApplicationContext.log Manager: list: Listing contexts for virtual host 'localhost'
03-Dec-2024 12:30:04.578 INFO [http-nio-8080-exec-373] org.apache.catalina.core.ApplicationContext.log Manager: undeploy: Undeploying web application at '/mavenproject1'
03-Dec-2024 12:30:05.107 INFO [http-nio-8080-exec-377] org.apache.catalina.core.ApplicationContext.log Manager: install: Installing context configuration at 'file:/C:/Users/tobar/AppData/Local/Temp/context9391411237315439568.xml'
03-Dec-2024 12:30:06.457 INFO [http-nio-8080-exec-371] org.apache.catalina.core.ApplicationContext.log Manager: start: Starting web application '/mavenproject1'
03-Dec-2024 12:31:19.797 INFO [http-nio-8080-exec-387] org.apache.catalina.core.ApplicationContext.log Manager: list: Listing contexts for virtual host 'localhost'
03-Dec-2024 12:31:19.799 INFO [http-nio-8080-exec-386] org.apache.catalina.core.ApplicationContext.log Manager: list: Listing contexts for virtual host 'localhost'
03-Dec-2024 12:31:19.803 INFO [http-nio-8080-exec-384] org.apache.catalina.core.ApplicationContext.log Manager: undeploy: Undeploying web application at '/mavenproject1'
03-Dec-2024 12:31:20.337 INFO [http-nio-8080-exec-389] org.apache.catalina.core.ApplicationContext.log Manager: install: Installing context configuration at 'file:/C:/Users/tobar/AppData/Local/Temp/context1887342487986501793.xml'
03-Dec-2024 12:31:21.613 INFO [http-nio-8080-exec-385] org.apache.catalina.core.ApplicationContext.log Manager: start: Starting web application '/mavenproject1'
03-Dec-2024 12:35:15.687 INFO [http-nio-8080-exec-398] org.apache.catalina.core.ApplicationContext.log Manager: list: Listing contexts for virtual host 'localhost'
03-Dec-2024 12:35:15.689 INFO [http-nio-8080-exec-396] org.apache.catalina.core.ApplicationContext.log Manager: list: Listing contexts for virtual host 'localhost'
03-Dec-2024 12:35:15.695 INFO [http-nio-8080-exec-400] org.apache.catalina.core.ApplicationContext.log Manager: undeploy: Undeploying web application at '/mavenproject1'
03-Dec-2024 12:35:16.224 INFO [http-nio-8080-exec-391] org.apache.catalina.core.ApplicationContext.log Manager: install: Installing context configuration at 'file:/C:/Users/tobar/AppData/Local/Temp/context15549949483279728821.xml'
03-Dec-2024 12:35:17.549 INFO [http-nio-8080-exec-392] org.apache.catalina.core.ApplicationContext.log Manager: start: Starting web application '/mavenproject1'
03-Dec-2024 12:35:32.231 INFO [http-nio-8080-exec-403] org.apache.catalina.core.ApplicationContext.log Manager: list: Listing contexts for virtual host 'localhost'
03-Dec-2024 12:35:32.233 INFO [http-nio-8080-exec-392] org.apache.catalina.core.ApplicationContext.log Manager: list: Listing contexts for virtual host 'localhost'
03-Dec-2024 12:35:32.238 INFO [http-nio-8080-exec-396] org.apache.catalina.core.ApplicationContext.log Manager: undeploy: Undeploying web application at '/mavenproject1'
03-Dec-2024 12:35:32.762 INFO [http-nio-8080-exec-403] org.apache.catalina.core.ApplicationContext.log Manager: install: Installing context configuration at 'file:/C:/Users/tobar/AppData/Local/Temp/context12328202341833260574.xml'
03-Dec-2024 12:35:34.024 INFO [http-nio-8080-exec-405] org.apache.catalina.core.ApplicationContext.log Manager: start: Starting web application '/mavenproject1'
03-Dec-2024 12:38:45.413 INFO [http-nio-8080-exec-413] org.apache.catalina.core.ApplicationContext.log Manager: list: Listing contexts for virtual host 'localhost'
03-Dec-2024 12:38:45.415 INFO [http-nio-8080-exec-406] org.apache.catalina.core.ApplicationContext.log Manager: list: Listing contexts for virtual host 'localhost'
03-Dec-2024 12:38:45.419 INFO [http-nio-8080-exec-411] org.apache.catalina.core.ApplicationContext.log Manager: undeploy: Undeploying web application at '/mavenproject1'
03-Dec-2024 12:38:45.954 INFO [http-nio-8080-exec-408] org.apache.catalina.core.ApplicationContext.log Manager: install: Installing context configuration at 'file:/C:/Users/tobar/AppData/Local/Temp/context16495515532246016866.xml'
03-Dec-2024 12:38:47.214 INFO [http-nio-8080-exec-407] org.apache.catalina.core.ApplicationContext.log Manager: start: Starting web application '/mavenproject1'
03-Dec-2024 12:43:59.266 INFO [http-nio-8080-exec-423] org.apache.catalina.core.ApplicationContext.log Manager: list: Listing contexts for virtual host 'localhost'
03-Dec-2024 12:43:59.267 INFO [http-nio-8080-exec-425] org.apache.catalina.core.ApplicationContext.log Manager: list: Listing contexts for virtual host 'localhost'
03-Dec-2024 12:43:59.272 INFO [http-nio-8080-exec-424] org.apache.catalina.core.ApplicationContext.log Manager: undeploy: Undeploying web application at '/mavenproject1'
03-Dec-2024 12:43:59.803 INFO [http-nio-8080-exec-425] org.apache.catalina.core.ApplicationContext.log Manager: install: Installing context configuration at 'file:/C:/Users/tobar/AppData/Local/Temp/context701506198525061201.xml'
03-Dec-2024 12:44:02.715 INFO [http-nio-8080-exec-416] org.apache.catalina.core.ApplicationContext.log Manager: start: Starting web application '/mavenproject1'
03-Dec-2024 12:48:58.875 INFO [http-nio-8080-exec-434] org.apache.catalina.core.ApplicationContext.log Manager: list: Listing contexts for virtual host 'localhost'
03-Dec-2024 12:48:58.877 INFO [http-nio-8080-exec-432] org.apache.catalina.core.ApplicationContext.log Manager: list: Listing contexts for virtual host 'localhost'
03-Dec-2024 12:48:58.880 INFO [http-nio-8080-exec-429] org.apache.catalina.core.ApplicationContext.log Manager: undeploy: Undeploying web application at '/mavenproject1'
03-Dec-2024 12:48:59.411 INFO [http-nio-8080-exec-428] org.apache.catalina.core.ApplicationContext.log Manager: install: Installing context configuration at 'file:/C:/Users/tobar/AppData/Local/Temp/context12316744504050215809.xml'
03-Dec-2024 12:49:02.734 INFO [http-nio-8080-exec-435] org.apache.catalina.core.ApplicationContext.log Manager: start: Starting web application '/mavenproject1'
03-Dec-2024 13:00:28.647 INFO [http-nio-8080-exec-444] org.apache.catalina.core.ApplicationContext.log Manager: list: Listing contexts for virtual host 'localhost'
03-Dec-2024 13:00:28.649 INFO [http-nio-8080-exec-445] org.apache.catalina.core.ApplicationContext.log Manager: list: Listing contexts for virtual host 'localhost'
03-Dec-2024 13:00:28.654 INFO [http-nio-8080-exec-439] org.apache.catalina.core.ApplicationContext.log Manager: undeploy: Undeploying web application at '/mavenproject1'
03-Dec-2024 13:00:29.184 INFO [http-nio-8080-exec-438] org.apache.catalina.core.ApplicationContext.log Manager: install: Installing context configuration at 'file:/C:/Users/tobar/AppData/Local/Temp/context17667103591490410088.xml'
03-Dec-2024 13:00:30.515 INFO [http-nio-8080-exec-445] org.apache.catalina.core.ApplicationContext.log Manager: start: Starting web application '/mavenproject1'
03-Dec-2024 13:15:29.517 INFO [http-nio-8080-exec-453] org.apache.catalina.core.ApplicationContext.log Manager: list: Listing contexts for virtual host 'localhost'
03-Dec-2024 13:15:29.520 INFO [http-nio-8080-exec-455] org.apache.catalina.core.ApplicationContext.log Manager: list: Listing contexts for virtual host 'localhost'
03-Dec-2024 13:15:29.531 INFO [http-nio-8080-exec-454] org.apache.catalina.core.ApplicationContext.log Manager: undeploy: Undeploying web application at '/mavenproject1'
03-Dec-2024 13:15:30.106 INFO [http-nio-8080-exec-448] org.apache.catalina.core.ApplicationContext.log Manager: install: Installing context configuration at 'file:/C:/Users/tobar/AppData/Local/Temp/context16727576580640139980.xml'
03-Dec-2024 13:15:32.632 INFO [http-nio-8080-exec-449] org.apache.catalina.core.ApplicationContext.log Manager: start: Starting web application '/mavenproject1'
03-Dec-2024 13:16:17.819 INFO [http-nio-8080-exec-457] org.apache.catalina.core.ApplicationContext.log Manager: list: Listing contexts for virtual host 'localhost'
03-Dec-2024 13:16:17.822 INFO [http-nio-8080-exec-449] org.apache.catalina.core.ApplicationContext.log Manager: list: Listing contexts for virtual host 'localhost'
03-Dec-2024 13:16:17.829 INFO [http-nio-8080-exec-458] org.apache.catalina.core.ApplicationContext.log Manager: undeploy: Undeploying web application at '/mavenproject1'
03-Dec-2024 13:16:18.452 INFO [http-nio-8080-exec-457] org.apache.catalina.core.ApplicationContext.log Manager: install: Installing context configuration at 'file:/C:/Users/tobar/AppData/Local/Temp/context13045722636084427445.xml'
03-Dec-2024 13:16:21.827 INFO [http-nio-8080-exec-447] org.apache.catalina.core.ApplicationContext.log Manager: start: Starting web application '/mavenproject1'
03-Dec-2024 13:18:46.917 INFO [http-nio-8080-exec-449] org.apache.catalina.core.ApplicationContext.log Manager: list: Listing contexts for virtual host 'localhost'
03-Dec-2024 13:18:46.919 INFO [http-nio-8080-exec-467] org.apache.catalina.core.ApplicationContext.log Manager: list: Listing contexts for virtual host 'localhost'
03-Dec-2024 13:18:46.925 INFO [http-nio-8080-exec-466] org.apache.catalina.core.ApplicationContext.log Manager: undeploy: Undeploying web application at '/mavenproject1'
03-Dec-2024 13:18:47.473 INFO [http-nio-8080-exec-452] org.apache.catalina.core.ApplicationContext.log Manager: install: Installing context configuration at 'file:/C:/Users/tobar/AppData/Local/Temp/context4133299489771060838.xml'
03-Dec-2024 13:18:49.696 INFO [http-nio-8080-exec-449] org.apache.catalina.core.ApplicationContext.log Manager: start: Starting web application '/mavenproject1'
03-Dec-2024 13:21:54.820 INFO [http-nio-8080-exec-458] org.apache.catalina.core.ApplicationContext.log Manager: list: Listing contexts for virtual host 'localhost'
03-Dec-2024 13:21:54.822 INFO [http-nio-8080-exec-475] org.apache.catalina.core.ApplicationContext.log Manager: list: Listing contexts for virtual host 'localhost'
03-Dec-2024 13:21:54.831 INFO [http-nio-8080-exec-474] org.apache.catalina.core.ApplicationContext.log Manager: undeploy: Undeploying web application at '/mavenproject1'
03-Dec-2024 13:21:55.383 INFO [http-nio-8080-exec-475] org.apache.catalina.core.ApplicationContext.log Manager: install: Installing context configuration at 'file:/C:/Users/tobar/AppData/Local/Temp/context14360327872541245374.xml'
03-Dec-2024 13:21:57.703 INFO [http-nio-8080-exec-472] org.apache.catalina.core.ApplicationContext.log Manager: start: Starting web application '/mavenproject1'
03-Dec-2024 13:22:44.377 INFO [http-nio-8080-exec-472] org.apache.catalina.core.ApplicationContext.log Manager: list: Listing contexts for virtual host 'localhost'
03-Dec-2024 13:22:44.379 INFO [http-nio-8080-exec-476] org.apache.catalina.core.ApplicationContext.log Manager: list: Listing contexts for virtual host 'localhost'
03-Dec-2024 13:22:44.386 INFO [http-nio-8080-exec-477] org.apache.catalina.core.ApplicationContext.log Manager: undeploy: Undeploying web application at '/mavenproject1'
03-Dec-2024 13:22:44.931 INFO [http-nio-8080-exec-478] org.apache.catalina.core.ApplicationContext.log Manager: install: Installing context configuration at 'file:/C:/Users/tobar/AppData/Local/Temp/context12136830142216766979.xml'
03-Dec-2024 13:22:47.135 INFO [http-nio-8080-exec-476] org.apache.catalina.core.ApplicationContext.log Manager: start: Starting web application '/mavenproject1'
03-Dec-2024 13:27:26.018 INFO [http-nio-8080-exec-486] org.apache.catalina.core.ApplicationContext.log Manager: list: Listing contexts for virtual host 'localhost'
03-Dec-2024 13:27:26.019 INFO [http-nio-8080-exec-488] org.apache.catalina.core.ApplicationContext.log Manager: list: Listing contexts for virtual host 'localhost'
03-Dec-2024 13:27:26.024 INFO [http-nio-8080-exec-487] org.apache.catalina.core.ApplicationContext.log Manager: undeploy: Undeploying web application at '/mavenproject1'
03-Dec-2024 13:27:26.559 INFO [http-nio-8080-exec-480] org.apache.catalina.core.ApplicationContext.log Manager: install: Installing context configuration at 'file:/C:/Users/tobar/AppData/Local/Temp/context7953848075457432300.xml'
03-Dec-2024 13:27:27.840 INFO [http-nio-8080-exec-483] org.apache.catalina.core.ApplicationContext.log Manager: start: Starting web application '/mavenproject1'
03-Dec-2024 13:28:37.941 INFO [http-nio-8080-exec-485] org.apache.catalina.core.ApplicationContext.log Manager: list: Listing contexts for virtual host 'localhost'
03-Dec-2024 13:28:37.942 INFO [http-nio-8080-exec-492] org.apache.catalina.core.ApplicationContext.log Manager: list: Listing contexts for virtual host 'localhost'
03-Dec-2024 13:28:37.946 INFO [http-nio-8080-exec-487] org.apache.catalina.core.ApplicationContext.log Manager: undeploy: Undeploying web application at '/mavenproject1'
03-Dec-2024 13:28:38.475 INFO [http-nio-8080-exec-489] org.apache.catalina.core.ApplicationContext.log Manager: install: Installing context configuration at 'file:/C:/Users/tobar/AppData/Local/Temp/context14165541339451787904.xml'
03-Dec-2024 13:28:40.057 INFO [http-nio-8080-exec-490] org.apache.catalina.core.ApplicationContext.log Manager: start: Starting web application '/mavenproject1'
03-Dec-2024 13:29:25.084 INFO [http-nio-8080-exec-490] org.apache.catalina.core.ApplicationContext.log Manager: list: Listing contexts for virtual host 'localhost'
03-Dec-2024 13:29:25.085 INFO [http-nio-8080-exec-495] org.apache.catalina.core.ApplicationContext.log Manager: list: Listing contexts for virtual host 'localhost'
03-Dec-2024 13:29:25.090 INFO [http-nio-8080-exec-496] org.apache.catalina.core.ApplicationContext.log Manager: undeploy: Undeploying web application at '/mavenproject1'
03-Dec-2024 13:29:25.620 INFO [http-nio-8080-exec-494] org.apache.catalina.core.ApplicationContext.log Manager: install: Installing context configuration at 'file:/C:/Users/tobar/AppData/Local/Temp/context8001490564414982122.xml'
03-Dec-2024 13:29:26.950 INFO [http-nio-8080-exec-487] org.apache.catalina.core.ApplicationContext.log Manager: start: Starting web application '/mavenproject1'
03-Dec-2024 17:43:52.294 INFO [http-nio-8080-exec-5] org.apache.catalina.core.ApplicationContext.log Manager: init: Associated with Deployer 'Catalina:type=Deployer,host=localhost'
03-Dec-2024 17:43:52.294 INFO [http-nio-8080-exec-5] org.apache.catalina.core.ApplicationContext.log Manager: init: Global resources are available
03-Dec-2024 17:43:52.378 INFO [http-nio-8080-exec-9] org.apache.catalina.core.ApplicationContext.log Manager: list: Listing contexts for virtual host 'localhost'
03-Dec-2024 17:43:52.382 INFO [http-nio-8080-exec-1] org.apache.catalina.core.ApplicationContext.log Manager: list: Listing contexts for virtual host 'localhost'
03-Dec-2024 17:43:52.392 INFO [http-nio-8080-exec-2] org.apache.catalina.core.ApplicationContext.log Manager: undeploy: Undeploying web application at '/mavenproject1'
03-Dec-2024 17:43:52.982 INFO [http-nio-8080-exec-3] org.apache.catalina.core.ApplicationContext.log Manager: install: Installing context configuration at 'file:/C:/Users/tobar/AppData/Local/Temp/context6191999502358347223.xml'
03-Dec-2024 17:43:54.342 INFO [http-nio-8080-exec-7] org.apache.catalina.core.ApplicationContext.log Manager: start: Starting web application '/mavenproject1'
03-Dec-2024 18:10:26.557 INFO [http-nio-8080-exec-20] org.apache.catalina.core.ApplicationContext.log Manager: list: Listing contexts for virtual host 'localhost'
03-Dec-2024 18:10:26.561 INFO [http-nio-8080-exec-12] org.apache.catalina.core.ApplicationContext.log Manager: list: Listing contexts for virtual host 'localhost'
03-Dec-2024 18:10:26.587 INFO [http-nio-8080-exec-13] org.apache.catalina.core.ApplicationContext.log Manager: undeploy: Undeploying web application at '/mavenproject1'
03-Dec-2024 18:10:27.140 INFO [http-nio-8080-exec-11] org.apache.catalina.core.ApplicationContext.log Manager: install: Installing context configuration at 'file:/C:/Users/tobar/AppData/Local/Temp/context11734727646421849248.xml'
03-Dec-2024 18:10:29.026 INFO [http-nio-8080-exec-14] org.apache.catalina.core.ApplicationContext.log Manager: start: Starting web application '/mavenproject1'
03-Dec-2024 19:39:43.511 INFO [http-nio-8080-exec-27] org.apache.catalina.core.ApplicationContext.log Manager: list: Listing contexts for virtual host 'localhost'
03-Dec-2024 19:39:43.517 INFO [http-nio-8080-exec-29] org.apache.catalina.core.ApplicationContext.log Manager: list: Listing contexts for virtual host 'localhost'
03-Dec-2024 19:39:43.527 INFO [http-nio-8080-exec-24] org.apache.catalina.core.ApplicationContext.log Manager: undeploy: Undeploying web application at '/mavenproject1'
03-Dec-2024 19:39:44.113 INFO [http-nio-8080-exec-26] org.apache.catalina.core.ApplicationContext.log Manager: install: Installing context configuration at 'file:/C:/Users/tobar/AppData/Local/Temp/context16932397784884370080.xml'
03-Dec-2024 19:39:45.729 INFO [http-nio-8080-exec-21] org.apache.catalina.core.ApplicationContext.log Manager: start: Starting web application '/mavenproject1'
03-Dec-2024 19:42:32.115 INFO [http-nio-8080-exec-37] org.apache.catalina.core.ApplicationContext.log Manager: list: Listing contexts for virtual host 'localhost'
03-Dec-2024 19:42:32.117 INFO [http-nio-8080-exec-33] org.apache.catalina.core.ApplicationContext.log Manager: list: Listing contexts for virtual host 'localhost'
03-Dec-2024 19:42:32.124 INFO [http-nio-8080-exec-39] org.apache.catalina.core.ApplicationContext.log Manager: undeploy: Undeploying web application at '/mavenproject1'
03-Dec-2024 19:42:32.655 INFO [http-nio-8080-exec-40] org.apache.catalina.core.ApplicationContext.log Manager: install: Installing context configuration at 'file:/C:/Users/tobar/AppData/Local/Temp/context11517973515670471632.xml'
03-Dec-2024 19:42:34.022 INFO [http-nio-8080-exec-34] org.apache.catalina.core.ApplicationContext.log Manager: start: Starting web application '/mavenproject1'
03-Dec-2024 19:45:36.104 INFO [http-nio-8080-exec-45] org.apache.catalina.core.ApplicationContext.log Manager: list: Listing contexts for virtual host 'localhost'
03-Dec-2024 19:45:36.105 INFO [http-nio-8080-exec-48] org.apache.catalina.core.ApplicationContext.log Manager: list: Listing contexts for virtual host 'localhost'
03-Dec-2024 19:45:36.113 INFO [http-nio-8080-exec-49] org.apache.catalina.core.ApplicationContext.log Manager: undeploy: Undeploying web application at '/mavenproject1'
03-Dec-2024 19:45:36.644 INFO [http-nio-8080-exec-44] org.apache.catalina.core.ApplicationContext.log Manager: install: Installing context configuration at 'file:/C:/Users/tobar/AppData/Local/Temp/context1682629992496030235.xml'
03-Dec-2024 19:45:37.999 INFO [http-nio-8080-exec-41] org.apache.catalina.core.ApplicationContext.log Manager: start: Starting web application '/mavenproject1'
03-Dec-2024 19:48:13.253 INFO [http-nio-8080-exec-53] org.apache.catalina.core.ApplicationContext.log Manager: list: Listing contexts for virtual host 'localhost'
03-Dec-2024 19:48:13.255 INFO [http-nio-8080-exec-56] org.apache.catalina.core.ApplicationContext.log Manager: list: Listing contexts for virtual host 'localhost'
03-Dec-2024 19:48:13.262 INFO [http-nio-8080-exec-59] org.apache.catalina.core.ApplicationContext.log Manager: undeploy: Undeploying web application at '/mavenproject1'
03-Dec-2024 19:48:13.797 INFO [http-nio-8080-exec-60] org.apache.catalina.core.ApplicationContext.log Manager: install: Installing context configuration at 'file:/C:/Users/tobar/AppData/Local/Temp/context13453646924863502200.xml'
03-Dec-2024 19:48:15.063 INFO [http-nio-8080-exec-57] org.apache.catalina.core.ApplicationContext.log Manager: start: Starting web application '/mavenproject1'
03-Dec-2024 19:50:25.245 INFO [http-nio-8080-exec-67] org.apache.catalina.core.ApplicationContext.log Manager: list: Listing contexts for virtual host 'localhost'
03-Dec-2024 19:50:25.247 INFO [http-nio-8080-exec-69] org.apache.catalina.core.ApplicationContext.log Manager: list: Listing contexts for virtual host 'localhost'
03-Dec-2024 19:50:25.255 INFO [http-nio-8080-exec-65] org.apache.catalina.core.ApplicationContext.log Manager: undeploy: Undeploying web application at '/mavenproject1'
03-Dec-2024 19:50:25.786 INFO [http-nio-8080-exec-69] org.apache.catalina.core.ApplicationContext.log Manager: install: Installing context configuration at 'file:/C:/Users/tobar/AppData/Local/Temp/context16544638721622321204.xml'
03-Dec-2024 19:50:27.246 INFO [http-nio-8080-exec-63] org.apache.catalina.core.ApplicationContext.log Manager: start: Starting web application '/mavenproject1'
03-Dec-2024 19:57:47.426 INFO [http-nio-8080-exec-71] org.apache.catalina.core.ApplicationContext.log Manager: list: Listing contexts for virtual host 'localhost'
03-Dec-2024 19:57:47.428 INFO [http-nio-8080-exec-80] org.apache.catalina.core.ApplicationContext.log Manager: list: Listing contexts for virtual host 'localhost'
03-Dec-2024 19:57:47.433 INFO [http-nio-8080-exec-72] org.apache.catalina.core.ApplicationContext.log Manager: undeploy: Undeploying web application at '/mavenproject1'
03-Dec-2024 19:57:47.969 INFO [http-nio-8080-exec-74] org.apache.catalina.core.ApplicationContext.log Manager: install: Installing context configuration at 'file:/C:/Users/tobar/AppData/Local/Temp/context5441494548303167520.xml'
03-Dec-2024 19:57:49.257 INFO [http-nio-8080-exec-78] org.apache.catalina.core.ApplicationContext.log Manager: start: Starting web application '/mavenproject1'
03-Dec-2024 20:00:31.345 INFO [http-nio-8080-exec-85] org.apache.catalina.core.ApplicationContext.log Manager: list: Listing contexts for virtual host 'localhost'
03-Dec-2024 20:00:31.347 INFO [http-nio-8080-exec-90] org.apache.catalina.core.ApplicationContext.log Manager: list: Listing contexts for virtual host 'localhost'
03-Dec-2024 20:00:31.353 INFO [http-nio-8080-exec-81] org.apache.catalina.core.ApplicationContext.log Manager: undeploy: Undeploying web application at '/mavenproject1'
03-Dec-2024 20:00:31.886 INFO [http-nio-8080-exec-84] org.apache.catalina.core.ApplicationContext.log Manager: install: Installing context configuration at 'file:/C:/Users/tobar/AppData/Local/Temp/context10434646873248210342.xml'
03-Dec-2024 20:00:33.288 INFO [http-nio-8080-exec-85] org.apache.catalina.core.ApplicationContext.log Manager: start: Starting web application '/mavenproject1'
03-Dec-2024 20:29:51.375 INFO [http-nio-8080-exec-100] org.apache.catalina.core.ApplicationContext.log Manager: list: Listing contexts for virtual host 'localhost'
03-Dec-2024 20:29:51.378 INFO [http-nio-8080-exec-91] org.apache.catalina.core.ApplicationContext.log Manager: list: Listing contexts for virtual host 'localhost'
03-Dec-2024 20:29:51.383 INFO [http-nio-8080-exec-92] org.apache.catalina.core.ApplicationContext.log Manager: undeploy: Undeploying web application at '/mavenproject1'
03-Dec-2024 20:29:51.906 INFO [http-nio-8080-exec-100] org.apache.catalina.core.ApplicationContext.log Manager: install: Installing context configuration at 'file:/C:/Users/tobar/AppData/Local/Temp/context17150714027108162173.xml'
03-Dec-2024 20:29:53.365 INFO [http-nio-8080-exec-97] org.apache.catalina.core.ApplicationContext.log Manager: start: Starting web application '/mavenproject1'
03-Dec-2024 20:30:37.136 INFO [http-nio-8080-exec-97] org.apache.catalina.core.ApplicationContext.log Manager: list: Listing contexts for virtual host 'localhost'
03-Dec-2024 20:30:37.138 INFO [http-nio-8080-exec-102] org.apache.catalina.core.ApplicationContext.log Manager: list: Listing contexts for virtual host 'localhost'
03-Dec-2024 20:30:37.143 INFO [http-nio-8080-exec-103] org.apache.catalina.core.ApplicationContext.log Manager: undeploy: Undeploying web application at '/mavenproject1'
03-Dec-2024 20:30:37.681 INFO [http-nio-8080-exec-101] org.apache.catalina.core.ApplicationContext.log Manager: install: Installing context configuration at 'file:/C:/Users/tobar/AppData/Local/Temp/context9788059335048114610.xml'
03-Dec-2024 20:30:38.921 INFO [http-nio-8080-exec-105] org.apache.catalina.core.ApplicationContext.log Manager: start: Starting web application '/mavenproject1'
03-Dec-2024 20:31:45.746 INFO [http-nio-8080-exec-104] org.apache.catalina.core.ApplicationContext.log Manager: list: Listing contexts for virtual host 'localhost'
03-Dec-2024 20:31:45.749 INFO [http-nio-8080-exec-109] org.apache.catalina.core.ApplicationContext.log Manager: list: Listing contexts for virtual host 'localhost'
03-Dec-2024 20:31:45.753 INFO [http-nio-8080-exec-103] org.apache.catalina.core.ApplicationContext.log Manager: undeploy: Undeploying web application at '/mavenproject1'
03-Dec-2024 20:31:46.286 INFO [http-nio-8080-exec-109] org.apache.catalina.core.ApplicationContext.log Manager: install: Installing context configuration at 'file:/C:/Users/tobar/AppData/Local/Temp/context5152719281012076127.xml'
03-Dec-2024 20:31:47.537 INFO [http-nio-8080-exec-107] org.apache.catalina.core.ApplicationContext.log Manager: start: Starting web application '/mavenproject1'
03-Dec-2024 20:34:23.415 INFO [http-nio-8080-exec-98] org.apache.catalina.core.ApplicationContext.log Manager: list: Listing contexts for virtual host 'localhost'
03-Dec-2024 20:34:23.417 INFO [http-nio-8080-exec-118] org.apache.catalina.core.ApplicationContext.log Manager: list: Listing contexts for virtual host 'localhost'
03-Dec-2024 20:34:23.422 INFO [http-nio-8080-exec-117] org.apache.catalina.core.ApplicationContext.log Manager: undeploy: Undeploying web application at '/mavenproject1'
03-Dec-2024 20:34:23.964 INFO [http-nio-8080-exec-113] org.apache.catalina.core.ApplicationContext.log Manager: install: Installing context configuration at 'file:/C:/Users/tobar/AppData/Local/Temp/context331384068354615505.xml'
03-Dec-2024 20:34:25.222 INFO [http-nio-8080-exec-98] org.apache.catalina.core.ApplicationContext.log Manager: start: Starting web application '/mavenproject1'
03-Dec-2024 20:36:07.093 INFO [http-nio-8080-exec-117] org.apache.catalina.core.ApplicationContext.log Manager: list: Listing contexts for virtual host 'localhost'
03-Dec-2024 20:36:07.097 INFO [http-nio-8080-exec-123] org.apache.catalina.core.ApplicationContext.log Manager: undeploy: Undeploying web application at '/mavenproject1'
03-Dec-2024 20:36:21.527 INFO [http-nio-8080-exec-122] org.apache.catalina.core.ApplicationContext.log Manager: list: Listing contexts for virtual host 'localhost'
03-Dec-2024 20:36:21.529 INFO [http-nio-8080-exec-119] org.apache.catalina.core.ApplicationContext.log Manager: list: Listing contexts for virtual host 'localhost'
03-Dec-2024 20:36:21.552 INFO [http-nio-8080-exec-121] org.apache.catalina.core.ApplicationContext.log Manager: install: Installing context configuration at 'file:/C:/Users/tobar/AppData/Local/Temp/context11796105259080142906.xml'
03-Dec-2024 20:36:22.901 INFO [http-nio-8080-exec-110] org.apache.catalina.core.ApplicationContext.log Manager: start: Starting web application '/mavenproject1'
03-Dec-2024 21:45:16.257 INFO [http-nio-8080-exec-128] org.apache.catalina.core.ApplicationContext.log Manager: list: Listing contexts for virtual host 'localhost'
03-Dec-2024 21:45:16.261 INFO [http-nio-8080-exec-131] org.apache.catalina.core.ApplicationContext.log Manager: list: Listing contexts for virtual host 'localhost'
03-Dec-2024 21:45:16.271 INFO [http-nio-8080-exec-129] org.apache.catalina.core.ApplicationContext.log Manager: undeploy: Undeploying web application at '/mavenproject1'
03-Dec-2024 21:45:16.829 INFO [http-nio-8080-exec-126] org.apache.catalina.core.ApplicationContext.log Manager: install: Installing context configuration at 'file:/C:/Users/tobar/AppData/Local/Temp/context9451175171288438677.xml'
03-Dec-2024 21:45:18.579 INFO [http-nio-8080-exec-128] org.apache.catalina.core.ApplicationContext.log Manager: start: Starting web application '/mavenproject1'
03-Dec-2024 21:45:38.192 INFO [http-nio-8080-exec-128] org.apache.catalina.core.ApplicationContext.log Manager: list: Listing contexts for virtual host 'localhost'
03-Dec-2024 21:45:38.194 INFO [http-nio-8080-exec-137] org.apache.catalina.core.ApplicationContext.log Manager: list: Listing contexts for virtual host 'localhost'
03-Dec-2024 21:45:38.200 INFO [http-nio-8080-exec-134] org.apache.catalina.core.ApplicationContext.log Manager: undeploy: Undeploying web application at '/mavenproject1'
03-Dec-2024 21:45:38.776 INFO [http-nio-8080-exec-133] org.apache.catalina.core.ApplicationContext.log Manager: install: Installing context configuration at 'file:/C:/Users/tobar/AppData/Local/Temp/context1249408527971601145.xml'
03-Dec-2024 21:45:40.109 INFO [http-nio-8080-exec-130] org.apache.catalina.core.ApplicationContext.log Manager: start: Starting web application '/mavenproject1'
03-Dec-2024 21:46:50.724 INFO [http-nio-8080-exec-146] org.apache.catalina.core.ApplicationContext.log Manager: list: Listing contexts for virtual host 'localhost'
03-Dec-2024 21:46:50.726 INFO [http-nio-8080-exec-144] org.apache.catalina.core.ApplicationContext.log Manager: list: Listing contexts for virtual host 'localhost'
03-Dec-2024 21:46:50.735 INFO [http-nio-8080-exec-141] org.apache.catalina.core.ApplicationContext.log Manager: undeploy: Undeploying web application at '/mavenproject1'
03-Dec-2024 21:46:51.276 INFO [http-nio-8080-exec-148] org.apache.catalina.core.ApplicationContext.log Manager: install: Installing context configuration at 'file:/C:/Users/tobar/AppData/Local/Temp/context15131411413395633001.xml'
03-Dec-2024 21:46:52.670 INFO [http-nio-8080-exec-144] org.apache.catalina.core.ApplicationContext.log Manager: start: Starting web application '/mavenproject1'
03-Dec-2024 21:49:24.877 INFO [http-nio-8080-exec-155] org.apache.catalina.core.ApplicationContext.log Manager: list: Listing contexts for virtual host 'localhost'
03-Dec-2024 21:49:24.879 INFO [http-nio-8080-exec-156] org.apache.catalina.core.ApplicationContext.log Manager: list: Listing contexts for virtual host 'localhost'
03-Dec-2024 21:49:24.886 INFO [http-nio-8080-exec-157] org.apache.catalina.core.ApplicationContext.log Manager: undeploy: Undeploying web application at '/mavenproject1'
03-Dec-2024 21:49:25.428 INFO [http-nio-8080-exec-156] org.apache.catalina.core.ApplicationContext.log Manager: install: Installing context configuration at 'file:/C:/Users/tobar/AppData/Local/Temp/context458279479014762575.xml'
03-Dec-2024 21:49:26.984 INFO [http-nio-8080-exec-155] org.apache.catalina.core.ApplicationContext.log Manager: start: Starting web application '/mavenproject1'
03-Dec-2024 21:51:28.371 INFO [http-nio-8080-exec-165] org.apache.catalina.core.ApplicationContext.log Manager: list: Listing contexts for virtual host 'localhost'
03-Dec-2024 21:51:28.373 INFO [http-nio-8080-exec-166] org.apache.catalina.core.ApplicationContext.log Manager: list: Listing contexts for virtual host 'localhost'
03-Dec-2024 21:51:28.378 INFO [http-nio-8080-exec-168] org.apache.catalina.core.ApplicationContext.log Manager: undeploy: Undeploying web application at '/mavenproject1'
03-Dec-2024 21:51:28.929 INFO [http-nio-8080-exec-164] org.apache.catalina.core.ApplicationContext.log Manager: install: Installing context configuration at 'file:/C:/Users/tobar/AppData/Local/Temp/context3024949694667032585.xml'
03-Dec-2024 21:51:30.454 INFO [http-nio-8080-exec-160] org.apache.catalina.core.ApplicationContext.log Manager: start: Starting web application '/mavenproject1'
03-Dec-2024 22:21:40.978 INFO [http-nio-8080-exec-170] org.apache.catalina.core.ApplicationContext.log Manager: list: Listing contexts for virtual host 'localhost'
03-Dec-2024 22:21:40.981 INFO [http-nio-8080-exec-176] org.apache.catalina.core.ApplicationContext.log Manager: list: Listing contexts for virtual host 'localhost'
03-Dec-2024 22:21:40.993 INFO [http-nio-8080-exec-177] org.apache.catalina.core.ApplicationContext.log Manager: undeploy: Undeploying web application at '/mavenproject1'
03-Dec-2024 22:21:41.524 INFO [http-nio-8080-exec-169] org.apache.catalina.core.ApplicationContext.log Manager: install: Installing context configuration at 'file:/C:/Users/tobar/AppData/Local/Temp/context10425319826838835658.xml'
03-Dec-2024 22:21:42.967 INFO [http-nio-8080-exec-175] org.apache.catalina.core.ApplicationContext.log Manager: start: Starting web application '/mavenproject1'
03-Dec-2024 22:23:26.711 INFO [http-nio-8080-exec-185] org.apache.catalina.core.ApplicationContext.log Manager: list: Listing contexts for virtual host 'localhost'
03-Dec-2024 22:23:26.713 INFO [http-nio-8080-exec-184] org.apache.catalina.core.ApplicationContext.log Manager: list: Listing contexts for virtual host 'localhost'
03-Dec-2024 22:23:26.721 INFO [http-nio-8080-exec-186] org.apache.catalina.core.ApplicationContext.log Manager: undeploy: Undeploying web application at '/mavenproject1'
03-Dec-2024 22:23:27.268 INFO [http-nio-8080-exec-183] org.apache.catalina.core.ApplicationContext.log Manager: install: Installing context configuration at 'file:/C:/Users/tobar/AppData/Local/Temp/context2351359261928940771.xml'
03-Dec-2024 22:23:28.753 INFO [http-nio-8080-exec-181] org.apache.catalina.core.ApplicationContext.log Manager: start: Starting web application '/mavenproject1'
03-Dec-2024 22:28:13.768 INFO [http-nio-8080-exec-3] org.apache.catalina.core.ApplicationContext.log Manager: init: Associated with Deployer 'Catalina:type=Deployer,host=localhost'
03-Dec-2024 22:28:13.768 INFO [http-nio-8080-exec-3] org.apache.catalina.core.ApplicationContext.log Manager: init: Global resources are available
03-Dec-2024 22:28:13.807 INFO [http-nio-8080-exec-8] org.apache.catalina.core.ApplicationContext.log Manager: list: Listing contexts for virtual host 'localhost'
03-Dec-2024 22:28:13.811 INFO [http-nio-8080-exec-9] org.apache.catalina.core.ApplicationContext.log Manager: list: Listing contexts for virtual host 'localhost'
03-Dec-2024 22:28:13.824 INFO [http-nio-8080-exec-6] org.apache.catalina.core.ApplicationContext.log Manager: undeploy: Undeploying web application at '/mavenproject1'
03-Dec-2024 22:28:14.424 INFO [http-nio-8080-exec-9] org.apache.catalina.core.ApplicationContext.log Manager: install: Installing context configuration at 'file:/C:/Users/tobar/AppData/Local/Temp/context4573085222655195606.xml'
03-Dec-2024 22:28:16.119 INFO [http-nio-8080-exec-7] org.apache.catalina.core.ApplicationContext.log Manager: start: Starting web application '/mavenproject1'
03-Dec-2024 22:33:33.037 INFO [http-nio-8080-exec-15] org.apache.catalina.core.ApplicationContext.log Manager: list: Listing contexts for virtual host 'localhost'
03-Dec-2024 22:33:33.040 INFO [http-nio-8080-exec-17] org.apache.catalina.core.ApplicationContext.log Manager: list: Listing contexts for virtual host 'localhost'
03-Dec-2024 22:33:33.047 INFO [http-nio-8080-exec-16] org.apache.catalina.core.ApplicationContext.log Manager: undeploy: Undeploying web application at '/mavenproject1'
03-Dec-2024 22:33:33.587 INFO [http-nio-8080-exec-18] org.apache.catalina.core.ApplicationContext.log Manager: install: Installing context configuration at 'file:/C:/Users/tobar/AppData/Local/Temp/context16751050953411432195.xml'
03-Dec-2024 22:33:35.029 INFO [http-nio-8080-exec-14] org.apache.catalina.core.ApplicationContext.log Manager: start: Starting web application '/mavenproject1'
03-Dec-2024 22:34:38.911 INFO [http-nio-8080-exec-25] org.apache.catalina.core.ApplicationContext.log Manager: list: Listing contexts for virtual host 'localhost'
03-Dec-2024 22:34:38.914 INFO [http-nio-8080-exec-26] org.apache.catalina.core.ApplicationContext.log Manager: list: Listing contexts for virtual host 'localhost'
03-Dec-2024 22:34:38.925 INFO [http-nio-8080-exec-27] org.apache.catalina.core.ApplicationContext.log Manager: undeploy: Undeploying web application at '/mavenproject1'
03-Dec-2024 22:34:39.475 INFO [http-nio-8080-exec-25] org.apache.catalina.core.ApplicationContext.log Manager: install: Installing context configuration at 'file:/C:/Users/tobar/AppData/Local/Temp/context9894313811424809870.xml'
03-Dec-2024 22:34:42.067 INFO [http-nio-8080-exec-23] org.apache.catalina.core.ApplicationContext.log Manager: start: Starting web application '/mavenproject1'
03-Dec-2024 22:36:20.105 INFO [http-nio-8080-exec-38] org.apache.catalina.core.ApplicationContext.log Manager: list: Listing contexts for virtual host 'localhost'
03-Dec-2024 22:36:20.107 INFO [http-nio-8080-exec-35] org.apache.catalina.core.ApplicationContext.log Manager: list: Listing contexts for virtual host 'localhost'
03-Dec-2024 22:36:20.113 INFO [http-nio-8080-exec-27] org.apache.catalina.core.ApplicationContext.log Manager: undeploy: Undeploying web application at '/mavenproject1'
03-Dec-2024 22:36:20.658 INFO [http-nio-8080-exec-33] org.apache.catalina.core.ApplicationContext.log Manager: install: Installing context configuration at 'file:/C:/Users/tobar/AppData/Local/Temp/context14237092155304963448.xml'
03-Dec-2024 22:36:22.318 INFO [http-nio-8080-exec-36] org.apache.catalina.core.ApplicationContext.log Manager: start: Starting web application '/mavenproject1'
03-Dec-2024 22:56:55.559 INFO [http-nio-8080-exec-39] org.apache.catalina.core.ApplicationContext.log Manager: list: Listing contexts for virtual host 'localhost'
03-Dec-2024 22:56:55.562 INFO [http-nio-8080-exec-46] org.apache.catalina.core.ApplicationContext.log Manager: list: Listing contexts for virtual host 'localhost'
03-Dec-2024 22:56:55.581 INFO [http-nio-8080-exec-45] org.apache.catalina.core.ApplicationContext.log Manager: undeploy: Undeploying web application at '/mavenproject1'
03-Dec-2024 22:56:56.129 INFO [http-nio-8080-exec-47] org.apache.catalina.core.ApplicationContext.log Manager: install: Installing context configuration at 'file:/C:/Users/tobar/AppData/Local/Temp/context9139888465132547556.xml'
03-Dec-2024 22:56:57.668 INFO [http-nio-8080-exec-39] org.apache.catalina.core.ApplicationContext.log Manager: start: Starting web application '/mavenproject1'
03-Dec-2024 22:59:20.361 INFO [http-nio-8080-exec-54] org.apache.catalina.core.ApplicationContext.log Manager: list: Listing contexts for virtual host 'localhost'
03-Dec-2024 22:59:20.363 INFO [http-nio-8080-exec-56] org.apache.catalina.core.ApplicationContext.log Manager: list: Listing contexts for virtual host 'localhost'
03-Dec-2024 22:59:20.369 INFO [http-nio-8080-exec-55] org.apache.catalina.core.ApplicationContext.log Manager: undeploy: Undeploying web application at '/mavenproject1'
03-Dec-2024 22:59:20.910 INFO [http-nio-8080-exec-56] org.apache.catalina.core.ApplicationContext.log Manager: install: Installing context configuration at 'file:/C:/Users/tobar/AppData/Local/Temp/context164508266198294248.xml'
03-Dec-2024 22:59:22.279 INFO [http-nio-8080-exec-50] org.apache.catalina.core.ApplicationContext.log Manager: start: Starting web application '/mavenproject1'
03-Dec-2024 23:08:12.450 INFO [http-nio-8080-exec-63] org.apache.catalina.core.ApplicationContext.log Manager: list: Listing contexts for virtual host 'localhost'
03-Dec-2024 23:08:12.452 INFO [http-nio-8080-exec-64] org.apache.catalina.core.ApplicationContext.log Manager: list: Listing contexts for virtual host 'localhost'
03-Dec-2024 23:08:12.458 INFO [http-nio-8080-exec-65] org.apache.catalina.core.ApplicationContext.log Manager: undeploy: Undeploying web application at '/mavenproject1'
03-Dec-2024 23:08:12.991 INFO [http-nio-8080-exec-64] org.apache.catalina.core.ApplicationContext.log Manager: install: Installing context configuration at 'file:/C:/Users/tobar/AppData/Local/Temp/context14429771552704400013.xml'
03-Dec-2024 23:08:14.440 INFO [http-nio-8080-exec-59] org.apache.catalina.core.ApplicationContext.log Manager: start: Starting web application '/mavenproject1'
03-Dec-2024 23:08:28.494 INFO [http-nio-8080-exec-66] org.apache.catalina.core.ApplicationContext.log Manager: list: Listing contexts for virtual host 'localhost'
03-Dec-2024 23:08:28.500 INFO [http-nio-8080-exec-69] org.apache.catalina.core.ApplicationContext.log Manager: list: Listing contexts for virtual host 'localhost'
03-Dec-2024 23:08:28.514 INFO [http-nio-8080-exec-59] org.apache.catalina.core.ApplicationContext.log Manager: undeploy: Undeploying web application at '/mavenproject1'
03-Dec-2024 23:08:31.401 INFO [http-nio-8080-exec-62] org.apache.catalina.core.ApplicationContext.log Manager: install: Installing context configuration at 'file:/C:/Users/tobar/AppData/Local/Temp/context12441385898430512159.xml'
03-Dec-2024 23:08:32.998 INFO [http-nio-8080-exec-70] org.apache.catalina.core.ApplicationContext.log Manager: start: Starting web application '/mavenproject1'
03-Dec-2024 23:09:01.855 INFO [http-nio-8080-exec-74] org.apache.catalina.core.ApplicationContext.log Manager: list: Listing contexts for virtual host 'localhost'
03-Dec-2024 23:09:01.857 INFO [http-nio-8080-exec-75] org.apache.catalina.core.ApplicationContext.log Manager: list: Listing contexts for virtual host 'localhost'
03-Dec-2024 23:09:01.863 INFO [http-nio-8080-exec-60] org.apache.catalina.core.ApplicationContext.log Manager: undeploy: Undeploying web application at '/mavenproject1'
03-Dec-2024 23:09:04.754 INFO [http-nio-8080-exec-61] org.apache.catalina.core.ApplicationContext.log Manager: install: Installing context configuration at 'file:/C:/Users/tobar/AppData/Local/Temp/context9268631744485426521.xml'
03-Dec-2024 23:09:06.457 INFO [http-nio-8080-exec-74] org.apache.catalina.core.ApplicationContext.log Manager: start: Starting web application '/mavenproject1'
03-Dec-2024 23:10:25.178 INFO [http-nio-8080-exec-80] org.apache.catalina.core.ApplicationContext.log Manager: list: Listing contexts for virtual host 'localhost'
03-Dec-2024 23:10:25.181 INFO [http-nio-8080-exec-81] org.apache.catalina.core.ApplicationContext.log Manager: list: Listing contexts for virtual host 'localhost'
03-Dec-2024 23:10:25.188 INFO [http-nio-8080-exec-68] org.apache.catalina.core.ApplicationContext.log Manager: undeploy: Undeploying web application at '/mavenproject1'
03-Dec-2024 23:10:25.720 INFO [http-nio-8080-exec-81] org.apache.catalina.core.ApplicationContext.log Manager: install: Installing context configuration at 'file:/C:/Users/tobar/AppData/Local/Temp/context14432465652291945407.xml'
03-Dec-2024 23:10:27.124 INFO [http-nio-8080-exec-83] org.apache.catalina.core.ApplicationContext.log Manager: start: Starting web application '/mavenproject1'
03-Dec-2024 23:13:24.041 INFO [http-nio-8080-exec-87] org.apache.catalina.core.ApplicationContext.log Manager: list: Listing contexts for virtual host 'localhost'
03-Dec-2024 23:13:24.043 INFO [http-nio-8080-exec-88] org.apache.catalina.core.ApplicationContext.log Manager: list: Listing contexts for virtual host 'localhost'
03-Dec-2024 23:13:24.049 INFO [http-nio-8080-exec-89] org.apache.catalina.core.ApplicationContext.log Manager: undeploy: Undeploying web application at '/mavenproject1'
03-Dec-2024 23:13:24.578 INFO [http-nio-8080-exec-92] org.apache.catalina.core.ApplicationContext.log Manager: install: Installing context configuration at 'file:/C:/Users/tobar/AppData/Local/Temp/context6375141754353084905.xml'
03-Dec-2024 23:13:26.352 INFO [http-nio-8080-exec-91] org.apache.catalina.core.ApplicationContext.log Manager: start: Starting web application '/mavenproject1'
03-Dec-2024 23:14:03.219 INFO [http-nio-8080-exec-98] org.apache.catalina.core.ApplicationContext.log Manager: list: Listing contexts for virtual host 'localhost'
03-Dec-2024 23:14:03.221 INFO [http-nio-8080-exec-97] org.apache.catalina.core.ApplicationContext.log Manager: list: Listing contexts for virtual host 'localhost'
03-Dec-2024 23:14:03.229 INFO [http-nio-8080-exec-99] org.apache.catalina.core.ApplicationContext.log Manager: undeploy: Undeploying web application at '/mavenproject1'
03-Dec-2024 23:14:03.756 INFO [http-nio-8080-exec-94] org.apache.catalina.core.ApplicationContext.log Manager: install: Installing context configuration at 'file:/C:/Users/tobar/AppData/Local/Temp/context3488664420569310986.xml'
03-Dec-2024 23:14:05.034 INFO [http-nio-8080-exec-100] org.apache.catalina.core.ApplicationContext.log Manager: start: Starting web application '/mavenproject1'
03-Dec-2024 23:20:05.229 INFO [http-nio-8080-exec-111] org.apache.catalina.core.ApplicationContext.log Manager: list: Listing contexts for virtual host 'localhost'
03-Dec-2024 23:20:05.233 INFO [http-nio-8080-exec-110] org.apache.catalina.core.ApplicationContext.log Manager: list: Listing contexts for virtual host 'localhost'
03-Dec-2024 23:20:05.241 INFO [http-nio-8080-exec-102] org.apache.catalina.core.ApplicationContext.log Manager: undeploy: Undeploying web application at '/mavenproject1'
03-Dec-2024 23:20:05.775 INFO [http-nio-8080-exec-108] org.apache.catalina.core.ApplicationContext.log Manager: install: Installing context configuration at 'file:/C:/Users/tobar/AppData/Local/Temp/context3652044271268883310.xml'
03-Dec-2024 23:20:07.147 INFO [http-nio-8080-exec-105] org.apache.catalina.core.ApplicationContext.log Manager: start: Starting web application '/mavenproject1'
03-Dec-2024 23:21:49.205 INFO [http-nio-8080-exec-118] org.apache.catalina.core.ApplicationContext.log Manager: list: Listing contexts for virtual host 'localhost'
03-Dec-2024 23:21:49.207 INFO [http-nio-8080-exec-119] org.apache.catalina.core.ApplicationContext.log Manager: list: Listing contexts for virtual host 'localhost'
03-Dec-2024 23:21:49.212 INFO [http-nio-8080-exec-120] org.apache.catalina.core.ApplicationContext.log Manager: undeploy: Undeploying web application at '/mavenproject1'
03-Dec-2024 23:21:49.750 INFO [http-nio-8080-exec-115] org.apache.catalina.core.ApplicationContext.log Manager: install: Installing context configuration at 'file:/C:/Users/tobar/AppData/Local/Temp/context11628031576306392265.xml'
03-Dec-2024 23:21:51.062 INFO [http-nio-8080-exec-116] org.apache.catalina.core.ApplicationContext.log Manager: start: Starting web application '/mavenproject1'
