02-Dec-2024 20:15:12.543 INFO [http-nio-8080-exec-5] org.apache.catalina.core.ApplicationContext.log Manager: init: Associated with Deployer 'Catalina:type=Deployer,host=localhost'
02-Dec-2024 20:15:12.543 INFO [http-nio-8080-exec-5] org.apache.catalina.core.ApplicationContext.log Manager: init: Global resources are available
02-Dec-2024 20:15:12.607 INFO [http-nio-8080-exec-8] org.apache.catalina.core.ApplicationContext.log Manager: list: Listing contexts for virtual host 'localhost'
02-Dec-2024 20:15:12.611 INFO [http-nio-8080-exec-9] org.apache.catalina.core.ApplicationContext.log Manager: list: Listing contexts for virtual host 'localhost'
02-Dec-2024 20:15:12.622 INFO [http-nio-8080-exec-10] org.apache.catalina.core.ApplicationContext.log Manager: undeploy: Undeploying web application at '/mavenproject1'
02-Dec-2024 20:15:13.211 INFO [http-nio-8080-exec-7] org.apache.catalina.core.ApplicationContext.log Manager: install: Installing context configuration at 'file:/C:/Users/tobar/AppData/Local/Temp/context11939180295286119071.xml'
02-Dec-2024 20:15:22.339 INFO [http-nio-8080-exec-1] org.apache.catalina.core.ApplicationContext.log Manager: start: Starting web application '/mavenproject1'
02-Dec-2024 21:17:26.472 INFO [http-nio-8080-exec-3] org.apache.catalina.core.ApplicationContext.log Manager: init: Associated with Deployer 'Catalina:type=Deployer,host=localhost'
02-Dec-2024 21:17:26.472 INFO [http-nio-8080-exec-3] org.apache.catalina.core.ApplicationContext.log Manager: init: Global resources are available
02-Dec-2024 21:17:26.530 INFO [http-nio-8080-exec-8] org.apache.catalina.core.ApplicationContext.log Manager: list: Listing contexts for virtual host 'localhost'
02-Dec-2024 21:17:26.534 INFO [http-nio-8080-exec-9] org.apache.catalina.core.ApplicationContext.log Manager: list: Listing contexts for virtual host 'localhost'
02-Dec-2024 21:17:26.542 INFO [http-nio-8080-exec-10] org.apache.catalina.core.ApplicationContext.log Manager: undeploy: Undeploying web application at '/mavenproject1'
02-Dec-2024 21:17:27.120 INFO [http-nio-8080-exec-9] org.apache.catalina.core.ApplicationContext.log Manager: install: Installing context configuration at 'file:/C:/Users/tobar/AppData/Local/Temp/context17698868234469754053.xml'
02-Dec-2024 21:17:28.456 INFO [http-nio-8080-exec-7] org.apache.catalina.core.ApplicationContext.log Manager: start: Starting web application '/mavenproject1'
02-Dec-2024 21:21:13.444 INFO [http-nio-8080-exec-18] org.apache.catalina.core.ApplicationContext.log Manager: list: Listing contexts for virtual host 'localhost'
02-Dec-2024 21:21:13.447 INFO [http-nio-8080-exec-14] org.apache.catalina.core.ApplicationContext.log Manager: list: Listing contexts for virtual host 'localhost'
02-Dec-2024 21:21:13.454 INFO [http-nio-8080-exec-15] org.apache.catalina.core.ApplicationContext.log Manager: undeploy: Undeploying web application at '/mavenproject1'
02-Dec-2024 21:21:13.986 INFO [http-nio-8080-exec-13] org.apache.catalina.core.ApplicationContext.log Manager: install: Installing context configuration at 'file:/C:/Users/tobar/AppData/Local/Temp/context1431775541573987842.xml'
02-Dec-2024 21:21:15.254 INFO [http-nio-8080-exec-19] org.apache.catalina.core.ApplicationContext.log Manager: start: Starting web application '/mavenproject1'
02-Dec-2024 21:21:47.696 INFO [http-nio-8080-exec-17] org.apache.catalina.core.ApplicationContext.log Manager: list: Listing contexts for virtual host 'localhost'
02-Dec-2024 21:21:47.699 INFO [http-nio-8080-exec-22] org.apache.catalina.core.ApplicationContext.log Manager: list: Listing contexts for virtual host 'localhost'
02-Dec-2024 21:21:47.706 INFO [http-nio-8080-exec-19] org.apache.catalina.core.ApplicationContext.log Manager: undeploy: Undeploying web application at '/mavenproject1'
02-Dec-2024 21:21:48.244 INFO [http-nio-8080-exec-12] org.apache.catalina.core.ApplicationContext.log Manager: install: Installing context configuration at 'file:/C:/Users/tobar/AppData/Local/Temp/context5427710074086303346.xml'
02-Dec-2024 21:21:49.457 INFO [http-nio-8080-exec-16] org.apache.catalina.core.ApplicationContext.log Manager: start: Starting web application '/mavenproject1'
02-Dec-2024 21:22:04.663 INFO [http-nio-8080-exec-25] org.apache.catalina.core.ApplicationContext.log Manager: list: Listing contexts for virtual host 'localhost'
02-Dec-2024 21:22:04.666 INFO [http-nio-8080-exec-17] org.apache.catalina.core.ApplicationContext.log Manager: list: Listing contexts for virtual host 'localhost'
02-Dec-2024 21:22:04.671 INFO [http-nio-8080-exec-20] org.apache.catalina.core.ApplicationContext.log Manager: undeploy: Undeploying web application at '/mavenproject1'
02-Dec-2024 21:22:05.205 INFO [http-nio-8080-exec-25] org.apache.catalina.core.ApplicationContext.log Manager: install: Installing context configuration at 'file:/C:/Users/tobar/AppData/Local/Temp/context2333665342449907262.xml'
02-Dec-2024 21:22:06.422 INFO [http-nio-8080-exec-17] org.apache.catalina.core.ApplicationContext.log Manager: start: Starting web application '/mavenproject1'
02-Dec-2024 21:27:05.957 INFO [http-nio-8080-exec-28] org.apache.catalina.core.ApplicationContext.log Manager: list: Listing contexts for virtual host 'localhost'
02-Dec-2024 21:27:05.960 INFO [http-nio-8080-exec-31] org.apache.catalina.core.ApplicationContext.log Manager: list: Listing contexts for virtual host 'localhost'
02-Dec-2024 21:27:05.965 INFO [http-nio-8080-exec-32] org.apache.catalina.core.ApplicationContext.log Manager: undeploy: Undeploying web application at '/mavenproject1'
02-Dec-2024 21:27:06.486 INFO [http-nio-8080-exec-33] org.apache.catalina.core.ApplicationContext.log Manager: install: Installing context configuration at 'file:/C:/Users/tobar/AppData/Local/Temp/context6893214782614677811.xml'
02-Dec-2024 21:27:07.816 INFO [http-nio-8080-exec-35] org.apache.catalina.core.ApplicationContext.log Manager: start: Starting web application '/mavenproject1'
02-Dec-2024 21:30:16.890 INFO [http-nio-8080-exec-38] org.apache.catalina.core.ApplicationContext.log Manager: list: Listing contexts for virtual host 'localhost'
02-Dec-2024 21:30:16.893 INFO [http-nio-8080-exec-41] org.apache.catalina.core.ApplicationContext.log Manager: list: Listing contexts for virtual host 'localhost'
02-Dec-2024 21:30:16.898 INFO [http-nio-8080-exec-43] org.apache.catalina.core.ApplicationContext.log Manager: undeploy: Undeploying web application at '/mavenproject1'
02-Dec-2024 21:30:17.427 INFO [http-nio-8080-exec-45] org.apache.catalina.core.ApplicationContext.log Manager: install: Installing context configuration at 'file:/C:/Users/tobar/AppData/Local/Temp/context3984166399521344570.xml'
02-Dec-2024 21:30:18.626 INFO [http-nio-8080-exec-42] org.apache.catalina.core.ApplicationContext.log Manager: start: Starting web application '/mavenproject1'
02-Dec-2024 21:31:18.950 INFO [http-nio-8080-exec-48] org.apache.catalina.core.ApplicationContext.log Manager: list: Listing contexts for virtual host 'localhost'
02-Dec-2024 21:31:18.958 INFO [http-nio-8080-exec-40] org.apache.catalina.core.ApplicationContext.log Manager: list: Listing contexts for virtual host 'localhost'
02-Dec-2024 21:31:18.971 INFO [http-nio-8080-exec-50] org.apache.catalina.core.ApplicationContext.log Manager: undeploy: Undeploying web application at '/mavenproject1'
02-Dec-2024 21:31:19.495 INFO [http-nio-8080-exec-51] org.apache.catalina.core.ApplicationContext.log Manager: install: Installing context configuration at 'file:/C:/Users/tobar/AppData/Local/Temp/context17210974124360334191.xml'
02-Dec-2024 21:31:20.858 INFO [http-nio-8080-exec-48] org.apache.catalina.core.ApplicationContext.log Manager: start: Starting web application '/mavenproject1'
02-Dec-2024 21:33:14.371 INFO [http-nio-8080-exec-59] org.apache.catalina.core.ApplicationContext.log Manager: list: Listing contexts for virtual host 'localhost'
02-Dec-2024 21:33:14.373 INFO [http-nio-8080-exec-54] org.apache.catalina.core.ApplicationContext.log Manager: list: Listing contexts for virtual host 'localhost'
02-Dec-2024 21:33:14.378 INFO [http-nio-8080-exec-57] org.apache.catalina.core.ApplicationContext.log Manager: undeploy: Undeploying web application at '/mavenproject1'
02-Dec-2024 21:33:14.911 INFO [http-nio-8080-exec-53] org.apache.catalina.core.ApplicationContext.log Manager: install: Installing context configuration at 'file:/C:/Users/tobar/AppData/Local/Temp/context11893085268609896228.xml'
02-Dec-2024 21:33:16.134 INFO [http-nio-8080-exec-58] org.apache.catalina.core.ApplicationContext.log Manager: start: Starting web application '/mavenproject1'
02-Dec-2024 21:53:35.216 INFO [http-nio-8080-exec-65] org.apache.catalina.core.ApplicationContext.log Manager: list: Listing contexts for virtual host 'localhost'
02-Dec-2024 21:53:35.218 INFO [http-nio-8080-exec-67] org.apache.catalina.core.ApplicationContext.log Manager: list: Listing contexts for virtual host 'localhost'
02-Dec-2024 21:53:35.222 INFO [http-nio-8080-exec-66] org.apache.catalina.core.ApplicationContext.log Manager: undeploy: Undeploying web application at '/mavenproject1'
02-Dec-2024 21:53:35.747 INFO [http-nio-8080-exec-69] org.apache.catalina.core.ApplicationContext.log Manager: install: Installing context configuration at 'file:/C:/Users/tobar/AppData/Local/Temp/context12329087906137735584.xml'
02-Dec-2024 21:53:38.060 INFO [http-nio-8080-exec-63] org.apache.catalina.core.ApplicationContext.log Manager: start: Starting web application '/mavenproject1'
02-Dec-2024 22:00:56.945 INFO [http-nio-8080-exec-77] org.apache.catalina.core.ApplicationContext.log Manager: list: Listing contexts for virtual host 'localhost'
02-Dec-2024 22:00:56.948 INFO [http-nio-8080-exec-78] org.apache.catalina.core.ApplicationContext.log Manager: list: Listing contexts for virtual host 'localhost'
02-Dec-2024 22:00:56.955 INFO [http-nio-8080-exec-72] org.apache.catalina.core.ApplicationContext.log Manager: undeploy: Undeploying web application at '/mavenproject1'
02-Dec-2024 22:00:57.491 INFO [http-nio-8080-exec-77] org.apache.catalina.core.ApplicationContext.log Manager: install: Installing context configuration at 'file:/C:/Users/tobar/AppData/Local/Temp/context3917884160799231561.xml'
02-Dec-2024 22:00:58.823 INFO [http-nio-8080-exec-74] org.apache.catalina.core.ApplicationContext.log Manager: start: Starting web application '/mavenproject1'
02-Dec-2024 22:17:33.284 INFO [http-nio-8080-exec-85] org.apache.catalina.core.ApplicationContext.log Manager: list: Listing contexts for virtual host 'localhost'
02-Dec-2024 22:17:33.288 INFO [http-nio-8080-exec-80] org.apache.catalina.core.ApplicationContext.log Manager: list: Listing contexts for virtual host 'localhost'
02-Dec-2024 22:17:33.293 INFO [http-nio-8080-exec-86] org.apache.catalina.core.ApplicationContext.log Manager: undeploy: Undeploying web application at '/mavenproject1'
02-Dec-2024 22:17:33.863 INFO [http-nio-8080-exec-85] org.apache.catalina.core.ApplicationContext.log Manager: install: Installing context configuration at 'file:/C:/Users/tobar/AppData/Local/Temp/context16790701163609179518.xml'
02-Dec-2024 22:17:35.648 INFO [http-nio-8080-exec-82] org.apache.catalina.core.ApplicationContext.log Manager: start: Starting web application '/mavenproject1'
02-Dec-2024 22:20:40.811 INFO [http-nio-8080-exec-92] org.apache.catalina.core.ApplicationContext.log Manager: list: Listing contexts for virtual host 'localhost'
02-Dec-2024 22:20:40.812 INFO [http-nio-8080-exec-96] org.apache.catalina.core.ApplicationContext.log Manager: list: Listing contexts for virtual host 'localhost'
02-Dec-2024 22:20:40.818 INFO [http-nio-8080-exec-97] org.apache.catalina.core.ApplicationContext.log Manager: undeploy: Undeploying web application at '/mavenproject1'
02-Dec-2024 22:20:41.348 INFO [http-nio-8080-exec-90] org.apache.catalina.core.ApplicationContext.log Manager: install: Installing context configuration at 'file:/C:/Users/tobar/AppData/Local/Temp/context5404008052067522885.xml'
02-Dec-2024 22:20:42.755 INFO [http-nio-8080-exec-96] org.apache.catalina.core.ApplicationContext.log Manager: start: Starting web application '/mavenproject1'
02-Dec-2024 22:38:23.226 INFO [http-nio-8080-exec-107] org.apache.catalina.core.ApplicationContext.log Manager: list: Listing contexts for virtual host 'localhost'
02-Dec-2024 22:38:23.227 INFO [http-nio-8080-exec-109] org.apache.catalina.core.ApplicationContext.log Manager: list: Listing contexts for virtual host 'localhost'
02-Dec-2024 22:38:23.233 INFO [http-nio-8080-exec-100] org.apache.catalina.core.ApplicationContext.log Manager: undeploy: Undeploying web application at '/mavenproject1'
02-Dec-2024 22:38:23.765 INFO [http-nio-8080-exec-109] org.apache.catalina.core.ApplicationContext.log Manager: install: Installing context configuration at 'file:/C:/Users/tobar/AppData/Local/Temp/context14974561918747849276.xml'
02-Dec-2024 22:38:25.367 INFO [http-nio-8080-exec-105] org.apache.catalina.core.ApplicationContext.log Manager: start: Starting web application '/mavenproject1'
02-Dec-2024 22:57:54.137 INFO [http-nio-8080-exec-113] org.apache.catalina.core.ApplicationContext.log Manager: list: Listing contexts for virtual host 'localhost'
02-Dec-2024 22:57:54.138 INFO [http-nio-8080-exec-114] org.apache.catalina.core.ApplicationContext.log Manager: list: Listing contexts for virtual host 'localhost'
02-Dec-2024 22:57:54.145 INFO [http-nio-8080-exec-115] org.apache.catalina.core.ApplicationContext.log Manager: undeploy: Undeploying web application at '/mavenproject1'
02-Dec-2024 22:57:54.671 INFO [http-nio-8080-exec-110] org.apache.catalina.core.ApplicationContext.log Manager: install: Installing context configuration at 'file:/C:/Users/tobar/AppData/Local/Temp/context8937763569491021899.xml'
02-Dec-2024 22:57:56.245 INFO [http-nio-8080-exec-112] org.apache.catalina.core.ApplicationContext.log Manager: start: Starting web application '/mavenproject1'
02-Dec-2024 22:59:58.713 INFO [http-nio-8080-exec-121] org.apache.catalina.core.ApplicationContext.log Manager: list: Listing contexts for virtual host 'localhost'
02-Dec-2024 22:59:58.717 INFO [http-nio-8080-exec-125] org.apache.catalina.core.ApplicationContext.log Manager: list: Listing contexts for virtual host 'localhost'
02-Dec-2024 22:59:58.722 INFO [http-nio-8080-exec-122] org.apache.catalina.core.ApplicationContext.log Manager: undeploy: Undeploying web application at '/mavenproject1'
02-Dec-2024 22:59:59.259 INFO [http-nio-8080-exec-126] org.apache.catalina.core.ApplicationContext.log Manager: install: Installing context configuration at 'file:/C:/Users/tobar/AppData/Local/Temp/context4198025045337637040.xml'
02-Dec-2024 23:00:00.580 INFO [http-nio-8080-exec-120] org.apache.catalina.core.ApplicationContext.log Manager: start: Starting web application '/mavenproject1'
02-Dec-2024 23:06:03.731 INFO [http-nio-8080-exec-135] org.apache.catalina.core.ApplicationContext.log Manager: list: Listing contexts for virtual host 'localhost'
02-Dec-2024 23:06:03.733 INFO [http-nio-8080-exec-132] org.apache.catalina.core.ApplicationContext.log Manager: list: Listing contexts for virtual host 'localhost'
02-Dec-2024 23:06:03.738 INFO [http-nio-8080-exec-136] org.apache.catalina.core.ApplicationContext.log Manager: undeploy: Undeploying web application at '/mavenproject1'
02-Dec-2024 23:06:04.261 INFO [http-nio-8080-exec-139] org.apache.catalina.core.ApplicationContext.log Manager: install: Installing context configuration at 'file:/C:/Users/tobar/AppData/Local/Temp/context16971336583047335930.xml'
02-Dec-2024 23:06:05.867 INFO [http-nio-8080-exec-135] org.apache.catalina.core.ApplicationContext.log Manager: start: Starting web application '/mavenproject1'
